\BOOKMARK [0][-]{chapter.1}{Introduction}{}% 1
\BOOKMARK [1][-]{section.1.1}{Project Background}{chapter.1}% 2
\BOOKMARK [1][-]{section.1.2}{Problem Statement}{chapter.1}% 3
\BOOKMARK [1][-]{section.1.3}{Application Requirements}{chapter.1}% 4
\BOOKMARK [2][-]{subsection.1.3.1}{Controlled Indoor Flight}{section.1.3}% 5
\BOOKMARK [2][-]{subsection.1.3.2}{Method of Expansion for Industrial Applications}{section.1.3}% 6
\BOOKMARK [1][-]{section.1.4}{Assumption and Limitations}{chapter.1}% 7
\BOOKMARK [2][-]{subsection.1.4.1}{Location Sensing}{section.1.4}% 8
\BOOKMARK [2][-]{subsection.1.4.2}{Route Planning Strategy}{section.1.4}% 9
\BOOKMARK [2][-]{subsection.1.4.3}{Modelling Errors}{section.1.4}% 10
\BOOKMARK [0][-]{chapter.2}{Literature Review}{}% 11
\BOOKMARK [1][-]{section.2.1}{Flight Theory}{chapter.2}% 12
\BOOKMARK [2][-]{subsection.2.1.1}{Fundamental Principles of Flow}{section.2.1}% 13
\BOOKMARK [2][-]{subsection.2.1.2}{Basic Rotor Theory}{section.2.1}% 14
\BOOKMARK [2][-]{subsection.2.1.3}{Momentum Theory and Thrust Basics}{section.2.1}% 15
\BOOKMARK [2][-]{subsection.2.1.4}{Disk and Power Loading}{section.2.1}% 16
\BOOKMARK [2][-]{subsection.2.1.5}{Electrical Power to Thrust}{section.2.1}% 17
\BOOKMARK [1][-]{section.2.2}{Analysis of Conventional Rotor Wing Configurations}{chapter.2}% 18
\BOOKMARK [2][-]{subsection.2.2.1}{Helicopter}{section.2.2}% 19
\BOOKMARK [2][-]{subsection.2.2.2}{Coaxial Rotors}{section.2.2}% 20
\BOOKMARK [2][-]{subsection.2.2.3}{Tandem Rotors}{section.2.2}% 21
\BOOKMARK [2][-]{subsection.2.2.4}{Multirotor Designs}{section.2.2}% 22
\BOOKMARK [2][-]{subsection.2.2.5}{Tilt Rotors}{section.2.2}% 23
\BOOKMARK [2][-]{subsection.2.2.6}{Discussion}{section.2.2}% 24
\BOOKMARK [1][-]{section.2.3}{Quadrotor Flight Dynamics}{chapter.2}% 25
\BOOKMARK [2][-]{subsection.2.3.1}{Coordinate Systems, Rotations and Nomenclature}{section.2.3}% 26
\BOOKMARK [2][-]{subsection.2.3.2}{Kinetics and Kinematics}{section.2.3}% 27
\BOOKMARK [2][-]{subsection.2.3.3}{Mass Model and the Inertia Tensor}{section.2.3}% 28
\BOOKMARK [2][-]{subsection.2.3.4}{Rotor Generated Forces and Moments}{section.2.3}% 29
\BOOKMARK [2][-]{subsection.2.3.5}{Disturbances}{section.2.3}% 30
\BOOKMARK [2][-]{subsection.2.3.6}{Instrumentation}{section.2.3}% 31
\BOOKMARK [1][-]{section.2.4}{Collision Protection Techniques}{chapter.2}% 32
\BOOKMARK [2][-]{subsection.2.4.1}{Impact Resistance}{section.2.4}% 33
\BOOKMARK [2][-]{subsection.2.4.2}{Rolling Cage}{section.2.4}% 34
\BOOKMARK [1][-]{section.2.5}{Review of Existing Flight Control Strategies}{chapter.2}% 35
\BOOKMARK [2][-]{subsection.2.5.1}{Controller Architecture}{section.2.5}% 36
\BOOKMARK [2][-]{subsection.2.5.2}{Controller Implementation}{section.2.5}% 37
\BOOKMARK [1][-]{section.2.6}{Collision Avoidance Techniques}{chapter.2}% 38
\BOOKMARK [2][-]{subsection.2.6.1}{Sensing Techniques and Requirements}{section.2.6}% 39
\BOOKMARK [2][-]{subsection.2.6.2}{Collision Avoidance Algorithms}{section.2.6}% 40
\BOOKMARK [0][-]{chapter.3}{Platform Design}{}% 41
\BOOKMARK [1][-]{section.3.1}{System Hardware Architecture}{chapter.3}% 42
\BOOKMARK [2][-]{subsection.3.1.1}{Platform Construction}{section.3.1}% 43
\BOOKMARK [2][-]{subsection.3.1.2}{Electronics Interface}{section.3.1}% 44
\BOOKMARK [1][-]{section.3.2}{Platform Construction}{chapter.3}% 45
\BOOKMARK [2][-]{subsection.3.2.1}{Design Considerations}{section.3.2}% 46
\BOOKMARK [2][-]{subsection.3.2.2}{Chosen Concepts}{section.3.2}% 47
\BOOKMARK [2][-]{subsection.3.2.3}{Concept Comparison}{section.3.2}% 48
\BOOKMARK [1][-]{section.3.3}{Electronic Design}{chapter.3}% 49
\BOOKMARK [2][-]{subsection.3.3.1}{Flight Controller}{section.3.3}% 50
\BOOKMARK [2][-]{subsection.3.3.2}{On Board Computer}{section.3.3}% 51
\BOOKMARK [2][-]{subsection.3.3.3}{Location}{section.3.3}% 52
\BOOKMARK [2][-]{subsection.3.3.4}{Object Avoidance}{section.3.3}% 53
\BOOKMARK [0][-]{chapter.4}{Mathematical Modelling and System Identification}{}% 54
\BOOKMARK [1][-]{section.4.1}{Dynamic Flight Model}{chapter.4}% 55
\BOOKMARK [1][-]{section.4.2}{System Identification}{chapter.4}% 56
\BOOKMARK [2][-]{subsection.4.2.1}{Mass and Inertia}{section.4.2}% 57
\BOOKMARK [2][-]{subsection.4.2.2}{Thrust and Moment Profiles}{section.4.2}% 58
\BOOKMARK [2][-]{subsection.4.2.3}{Drag Coefficients}{section.4.2}% 59
\BOOKMARK [2][-]{subsection.4.2.4}{Sensor Constants}{section.4.2}% 60
\BOOKMARK [2][-]{subsection.4.2.5}{Wind Model}{section.4.2}% 61
\BOOKMARK [1][-]{section.4.3}{Simulation Configuration}{chapter.4}% 62
\BOOKMARK [2][-]{subsection.4.3.1}{Motor Mixer}{section.4.3}% 63
\BOOKMARK [0][-]{chapter.5}{Controller Design}{}% 64
\BOOKMARK [1][-]{section.5.1}{Design Goals}{chapter.5}% 65
\BOOKMARK [1][-]{section.5.2}{Flight Control Strategy}{chapter.5}% 66
\BOOKMARK [1][-]{section.5.3}{Altitude Controller}{chapter.5}% 67
\BOOKMARK [2][-]{subsection.5.3.1}{Heave Dynamics}{section.5.3}% 68
\BOOKMARK [2][-]{subsection.5.3.2}{Heave Controller}{section.5.3}% 69
\BOOKMARK [2][-]{subsection.5.3.3}{Climb Rate Controller}{section.5.3}% 70
\BOOKMARK [2][-]{subsection.5.3.4}{Altitude Hold Controller}{section.5.3}% 71
\BOOKMARK [1][-]{section.5.4}{Horizontal Control}{chapter.5}% 72
\BOOKMARK [2][-]{subsection.5.4.1}{Roll and Pitch Rate Dynamics}{section.5.4}% 73
\BOOKMARK [2][-]{subsection.5.4.2}{Roll and Pitch Rate Controllers}{section.5.4}% 74
\BOOKMARK [2][-]{subsection.5.4.3}{Tilt Angle Controller}{section.5.4}% 75
\BOOKMARK [2][-]{subsection.5.4.4}{Linear Velocity Control}{section.5.4}% 76
\BOOKMARK [2][-]{subsection.5.4.5}{Global Position Tracking Control}{section.5.4}% 77
\BOOKMARK [1][-]{section.5.5}{Heading Controller}{chapter.5}% 78
\BOOKMARK [2][-]{subsection.5.5.1}{Yaw Rate Dynamics}{section.5.5}% 79
\BOOKMARK [2][-]{subsection.5.5.2}{Yaw Rate Controller}{section.5.5}% 80
\BOOKMARK [2][-]{subsection.5.5.3}{Yaw Angle Controller}{section.5.5}% 81
\BOOKMARK [0][-]{chapter.6}{Flight Strategy and Obstacle Avoidance}{}% 82
\BOOKMARK [1][-]{section.6.1}{Flight Strategy}{chapter.6}% 83
\BOOKMARK [2][-]{subsection.6.1.1}{Waypoint Generation}{section.6.1}% 84
\BOOKMARK [2][-]{subsection.6.1.2}{Yaw Alignment}{section.6.1}% 85
\BOOKMARK [2][-]{subsection.6.1.3}{Yaw Alignment Discussion}{section.6.1}% 86
\BOOKMARK [1][-]{section.6.2}{Obstacle Avoidance}{chapter.6}% 87
\BOOKMARK [2][-]{subsection.6.2.1}{Mathematical modelling}{section.6.2}% 88
\BOOKMARK [2][-]{subsection.6.2.2}{Obstacle Avoidance Methodology}{section.6.2}% 89
\BOOKMARK [2][-]{subsection.6.2.3}{Obstacle Avoidance Discussion}{section.6.2}% 90
\BOOKMARK [0][-]{chapter.7}{Simulated Flight Tests}{}% 91
\BOOKMARK [1][-]{section.7.1}{Aims and Objectives}{chapter.7}% 92
\BOOKMARK [1][-]{section.7.2}{Hypotheses}{chapter.7}% 93
\BOOKMARK [1][-]{section.7.3}{Testing Methodology}{chapter.7}% 94
\BOOKMARK [1][-]{section.7.4}{Results}{chapter.7}% 95
\BOOKMARK [1][-]{section.7.5}{Discussion}{chapter.7}% 96
\BOOKMARK [0][-]{chapter.8}{Conclusions and Recommendations}{}% 97
\BOOKMARK [1][-]{section.8.1}{Summary and Conclusions}{chapter.8}% 98
\BOOKMARK [1][-]{section.8.2}{Recommendations}{chapter.8}% 99
