This is pdfTeX, Version 3.14159265-2.6-1.40.17 (MiKTeX 2.9 64-bit) (preloaded format=pdflatex 2016.8.31)  28 NOV 2018 21:47
entering extended mode
**"./Angus Steele.tex"
("Angus Steele.tex"
LaTeX2e <2016/03/31> patch level 1
Babel <3.9r> and hyphenation patterns for 75 language(s) loaded.
("C:\Program Files\MiKTeX 2.9\tex\latex\base\report.cls"
Document Class: report 2014/09/29 v1.4h Standard LaTeX document class
("C:\Program Files\MiKTeX 2.9\tex\latex\base\size12.clo"
File: size12.clo 2014/09/29 v1.4h Standard LaTeX file (size option)
)
\c@part=\count79
\c@chapter=\count80
\c@section=\count81
\c@subsection=\count82
\c@subsubsection=\count83
\c@paragraph=\count84
\c@subparagraph=\count85
\c@figure=\count86
\c@table=\count87
\abovecaptionskip=\skip41
\belowcaptionskip=\skip42
\bibindent=\dimen102
)
("C:\Program Files\MiKTeX 2.9\tex\latex\amsmath\amsmath.sty"
Package: amsmath 2016/03/10 v2.15b AMS math features
\@mathmargin=\skip43

For additional information on amsmath, use the `?' option.
("C:\Program Files\MiKTeX 2.9\tex\latex\amsmath\amstext.sty"
Package: amstext 2000/06/29 v2.01 AMS text

("C:\Program Files\MiKTeX 2.9\tex\latex\amsmath\amsgen.sty"
File: amsgen.sty 1999/11/30 v2.0 generic functions
\@emptytoks=\toks14
\ex@=\dimen103
))
("C:\Program Files\MiKTeX 2.9\tex\latex\amsmath\amsbsy.sty"
Package: amsbsy 1999/11/29 v1.2d Bold Symbols
\pmbraise@=\dimen104
)
("C:\Program Files\MiKTeX 2.9\tex\latex\amsmath\amsopn.sty"
Package: amsopn 2016/03/08 v2.02 operator names
)
\inf@bad=\count88
LaTeX Info: Redefining \frac on input line 199.
\uproot@=\count89
\leftroot@=\count90
LaTeX Info: Redefining \overline on input line 297.
\classnum@=\count91
\DOTSCASE@=\count92
LaTeX Info: Redefining \ldots on input line 394.
LaTeX Info: Redefining \dots on input line 397.
LaTeX Info: Redefining \cdots on input line 518.
\Mathstrutbox@=\box26
\strutbox@=\box27
\big@size=\dimen105
LaTeX Font Info:    Redeclaring font encoding OML on input line 634.
LaTeX Font Info:    Redeclaring font encoding OMS on input line 635.
\macc@depth=\count93
\c@MaxMatrixCols=\count94
\dotsspace@=\muskip10
\c@parentequation=\count95
\dspbrk@lvl=\count96
\tag@help=\toks15
\row@=\count97
\column@=\count98
\maxfields@=\count99
\andhelp@=\toks16
\eqnshift@=\dimen106
\alignsep@=\dimen107
\tagshift@=\dimen108
\tagwidth@=\dimen109
\totwidth@=\dimen110
\lineht@=\dimen111
\@envbody=\toks17
\multlinegap=\skip44
\multlinetaggap=\skip45
\mathdisplay@stack=\toks18
LaTeX Info: Redefining \[ on input line 2739.
LaTeX Info: Redefining \] on input line 2740.
)
("C:\Program Files\MiKTeX 2.9\tex\latex\amsfonts\amsfonts.sty"
Package: amsfonts 2013/01/14 v3.01 Basic AMSFonts support
\symAMSa=\mathgroup4
\symAMSb=\mathgroup5
LaTeX Font Info:    Overwriting math alphabet `\mathfrak' in version `bold'
(Font)                  U/euf/m/n --> U/euf/b/n on input line 106.
)
("C:\Program Files\MiKTeX 2.9\tex\latex\amsfonts\amssymb.sty"
Package: amssymb 2013/01/14 v3.01 AMS font symbols
)
("C:\Program Files\MiKTeX 2.9\tex\latex\base\textcomp.sty"
Package: textcomp 2005/09/27 v1.99g Standard LaTeX package
Package textcomp Info: Sub-encoding information:
(textcomp)               5 = only ISO-Adobe without \textcurrency
(textcomp)               4 = 5 + \texteuro
(textcomp)               3 = 4 + \textohm
(textcomp)               2 = 3 + \textestimated + \textcurrency
(textcomp)               1 = TS1 - \textcircled - \t
(textcomp)               0 = TS1 (full)
(textcomp)             Font families with sub-encoding setting implement
(textcomp)             only a restricted character set as indicated.
(textcomp)             Family '?' is the default used for unknown fonts.
(textcomp)             See the documentation for details.
Package textcomp Info: Setting ? sub-encoding to TS1/1 on input line 79.

("C:\Program Files\MiKTeX 2.9\tex\latex\base\ts1enc.def"
File: ts1enc.def 2001/06/05 v3.0e (jk/car/fm) Standard LaTeX file
)
LaTeX Info: Redefining \oldstylenums on input line 334.
Package textcomp Info: Setting cmr sub-encoding to TS1/0 on input line 349.
Package textcomp Info: Setting cmss sub-encoding to TS1/0 on input line 350.
Package textcomp Info: Setting cmtt sub-encoding to TS1/0 on input line 351.
Package textcomp Info: Setting cmvtt sub-encoding to TS1/0 on input line 352.
Package textcomp Info: Setting cmbr sub-encoding to TS1/0 on input line 353.
Package textcomp Info: Setting cmtl sub-encoding to TS1/0 on input line 354.
Package textcomp Info: Setting ccr sub-encoding to TS1/0 on input line 355.
Package textcomp Info: Setting ptm sub-encoding to TS1/4 on input line 356.
Package textcomp Info: Setting pcr sub-encoding to TS1/4 on input line 357.
Package textcomp Info: Setting phv sub-encoding to TS1/4 on input line 358.
Package textcomp Info: Setting ppl sub-encoding to TS1/3 on input line 359.
Package textcomp Info: Setting pag sub-encoding to TS1/4 on input line 360.
Package textcomp Info: Setting pbk sub-encoding to TS1/4 on input line 361.
Package textcomp Info: Setting pnc sub-encoding to TS1/4 on input line 362.
Package textcomp Info: Setting pzc sub-encoding to TS1/4 on input line 363.
Package textcomp Info: Setting bch sub-encoding to TS1/4 on input line 364.
Package textcomp Info: Setting put sub-encoding to TS1/5 on input line 365.
Package textcomp Info: Setting uag sub-encoding to TS1/5 on input line 366.
Package textcomp Info: Setting ugq sub-encoding to TS1/5 on input line 367.
Package textcomp Info: Setting ul8 sub-encoding to TS1/4 on input line 368.
Package textcomp Info: Setting ul9 sub-encoding to TS1/4 on input line 369.
Package textcomp Info: Setting augie sub-encoding to TS1/5 on input line 370.
Package textcomp Info: Setting dayrom sub-encoding to TS1/3 on input line 371.
Package textcomp Info: Setting dayroms sub-encoding to TS1/3 on input line 372.

Package textcomp Info: Setting pxr sub-encoding to TS1/0 on input line 373.
Package textcomp Info: Setting pxss sub-encoding to TS1/0 on input line 374.
Package textcomp Info: Setting pxtt sub-encoding to TS1/0 on input line 375.
Package textcomp Info: Setting txr sub-encoding to TS1/0 on input line 376.
Package textcomp Info: Setting txss sub-encoding to TS1/0 on input line 377.
Package textcomp Info: Setting txtt sub-encoding to TS1/0 on input line 378.
Package textcomp Info: Setting lmr sub-encoding to TS1/0 on input line 379.
Package textcomp Info: Setting lmdh sub-encoding to TS1/0 on input line 380.
Package textcomp Info: Setting lmss sub-encoding to TS1/0 on input line 381.
Package textcomp Info: Setting lmssq sub-encoding to TS1/0 on input line 382.
Package textcomp Info: Setting lmvtt sub-encoding to TS1/0 on input line 383.
Package textcomp Info: Setting lmtt sub-encoding to TS1/0 on input line 384.
Package textcomp Info: Setting qhv sub-encoding to TS1/0 on input line 385.
Package textcomp Info: Setting qag sub-encoding to TS1/0 on input line 386.
Package textcomp Info: Setting qbk sub-encoding to TS1/0 on input line 387.
Package textcomp Info: Setting qcr sub-encoding to TS1/0 on input line 388.
Package textcomp Info: Setting qcs sub-encoding to TS1/0 on input line 389.
Package textcomp Info: Setting qpl sub-encoding to TS1/0 on input line 390.
Package textcomp Info: Setting qtm sub-encoding to TS1/0 on input line 391.
Package textcomp Info: Setting qzc sub-encoding to TS1/0 on input line 392.
Package textcomp Info: Setting qhvc sub-encoding to TS1/0 on input line 393.
Package textcomp Info: Setting futs sub-encoding to TS1/4 on input line 394.
Package textcomp Info: Setting futx sub-encoding to TS1/4 on input line 395.
Package textcomp Info: Setting futj sub-encoding to TS1/4 on input line 396.
Package textcomp Info: Setting hlh sub-encoding to TS1/3 on input line 397.
Package textcomp Info: Setting hls sub-encoding to TS1/3 on input line 398.
Package textcomp Info: Setting hlst sub-encoding to TS1/3 on input line 399.
Package textcomp Info: Setting hlct sub-encoding to TS1/5 on input line 400.
Package textcomp Info: Setting hlx sub-encoding to TS1/5 on input line 401.
Package textcomp Info: Setting hlce sub-encoding to TS1/5 on input line 402.
Package textcomp Info: Setting hlcn sub-encoding to TS1/5 on input line 403.
Package textcomp Info: Setting hlcw sub-encoding to TS1/5 on input line 404.
Package textcomp Info: Setting hlcf sub-encoding to TS1/5 on input line 405.
Package textcomp Info: Setting pplx sub-encoding to TS1/3 on input line 406.
Package textcomp Info: Setting pplj sub-encoding to TS1/3 on input line 407.
Package textcomp Info: Setting ptmx sub-encoding to TS1/4 on input line 408.
Package textcomp Info: Setting ptmj sub-encoding to TS1/4 on input line 409.
)
("C:\Program Files\MiKTeX 2.9\tex\latex\graphics\graphicx.sty"
Package: graphicx 2014/10/28 v1.0g Enhanced LaTeX Graphics (DPC,SPQR)

("C:\Program Files\MiKTeX 2.9\tex\latex\graphics\keyval.sty"
Package: keyval 2014/10/28 v1.15 key=value parser (DPC)
\KV@toks@=\toks19
)
("C:\Program Files\MiKTeX 2.9\tex\latex\graphics\graphics.sty"
Package: graphics 2016/06/02 v1.0s Standard LaTeX Graphics (DPC,SPQR)

("C:\Program Files\MiKTeX 2.9\tex\latex\graphics\trig.sty"
Package: trig 2016/01/03 v1.10 sin cos tan (DPC)
)
("C:\Program Files\MiKTeX 2.9\tex\latex\00miktex\graphics.cfg"
File: graphics.cfg 2016/06/04 v1.11 sample graphics configuration
)
Package graphics Info: Driver file: pdftex.def on input line 99.

("C:\Program Files\MiKTeX 2.9\tex\latex\pdftex-def\pdftex.def"
File: pdftex.def 2016/06/17 v0.06h Graphics/color for pdfTeX

("C:\Program Files\MiKTeX 2.9\tex\generic\oberdiek\infwarerr.sty"
Package: infwarerr 2016/05/16 v1.4 Providing info/warning/error messages (HO)
)
("C:\Program Files\MiKTeX 2.9\tex\generic\oberdiek\ltxcmds.sty"
Package: ltxcmds 2016/05/16 v1.23 LaTeX kernel commands for general use (HO)
)
\Gread@gobject=\count100
))
\Gin@req@height=\dimen112
\Gin@req@width=\dimen113
)
("C:\Program Files\MiKTeX 2.9\tex\latex\float\float.sty"
Package: float 2001/11/08 v1.3d Float enhancements (AL)
\c@float@type=\count101
\float@exts=\toks20
\float@box=\box28
\@float@everytoks=\toks21
\@floatcapt=\box29
)
("C:\Program Files\MiKTeX 2.9\tex\latex\hyperref\hyperref.sty"
Package: hyperref 2016/05/21 v6.83p Hypertext links for LaTeX

("C:\Program Files\MiKTeX 2.9\tex\generic\oberdiek\hobsub-hyperref.sty"
Package: hobsub-hyperref 2016/05/16 v1.14 Bundle oberdiek, subset hyperref (HO)


("C:\Program Files\MiKTeX 2.9\tex\generic\oberdiek\hobsub-generic.sty"
Package: hobsub-generic 2016/05/16 v1.14 Bundle oberdiek, subset generic (HO)
Package: hobsub 2016/05/16 v1.14 Construct package bundles (HO)
Package hobsub Info: Skipping package `infwarerr' (already loaded).
Package hobsub Info: Skipping package `ltxcmds' (already loaded).
Package: ifluatex 2016/05/16 v1.4 Provides the ifluatex switch (HO)
Package ifluatex Info: LuaTeX not detected.
Package: ifvtex 2016/05/16 v1.6 Detect VTeX and its facilities (HO)
Package ifvtex Info: VTeX not detected.
Package: intcalc 2016/05/16 v1.2 Expandable calculations with integers (HO)
Package: ifpdf 2016/05/14 v3.1 Provides the ifpdf switch
Package: etexcmds 2016/05/16 v1.6 Avoid name clashes with e-TeX commands (HO)
Package etexcmds Info: Could not find \expanded.
(etexcmds)             That can mean that you are not using pdfTeX 1.50 or
(etexcmds)             that some package has redefined \expanded.
(etexcmds)             In the latter case, load this package earlier.
Package: kvsetkeys 2016/05/16 v1.17 Key value parser (HO)
Package: kvdefinekeys 2016/05/16 v1.4 Define keys (HO)
Package: pdftexcmds 2016/05/21 v0.22 Utility functions of pdfTeX for LuaTeX (HO
)
Package pdftexcmds Info: LuaTeX not detected.
Package pdftexcmds Info: \pdf@primitive is available.
Package pdftexcmds Info: \pdf@ifprimitive is available.
Package pdftexcmds Info: \pdfdraftmode found.
Package: pdfescape 2016/05/16 v1.14 Implements pdfTeX's escape features (HO)
Package: bigintcalc 2016/05/16 v1.4 Expandable calculations on big integers (HO
)
Package: bitset 2016/05/16 v1.2 Handle bit-vector datatype (HO)
Package: uniquecounter 2016/05/16 v1.3 Provide unlimited unique counter (HO)
)
Package hobsub Info: Skipping package `hobsub' (already loaded).
Package: letltxmacro 2016/05/16 v1.5 Let assignment for LaTeX macros (HO)
Package: hopatch 2016/05/16 v1.3 Wrapper for package hooks (HO)
Package: xcolor-patch 2016/05/16 xcolor patch
Package: atveryend 2016/05/16 v1.9 Hooks at the very end of document (HO)
Package atveryend Info: \enddocument detected (standard20110627).
Package: atbegshi 2016/06/09 v1.18 At begin shipout hook (HO)
Package: refcount 2016/05/16 v3.5 Data extraction from label references (HO)
Package: hycolor 2016/05/16 v1.8 Color options for hyperref/bookmark (HO)
)
("C:\Program Files\MiKTeX 2.9\tex\generic\ifxetex\ifxetex.sty"
Package: ifxetex 2010/09/12 v0.6 Provides ifxetex conditional
)
("C:\Program Files\MiKTeX 2.9\tex\latex\oberdiek\auxhook.sty"
Package: auxhook 2016/05/16 v1.4 Hooks for auxiliary files (HO)
)
("C:\Program Files\MiKTeX 2.9\tex\latex\oberdiek\kvoptions.sty"
Package: kvoptions 2016/05/16 v3.12 Key value format for package options (HO)
)
\@linkdim=\dimen114
\Hy@linkcounter=\count102
\Hy@pagecounter=\count103

("C:\Program Files\MiKTeX 2.9\tex\latex\hyperref\pd1enc.def"
File: pd1enc.def 2016/05/21 v6.83p Hyperref: PDFDocEncoding definition (HO)
)
\Hy@SavedSpaceFactor=\count104

("C:\Program Files\MiKTeX 2.9\tex\latex\00miktex\hyperref.cfg"
File: hyperref.cfg 2002/06/06 v1.2 hyperref configuration of TeXLive
)
Package hyperref Info: Hyper figures OFF on input line 4486.
Package hyperref Info: Link nesting OFF on input line 4491.
Package hyperref Info: Hyper index ON on input line 4494.
Package hyperref Info: Plain pages OFF on input line 4501.
Package hyperref Info: Backreferencing OFF on input line 4506.
Package hyperref Info: Implicit mode ON; LaTeX internals redefined.
Package hyperref Info: Bookmarks ON on input line 4735.
\c@Hy@tempcnt=\count105

("C:\Program Files\MiKTeX 2.9\tex\latex\url\url.sty"
\Urlmuskip=\muskip11
Package: url 2013/09/16  ver 3.4  Verb mode for urls, etc.
)
LaTeX Info: Redefining \url on input line 5088.
\XeTeXLinkMargin=\dimen115
\Fld@menulength=\count106
\Field@Width=\dimen116
\Fld@charsize=\dimen117
Package hyperref Info: Hyper figures OFF on input line 6342.
Package hyperref Info: Link nesting OFF on input line 6347.
Package hyperref Info: Hyper index ON on input line 6350.
Package hyperref Info: backreferencing OFF on input line 6357.
Package hyperref Info: Link coloring OFF on input line 6362.
Package hyperref Info: Link coloring with OCG OFF on input line 6367.
Package hyperref Info: PDF/A mode OFF on input line 6372.
LaTeX Info: Redefining \ref on input line 6412.
LaTeX Info: Redefining \pageref on input line 6416.
\Hy@abspage=\count107
\c@Item=\count108
\c@Hfootnote=\count109
)

Package hyperref Message: Driver (autodetected): hpdftex.

("C:\Program Files\MiKTeX 2.9\tex\latex\hyperref\hpdftex.def"
File: hpdftex.def 2016/05/21 v6.83p Hyperref driver for pdfTeX
\Fld@listcount=\count110
\c@bookmark@seq@number=\count111

("C:\Program Files\MiKTeX 2.9\tex\latex\oberdiek\rerunfilecheck.sty"
Package: rerunfilecheck 2016/05/16 v1.8 Rerun checks for auxiliary files (HO)
Package uniquecounter Info: New unique counter `rerunfilecheck' on input line 2
82.
)
\Hy@SectionHShift=\skip46
)
("C:\Program Files\MiKTeX 2.9\tex\latex\geometry\geometry.sty"
Package: geometry 2010/09/12 v5.6 Page Geometry
\Gm@cnth=\count112
\Gm@cntv=\count113
\c@Gm@tempcnt=\count114
\Gm@bindingoffset=\dimen118
\Gm@wd@mp=\dimen119
\Gm@odd@mp=\dimen120
\Gm@even@mp=\dimen121
\Gm@layoutwidth=\dimen122
\Gm@layoutheight=\dimen123
\Gm@layouthoffset=\dimen124
\Gm@layoutvoffset=\dimen125
\Gm@dimlist=\toks22

("C:\Program Files\MiKTeX 2.9\tex\latex\geometry\geometry.cfg"))
(C:\Users\GusBus\AppData\Roaming\MiKTeX\2.9\tex\latex\todonotes\todonotes.sty
Package: todonotes 2015/07/09 .dtx Todonotes source and documentation.
Package: todonotes 2012/07/25

("C:\Program Files\MiKTeX 2.9\tex\latex\base\ifthen.sty"
Package: ifthen 2014/09/29 v1.1c Standard LaTeX ifthen package (DPC)
)
("C:\Program Files\MiKTeX 2.9\tex\latex\xkeyval\xkeyval.sty"
Package: xkeyval 2014/12/03 v2.7a package option processing (HA)

("C:\Program Files\MiKTeX 2.9\tex\generic\xkeyval\xkeyval.tex"
("C:\Program Files\MiKTeX 2.9\tex\generic\xkeyval\xkvutils.tex"
\XKV@toks=\toks23
\XKV@tempa@toks=\toks24
)
\XKV@depth=\count115
File: xkeyval.tex 2014/12/03 v2.7a key=value parser (HA)
))
("C:\Program Files\MiKTeX 2.9\tex\latex\xcolor\xcolor.sty"
Package: xcolor 2016/05/11 v2.12 LaTeX color extensions (UK)

("C:\Program Files\MiKTeX 2.9\tex\latex\00miktex\color.cfg"
File: color.cfg 2016/01/02 v1.6 sample color configuration
)
Package xcolor Info: Driver file: pdftex.def on input line 225.
Package xcolor Info: Model `cmy' substituted by `cmy0' on input line 1348.
Package xcolor Info: Model `hsb' substituted by `rgb' on input line 1352.
Package xcolor Info: Model `RGB' extended on input line 1364.
Package xcolor Info: Model `HTML' substituted by `rgb' on input line 1366.
Package xcolor Info: Model `Hsb' substituted by `hsb' on input line 1367.
Package xcolor Info: Model `tHsb' substituted by `hsb' on input line 1368.
Package xcolor Info: Model `HSB' substituted by `hsb' on input line 1369.
Package xcolor Info: Model `Gray' substituted by `gray' on input line 1370.
Package xcolor Info: Model `wave' substituted by `hsb' on input line 1371.
)
("C:\Program Files\MiKTeX 2.9\tex\latex\pgf\frontendlayer\tikz.sty"
("C:\Program Files\MiKTeX 2.9\tex\latex\pgf\basiclayer\pgf.sty"
("C:\Program Files\MiKTeX 2.9\tex\latex\pgf\utilities\pgfrcs.sty"
("C:\Program Files\MiKTeX 2.9\tex\generic\pgf\utilities\pgfutil-common.tex"
\pgfutil@everybye=\toks25
\pgfutil@tempdima=\dimen126
\pgfutil@tempdimb=\dimen127

("C:\Program Files\MiKTeX 2.9\tex\generic\pgf\utilities\pgfutil-common-lists.te
x")) ("C:\Program Files\MiKTeX 2.9\tex\generic\pgf\utilities\pgfutil-latex.def"
\pgfutil@abb=\box30
("C:\Program Files\MiKTeX 2.9\tex\latex\ms\everyshi.sty"
Package: everyshi 2001/05/15 v3.00 EveryShipout Package (MS)
))
("C:\Program Files\MiKTeX 2.9\tex\generic\pgf\utilities\pgfrcs.code.tex"
Package: pgfrcs 2015/08/07 v3.0.1a (rcs-revision 1.31)
))
Package: pgf 2015/08/07 v3.0.1a (rcs-revision 1.15)

("C:\Program Files\MiKTeX 2.9\tex\latex\pgf\basiclayer\pgfcore.sty"
("C:\Program Files\MiKTeX 2.9\tex\latex\pgf\systemlayer\pgfsys.sty"
("C:\Program Files\MiKTeX 2.9\tex\generic\pgf\systemlayer\pgfsys.code.tex"
Package: pgfsys 2014/07/09 v3.0.1a (rcs-revision 1.48)

("C:\Program Files\MiKTeX 2.9\tex\generic\pgf\utilities\pgfkeys.code.tex"
\pgfkeys@pathtoks=\toks26
\pgfkeys@temptoks=\toks27

("C:\Program Files\MiKTeX 2.9\tex\generic\pgf\utilities\pgfkeysfiltered.code.te
x"
\pgfkeys@tmptoks=\toks28
))
\pgf@x=\dimen128
\pgf@y=\dimen129
\pgf@xa=\dimen130
\pgf@ya=\dimen131
\pgf@xb=\dimen132
\pgf@yb=\dimen133
\pgf@xc=\dimen134
\pgf@yc=\dimen135
\w@pgf@writea=\write3
\r@pgf@reada=\read1
\c@pgf@counta=\count116
\c@pgf@countb=\count117
\c@pgf@countc=\count118
\c@pgf@countd=\count119
\t@pgf@toka=\toks29
\t@pgf@tokb=\toks30
\t@pgf@tokc=\toks31
 ("C:\Program Files\MiKTeX 2.9\tex\generic\pgf\systemlayer\pgf.cfg"
File: pgf.cfg 2008/05/14  (rcs-revision 1.7)
)
Driver file for pgf: pgfsys-pdftex.def

("C:\Program Files\MiKTeX 2.9\tex\generic\pgf\systemlayer\pgfsys-pdftex.def"
File: pgfsys-pdftex.def 2014/10/11  (rcs-revision 1.35)

("C:\Program Files\MiKTeX 2.9\tex\generic\pgf\systemlayer\pgfsys-common-pdf.def
"
File: pgfsys-common-pdf.def 2013/10/10  (rcs-revision 1.13)
)))
("C:\Program Files\MiKTeX 2.9\tex\generic\pgf\systemlayer\pgfsyssoftpath.code.t
ex"
File: pgfsyssoftpath.code.tex 2013/09/09  (rcs-revision 1.9)
\pgfsyssoftpath@smallbuffer@items=\count120
\pgfsyssoftpath@bigbuffer@items=\count121
)
("C:\Program Files\MiKTeX 2.9\tex\generic\pgf\systemlayer\pgfsysprotocol.code.t
ex"
File: pgfsysprotocol.code.tex 2006/10/16  (rcs-revision 1.4)
)) ("C:\Program Files\MiKTeX 2.9\tex\generic\pgf\basiclayer\pgfcore.code.tex"
Package: pgfcore 2010/04/11 v3.0.1a (rcs-revision 1.7)
 ("C:\Program Files\MiKTeX 2.9\tex\generic\pgf\math\pgfmath.code.tex"
("C:\Program Files\MiKTeX 2.9\tex\generic\pgf\math\pgfmathcalc.code.tex"
("C:\Program Files\MiKTeX 2.9\tex\generic\pgf\math\pgfmathutil.code.tex")
("C:\Program Files\MiKTeX 2.9\tex\generic\pgf\math\pgfmathparser.code.tex"
\pgfmath@dimen=\dimen136
\pgfmath@count=\count122
\pgfmath@box=\box31
\pgfmath@toks=\toks32
\pgfmath@stack@operand=\toks33
\pgfmath@stack@operation=\toks34
)
("C:\Program Files\MiKTeX 2.9\tex\generic\pgf\math\pgfmathfunctions.code.tex"
("C:\Program Files\MiKTeX 2.9\tex\generic\pgf\math\pgfmathfunctions.basic.code.
tex")
("C:\Program Files\MiKTeX 2.9\tex\generic\pgf\math\pgfmathfunctions.trigonometr
ic.code.tex")
("C:\Program Files\MiKTeX 2.9\tex\generic\pgf\math\pgfmathfunctions.random.code
.tex")
("C:\Program Files\MiKTeX 2.9\tex\generic\pgf\math\pgfmathfunctions.comparison.
code.tex")
("C:\Program Files\MiKTeX 2.9\tex\generic\pgf\math\pgfmathfunctions.base.code.t
ex")
("C:\Program Files\MiKTeX 2.9\tex\generic\pgf\math\pgfmathfunctions.round.code.
tex")
("C:\Program Files\MiKTeX 2.9\tex\generic\pgf\math\pgfmathfunctions.misc.code.t
ex")
("C:\Program Files\MiKTeX 2.9\tex\generic\pgf\math\pgfmathfunctions.integerarit
hmetics.code.tex")))
("C:\Program Files\MiKTeX 2.9\tex\generic\pgf\math\pgfmathfloat.code.tex"
\c@pgfmathroundto@lastzeros=\count123
))
("C:\Program Files\MiKTeX 2.9\tex\generic\pgf\basiclayer\pgfcorepoints.code.tex
"
File: pgfcorepoints.code.tex 2013/10/07  (rcs-revision 1.27)
\pgf@picminx=\dimen137
\pgf@picmaxx=\dimen138
\pgf@picminy=\dimen139
\pgf@picmaxy=\dimen140
\pgf@pathminx=\dimen141
\pgf@pathmaxx=\dimen142
\pgf@pathminy=\dimen143
\pgf@pathmaxy=\dimen144
\pgf@xx=\dimen145
\pgf@xy=\dimen146
\pgf@yx=\dimen147
\pgf@yy=\dimen148
\pgf@zx=\dimen149
\pgf@zy=\dimen150
)
("C:\Program Files\MiKTeX 2.9\tex\generic\pgf\basiclayer\pgfcorepathconstruct.c
ode.tex"
File: pgfcorepathconstruct.code.tex 2013/10/07  (rcs-revision 1.29)
\pgf@path@lastx=\dimen151
\pgf@path@lasty=\dimen152
)
("C:\Program Files\MiKTeX 2.9\tex\generic\pgf\basiclayer\pgfcorepathusage.code.
tex"
File: pgfcorepathusage.code.tex 2014/11/02  (rcs-revision 1.24)
\pgf@shorten@end@additional=\dimen153
\pgf@shorten@start@additional=\dimen154
)
("C:\Program Files\MiKTeX 2.9\tex\generic\pgf\basiclayer\pgfcorescopes.code.tex
"
File: pgfcorescopes.code.tex 2015/05/08  (rcs-revision 1.46)
\pgfpic=\box32
\pgf@hbox=\box33
\pgf@layerbox@main=\box34
\pgf@picture@serial@count=\count124
)
("C:\Program Files\MiKTeX 2.9\tex\generic\pgf\basiclayer\pgfcoregraphicstate.co
de.tex"
File: pgfcoregraphicstate.code.tex 2014/11/02  (rcs-revision 1.12)
\pgflinewidth=\dimen155
)
("C:\Program Files\MiKTeX 2.9\tex\generic\pgf\basiclayer\pgfcoretransformations
.code.tex"
File: pgfcoretransformations.code.tex 2015/08/07  (rcs-revision 1.20)
\pgf@pt@x=\dimen156
\pgf@pt@y=\dimen157
\pgf@pt@temp=\dimen158
)
("C:\Program Files\MiKTeX 2.9\tex\generic\pgf\basiclayer\pgfcorequick.code.tex"
File: pgfcorequick.code.tex 2008/10/09  (rcs-revision 1.3)
)
("C:\Program Files\MiKTeX 2.9\tex\generic\pgf\basiclayer\pgfcoreobjects.code.te
x"
File: pgfcoreobjects.code.tex 2006/10/11  (rcs-revision 1.2)
)
("C:\Program Files\MiKTeX 2.9\tex\generic\pgf\basiclayer\pgfcorepathprocessing.
code.tex"
File: pgfcorepathprocessing.code.tex 2013/09/09  (rcs-revision 1.9)
)
("C:\Program Files\MiKTeX 2.9\tex\generic\pgf\basiclayer\pgfcorearrows.code.tex
"
File: pgfcorearrows.code.tex 2015/05/14  (rcs-revision 1.43)
\pgfarrowsep=\dimen159
)
("C:\Program Files\MiKTeX 2.9\tex\generic\pgf\basiclayer\pgfcoreshade.code.tex"
File: pgfcoreshade.code.tex 2013/07/15  (rcs-revision 1.15)
\pgf@max=\dimen160
\pgf@sys@shading@range@num=\count125
) ("C:\Program Files\MiKTeX 2.9\tex\generic\pgf\basiclayer\pgfcoreimage.code.te
x"
File: pgfcoreimage.code.tex 2013/07/15  (rcs-revision 1.18)

("C:\Program Files\MiKTeX 2.9\tex\generic\pgf\basiclayer\pgfcoreexternal.code.t
ex"
File: pgfcoreexternal.code.tex 2014/07/09  (rcs-revision 1.21)
\pgfexternal@startupbox=\box35
))
("C:\Program Files\MiKTeX 2.9\tex\generic\pgf\basiclayer\pgfcorelayers.code.tex
"
File: pgfcorelayers.code.tex 2013/07/18  (rcs-revision 1.7)
)
("C:\Program Files\MiKTeX 2.9\tex\generic\pgf\basiclayer\pgfcoretransparency.co
de.tex"
File: pgfcoretransparency.code.tex 2013/09/30  (rcs-revision 1.5)
)
("C:\Program Files\MiKTeX 2.9\tex\generic\pgf\basiclayer\pgfcorepatterns.code.t
ex"
File: pgfcorepatterns.code.tex 2013/11/07  (rcs-revision 1.5)
)))
("C:\Program Files\MiKTeX 2.9\tex\generic\pgf\modules\pgfmoduleshapes.code.tex"
File: pgfmoduleshapes.code.tex 2014/03/21  (rcs-revision 1.35)
\pgfnodeparttextbox=\box36
) ("C:\Program Files\MiKTeX 2.9\tex\generic\pgf\modules\pgfmoduleplot.code.tex"
File: pgfmoduleplot.code.tex 2015/08/03  (rcs-revision 1.13)
)
("C:\Program Files\MiKTeX 2.9\tex\latex\pgf\compatibility\pgfcomp-version-0-65.
sty"
Package: pgfcomp-version-0-65 2007/07/03 v3.0.1a (rcs-revision 1.7)
\pgf@nodesepstart=\dimen161
\pgf@nodesepend=\dimen162
)
("C:\Program Files\MiKTeX 2.9\tex\latex\pgf\compatibility\pgfcomp-version-1-18.
sty"
Package: pgfcomp-version-1-18 2007/07/23 v3.0.1a (rcs-revision 1.1)
)) ("C:\Program Files\MiKTeX 2.9\tex\latex\pgf\utilities\pgffor.sty"
("C:\Program Files\MiKTeX 2.9\tex\latex\pgf\utilities\pgfkeys.sty"
("C:\Program Files\MiKTeX 2.9\tex\generic\pgf\utilities\pgfkeys.code.tex"))
("C:\Program Files\MiKTeX 2.9\tex\latex\pgf\math\pgfmath.sty"
("C:\Program Files\MiKTeX 2.9\tex\generic\pgf\math\pgfmath.code.tex"))
("C:\Program Files\MiKTeX 2.9\tex\generic\pgf\utilities\pgffor.code.tex"
Package: pgffor 2013/12/13 v3.0.1a (rcs-revision 1.25)

("C:\Program Files\MiKTeX 2.9\tex\generic\pgf\math\pgfmath.code.tex")
\pgffor@iter=\dimen163
\pgffor@skip=\dimen164
\pgffor@stack=\toks35
\pgffor@toks=\toks36
))
("C:\Program Files\MiKTeX 2.9\tex\generic\pgf\frontendlayer\tikz\tikz.code.tex"
Package: tikz 2015/08/07 v3.0.1a (rcs-revision 1.151)

("C:\Program Files\MiKTeX 2.9\tex\generic\pgf\libraries\pgflibraryplothandlers.
code.tex"
File: pgflibraryplothandlers.code.tex 2013/08/31 v3.0.1a (rcs-revision 1.20)
\pgf@plot@mark@count=\count126
\pgfplotmarksize=\dimen165
)
\tikz@lastx=\dimen166
\tikz@lasty=\dimen167
\tikz@lastxsaved=\dimen168
\tikz@lastysaved=\dimen169
\tikzleveldistance=\dimen170
\tikzsiblingdistance=\dimen171
\tikz@figbox=\box37
\tikz@figbox@bg=\box38
\tikz@tempbox=\box39
\tikz@tempbox@bg=\box40
\tikztreelevel=\count127
\tikznumberofchildren=\count128
\tikznumberofcurrentchild=\count129
\tikz@fig@count=\count130

("C:\Program Files\MiKTeX 2.9\tex\generic\pgf\modules\pgfmodulematrix.code.tex"
File: pgfmodulematrix.code.tex 2013/09/17  (rcs-revision 1.8)
\pgfmatrixcurrentrow=\count131
\pgfmatrixcurrentcolumn=\count132
\pgf@matrix@numberofcolumns=\count133
)
\tikz@expandcount=\count134

("C:\Program Files\MiKTeX 2.9\tex\generic\pgf\frontendlayer\tikz\libraries\tikz
librarytopaths.code.tex"
File: tikzlibrarytopaths.code.tex 2008/06/17 v3.0.1a (rcs-revision 1.2)
)))
("C:\Program Files\MiKTeX 2.9\tex\generic\pgf\frontendlayer\tikz\libraries\tikz
librarypositioning.code.tex"
File: tikzlibrarypositioning.code.tex 2008/10/06 v3.0.1a (rcs-revision 1.7)
)
("C:\Program Files\MiKTeX 2.9\tex\latex\tools\calc.sty"
Package: calc 2014/10/28 v4.3 Infix arithmetic (KKT,FJ)
\calc@Acount=\count135
\calc@Bcount=\count136
\calc@Adimen=\dimen172
\calc@Bdimen=\dimen173
\calc@Askip=\skip47
\calc@Bskip=\skip48
LaTeX Info: Redefining \setlength on input line 80.
LaTeX Info: Redefining \addtolength on input line 81.
\calc@Ccount=\count137
\calc@Cskip=\skip49
)
\c@@todonotes@numberoftodonotes=\count138
) ("Angus Steele.aux"
(Introduction.aux) (LiteratureReview.aux) (PlatformDesign.aux)
(SystemIdentification.aux) (ControllerDesign.aux) (ObstacleAvoidance.aux)
(FlightTests.aux) (Conclusions.aux))
\openout1 = `"Angus Steele.aux"'.

LaTeX Font Info:    Checking defaults for OML/cmm/m/it on input line 30.
LaTeX Font Info:    ... okay on input line 30.
LaTeX Font Info:    Checking defaults for T1/cmr/m/n on input line 30.
LaTeX Font Info:    ... okay on input line 30.
LaTeX Font Info:    Checking defaults for OT1/cmr/m/n on input line 30.
LaTeX Font Info:    ... okay on input line 30.
LaTeX Font Info:    Checking defaults for OMS/cmsy/m/n on input line 30.
LaTeX Font Info:    ... okay on input line 30.
LaTeX Font Info:    Checking defaults for OMX/cmex/m/n on input line 30.
LaTeX Font Info:    ... okay on input line 30.
LaTeX Font Info:    Checking defaults for U/cmr/m/n on input line 30.
LaTeX Font Info:    ... okay on input line 30.
LaTeX Font Info:    Checking defaults for TS1/cmr/m/n on input line 30.
LaTeX Font Info:    Try loading font information for TS1+cmr on input line 30.

("C:\Program Files\MiKTeX 2.9\tex\latex\base\ts1cmr.fd"
File: ts1cmr.fd 2014/09/29 v2.5h Standard LaTeX font definitions
)
LaTeX Font Info:    ... okay on input line 30.
LaTeX Font Info:    Checking defaults for PD1/pdf/m/n on input line 30.
LaTeX Font Info:    ... okay on input line 30.

("C:\Program Files\MiKTeX 2.9\tex\context\base\supp-pdf.mkii"
[Loading MPS to PDF converter (version 2006.09.02).]
\scratchcounter=\count139
\scratchdimen=\dimen174
\scratchbox=\box41
\nofMPsegments=\count140
\nofMParguments=\count141
\everyMPshowfont=\toks37
\MPscratchCnt=\count142
\MPscratchDim=\dimen175
\MPnumerator=\count143
\makeMPintoPDFobject=\count144
\everyMPtoPDFconversion=\toks38
) ("C:\Program Files\MiKTeX 2.9\tex\latex\oberdiek\epstopdf-base.sty"
Package: epstopdf-base 2016/05/15 v2.6 Base part for package epstopdf

("C:\Program Files\MiKTeX 2.9\tex\latex\oberdiek\grfext.sty"
Package: grfext 2016/05/16 v1.2 Manage graphics extensions (HO)
)
Package epstopdf-base Info: Redefining graphics rule for `.eps' on input line 4
38.
Package grfext Info: Graphics extension search list:
(grfext)             [.png,.pdf,.jpg,.mps,.jpeg,.jbig2,.jb2,.PNG,.PDF,.JPG,.JPE
G,.JBIG2,.JB2,.eps]
(grfext)             \AppendGraphicsExtensions on input line 456.
)
\AtBeginShipoutBox=\box42
Package hyperref Info: Link coloring OFF on input line 30.

("C:\Program Files\MiKTeX 2.9\tex\latex\hyperref\nameref.sty"
Package: nameref 2016/05/21 v2.44 Cross-referencing by name of section

("C:\Program Files\MiKTeX 2.9\tex\generic\oberdiek\gettitlestring.sty"
Package: gettitlestring 2016/05/16 v1.5 Cleanup title references (HO)
)
\c@section@level=\count145
)
LaTeX Info: Redefining \ref on input line 30.
LaTeX Info: Redefining \pageref on input line 30.
LaTeX Info: Redefining \nameref on input line 30.

("Angus Steele.out") ("Angus Steele.out")
\@outlinefile=\write4
\openout4 = `"Angus Steele.out"'.


*geometry* driver: auto-detecting
*geometry* detected driver: pdftex
*geometry* verbose mode - [ preamble ] result:
* driver: pdftex
* paper: a4paper
* layout: <same size as paper>
* layoutoffset:(h,v)=(0.0pt,0.0pt)
* modes: 
* h-part:(L,W,R)=(72.26999pt, 452.9679pt, 72.26999pt)
* v-part:(T,H,B)=(72.26999pt, 700.50687pt, 72.26999pt)
* \paperwidth=597.50787pt
* \paperheight=845.04684pt
* \textwidth=452.9679pt
* \textheight=700.50687pt
* \oddsidemargin=0.0pt
* \evensidemargin=0.0pt
* \topmargin=-37.0pt
* \headheight=12.0pt
* \headsep=25.0pt
* \topskip=12.0pt
* \footskip=30.0pt
* \marginparwidth=44.0pt
* \marginparsep=10.0pt
* \columnsep=10.0pt
* \skip\footins=10.8pt plus 4.0pt minus 2.0pt
* \hoffset=0.0pt
* \voffset=0.0pt
* \mag=1000
* \@twocolumnfalse
* \@twosidefalse
* \@mparswitchfalse
* \@reversemarginfalse
* (1in=72.27pt=25.4mm, 1cm=28.453pt)

ABD: EveryShipout initializing macros
LaTeX Font Info:    Try loading font information for U+msa on input line 33.

("C:\Program Files\MiKTeX 2.9\tex\latex\amsfonts\umsa.fd"
File: umsa.fd 2013/01/14 v3.01 AMS symbols A
)
LaTeX Font Info:    Try loading font information for U+msb on input line 33.

("C:\Program Files\MiKTeX 2.9\tex\latex\amsfonts\umsb.fd"
File: umsb.fd 2013/01/14 v3.01 AMS symbols B
) [1

{C:/Users/GusBus/AppData/Local/MiKTeX/2.9/pdftex/config/pdftex.map}]pdfTeX warn
ing (ext4): destination with the same identifier (name{page.1}) has been alread
y used, duplicate ignored
<to be read again> 
                   \relax 
l.49 \tableofcontents
                      [1

] ("Angus Steele.toc" [2

] [3])
\tf@toc=\write5
\openout5 = `"Angus Steele.toc"'.

 [4] ("Angus Steele.lot")
\tf@lot=\write6
\openout6 = `"Angus Steele.lot"'.

[5

] [6

]
\openout2 = `Introduction.aux'.

 (Introduction.tex
Chapter 1.
[7


] [8]) [9]
\openout2 = `LiteratureReview.aux'.

 (LiteratureReview.tex
Chapter 2.
<Images/Literature/Flight.jpg, id=582, 419.31656pt x 347.04657pt>
File: Images/Literature/Flight.jpg Graphic file (type jpg)

<use Images/Literature/Flight.jpg>
Package pdftex.def Info: Images/Literature/Flight.jpg used on input line 11.
(pdftex.def)             Requested size: 206.27309pt x 170.71652pt.
 [10



 <./Images/Literature/Flight.jpg>]
[11] <Images/Literature/AntiTorque.jpg, id=617, 631.35875pt x 508.90125pt>
File: Images/Literature/AntiTorque.jpg Graphic file (type jpg)

<use Images/Literature/AntiTorque.jpg>
Package pdftex.def Info: Images/Literature/AntiTorque.jpg used on input line 70
.
(pdftex.def)             Requested size: 211.79791pt x 170.71652pt.
 [12 <./Images/Literature/AntiTorque.jpg>] <Images/Literature/TipSpeed.jpg, id=
635, 443.7378pt x 219.7008pt>
File: Images/Literature/TipSpeed.jpg Graphic file (type jpg)

<use Images/Literature/TipSpeed.jpg>
Package pdftex.def Info: Images/Literature/TipSpeed.jpg used on input line 81.
(pdftex.def)             Requested size: 344.82085pt x 170.71652pt.

Overfull \hbox (5.78993pt too wide) in paragraph at lines 97--98
[]\OT1/cmr/m/n/12 To sim-plify, ini-tially con-sider a he-li-copter in a hov-er
-ing state (Weight(W) = Thrust(T)).
 []

[13 <./Images/Literature/TipSpeed.jpg>]
<Images/Literature/MomentumTheoryAirFlow.jpg, id=651, 307.50885pt x 260.172pt>
File: Images/Literature/MomentumTheoryAirFlow.jpg Graphic file (type jpg)

<use Images/Literature/MomentumTheoryAirFlow.jpg>
Package pdftex.def Info: Images/Literature/MomentumTheoryAirFlow.jpg used on in
put line 101.
(pdftex.def)             Requested size: 269.0508pt x 227.62204pt.

<Images/Literature/MomentumTheoryHover.jpg, id=657, 269.5671pt x 270.2898pt>
File: Images/Literature/MomentumTheoryHover.jpg Graphic file (type jpg)

<use Images/Literature/MomentumTheoryHover.jpg>
Package pdftex.def Info: Images/Literature/MomentumTheoryHover.jpg used on inpu
t line 112.
(pdftex.def)             Requested size: 227.01889pt x 227.62204pt.


LaTeX Warning: `h' float specifier changed to `ht'.

[14 <./Images/Literature/MomentumTheoryAirFlow.jpg>]
<Images/Literature/DL.jpg, id=678, 429.605pt x 287.0725pt>
File: Images/Literature/DL.jpg Graphic file (type jpg)

<use Images/Literature/DL.jpg>
Package pdftex.def Info: Images/Literature/DL.jpg used on input line 141.
(pdftex.def)             Requested size: 255.48376pt x 170.71652pt.
 [15 <./Images/Literature/MomentumTheoryHover.jpg>] [16 <./Images/Literature/DL
.jpg>] [17]
<Images/Literature/MainHeliComponents.jpg, id=723, 1313.90875pt x 848.16875pt>
File: Images/Literature/MainHeliComponents.jpg Graphic file (type jpg)

<use Images/Literature/MainHeliComponents.jpg>
Package pdftex.def Info: Images/Literature/MainHeliComponents.jpg used on input
 line 209.
(pdftex.def)             Requested size: 264.46118pt x 170.71652pt.
 [18 <./Images/Literature/MainHeliComponents.jpg>]
<Images/Literature/NOTAR.jpg, id=736, 1075.01625pt x 868.24374pt>
File: Images/Literature/NOTAR.jpg Graphic file (type jpg)

<use Images/Literature/NOTAR.jpg>
Package pdftex.def Info: Images/Literature/NOTAR.jpg used on input line 220.
(pdftex.def)             Requested size: 211.37428pt x 170.71652pt.

<Images/Literature/Coaxial.jpg, id=740, 451.6875pt x 295.85532pt>
File: Images/Literature/Coaxial.jpg Graphic file (type jpg)

<use Images/Literature/Coaxial.jpg>
Package pdftex.def Info: Images/Literature/Coaxial.jpg used on input line 233.
(pdftex.def)             Requested size: 260.64185pt x 170.71652pt.
 [19 <./Images/Literature/NOTAR.jpg> <./Images/Literature/Coaxial.jpg>]
<Images/Literature/Coaxial_Configs.jpg, id=752, 999.735pt x 248.93pt>
File: Images/Literature/Coaxial_Configs.jpg Graphic file (type jpg)

<use Images/Literature/Coaxial_Configs.jpg>
Package pdftex.def Info: Images/Literature/Coaxial_Configs.jpg used on input li
ne 242.
(pdftex.def)             Requested size: 342.81905pt x 85.35826pt.

Underfull \hbox (badness 10000) in paragraph at lines 265--265
[][][]\OT1/cmr/m/n/10 Image taken from https://www.snafu-solomon.com/2011/11/ch
-46-flight-ops-aboard-uss-new-
 []

[20 <./Images/Literature/Coaxial_Configs.jpg>]
<Images/Literature/Tandem.jpg, id=775, 1606.0pt x 875.27pt>
File: Images/Literature/Tandem.jpg Graphic file (type jpg)

<use Images/Literature/Tandem.jpg>
Package pdftex.def Info: Images/Literature/Tandem.jpg used on input line 269.
(pdftex.def)             Requested size: 313.23001pt x 170.71652pt.

<Images/Literature/quadrotor.jpg, id=778, 1537.24312pt x 1503.36656pt>
File: Images/Literature/quadrotor.jpg Graphic file (type jpg)

<use Images/Literature/quadrotor.jpg>
Package pdftex.def Info: Images/Literature/quadrotor.jpg used on input line 284
.
(pdftex.def)             Requested size: 174.5626pt x 170.71652pt.
 [21 <./Images/Literature/Tandem.jpg>]
<Images/Literature/TiltRotor.jpg, id=792, 421.575pt x 447.17062pt>
File: Images/Literature/TiltRotor.jpg Graphic file (type jpg)

<use Images/Literature/TiltRotor.jpg>
Package pdftex.def Info: Images/Literature/TiltRotor.jpg used on input line 296
.
(pdftex.def)             Requested size: 160.94635pt x 170.71652pt.
 [22 <./Images/Literature/quadrotor.jpg> <./Images/Literature/TiltRotor.jpg>]
<Images/Literature/AxesOverlay.jpg, id=808, 799.48688pt x 398.23781pt>
File: Images/Literature/AxesOverlay.jpg Graphic file (type jpg)

<use Images/Literature/AxesOverlay.jpg>
Package pdftex.def Info: Images/Literature/AxesOverlay.jpg used on input line 3
22.
(pdftex.def)             Requested size: 342.72353pt x 170.71652pt.
 [23]
<Images/Literature/rotations.jpg, id=821, 949.29657pt x 265.74281pt>
File: Images/Literature/rotations.jpg Graphic file (type jpg)

<use Images/Literature/rotations.jpg>
Package pdftex.def Info: Images/Literature/rotations.jpg used on input line 334
.
(pdftex.def)             Requested size: 406.56725pt x 113.81102pt.
 [24 <./Images/Literature/AxesOverlay.jpg> <./Images/Literature/rotations.jpg>]

<Images/Literature/ForcesMoments.jpg, id=844, 416.30531pt x 569.87906pt>
File: Images/Literature/ForcesMoments.jpg Graphic file (type jpg)

<use Images/Literature/ForcesMoments.jpg>
Package pdftex.def Info: Images/Literature/ForcesMoments.jpg used on input line
 381.
(pdftex.def)             Requested size: 207.84723pt x 284.52756pt.
 [25]

LaTeX Warning: No positions in optional float specifier.
               Default added (so using `!tbp') on input line 386.

[26 <./Images/Literature/ForcesMoments.jpg>] [27]
<Images/Literature/quadforces.jpg, id=883, 386.94562pt x 484.81125pt>
File: Images/Literature/quadforces.jpg Graphic file (type jpg)

<use Images/Literature/quadforces.jpg>
Package pdftex.def Info: Images/Literature/quadforces.jpg used on input line 46
7.
(pdftex.def)             Requested size: 227.10326pt x 284.52756pt.
 [28 <./Images/Literature/quadforces.jpg>] [29] <Images/Literature/drag.jpg, id
=924, 530.73282pt x 459.21562pt>
File: Images/Literature/drag.jpg Graphic file (type jpg)

<use Images/Literature/drag.jpg>
Package pdftex.def Info: Images/Literature/drag.jpg used on input line 545.
(pdftex.def)             Requested size: 263.07393pt x 227.62204pt.
 [30]
<Images/Literature/near_wall.jpg, id=946, 560.0925pt x 443.40656pt>
File: Images/Literature/near_wall.jpg Graphic file (type jpg)

<use Images/Literature/near_wall.jpg>
Package pdftex.def Info: Images/Literature/near_wall.jpg used on input line 564
.
(pdftex.def)             Requested size: 251.58633pt x 199.16928pt.
 [31 <./Images/Literature/drag.jpg>]
<Images/Literature/NearWall.jpg, id=959, 1102.1175pt x 376.40625pt>
File: Images/Literature/NearWall.jpg Graphic file (type jpg)

<use Images/Literature/NearWall.jpg>
Package pdftex.def Info: Images/Literature/NearWall.jpg used on input line 573.

(pdftex.def)             Requested size: 416.55553pt x 142.26378pt.

<Images/Literature/NearWallGraph.jpg, id=964, 520.94624pt x 361.35pt>
File: Images/Literature/NearWallGraph.jpg Graphic file (type jpg)

<use Images/Literature/NearWallGraph.jpg>
Package pdftex.def Info: Images/Literature/NearWallGraph.jpg used on input line
 582.
(pdftex.def)             Requested size: 205.09982pt x 142.26378pt.
 [32 <./Images/Literature/near_wall.jpg> <./Images/Literature/NearWall.jpg>] [3
3 <./Images/Literature/NearWallGraph.jpg>] [34] <../References/Diagrams/DOBC.jp
g, id=997, 552.56438pt x 161.85469pt>
File: ../References/Diagrams/DOBC.jpg Graphic file (type jpg)

<use ../References/Diagrams/DOBC.jpg>
Package pdftex.def Info: ../References/Diagrams/DOBC.jpg used on input line 620
.
(pdftex.def)             Requested size: 437.13657pt x 128.0374pt.
 [35 <../References/Diagrams/DOBC.jpg>]
[36] [37] <Images/Bug2.jpg, id=1029, 451.6875pt x 564.60938pt>
File: Images/Bug2.jpg Graphic file (type jpg)

<use Images/Bug2.jpg>
Package pdftex.def Info: Images/Bug2.jpg used on input line 673.
(pdftex.def)             Requested size: 204.86337pt x 256.0748pt.
 [38 <./Images/Bug2.jpg>]
<../References/Diagrams/LocalMinima.jpg, id=1040, 470.50781pt x 228.855pt>
File: ../References/Diagrams/LocalMinima.jpg Graphic file (type jpg)

<use ../References/Diagrams/LocalMinima.jpg>
Package pdftex.def Info: ../References/Diagrams/LocalMinima.jpg used on input l
ine 687.
(pdftex.def)             Requested size: 350.9918pt x 170.71652pt.
) [39 <../References/Diagrams/LocalMinima.jpg>]
\openout2 = `PlatformDesign.aux'.

 (PlatformDesign.tex
Chapter 3.

<../Design/System/SystemArchitecture/SystemArchitecture.jpg, id=1051, 926.71219
pt x 848.4197pt>
File: ../Design/System/SystemArchitecture/SystemArchitecture.jpg Graphic file (
type jpg)

<use ../Design/System/SystemArchitecture/SystemArchitecture.jpg>
Package pdftex.def Info: ../Design/System/SystemArchitecture/SystemArchitecture
.jpg used on input line 13.
(pdftex.def)             Requested size: 466.16891pt x 426.79134pt.

Overfull \hbox (13.20102pt too wide) in paragraph at lines 13--14
 [][] 
 []

[40



] [41 <../Design/System/SystemArchitecture/SystemArchitecture.jpg>] [42]
[43] [44] <Images/Design/UnlikeSizes.jpg, id=1088, 943.525pt x 943.525pt>
File: Images/Design/UnlikeSizes.jpg Graphic file (type jpg)

<use Images/Design/UnlikeSizes.jpg>
Package pdftex.def Info: Images/Design/UnlikeSizes.jpg used on input line 87.
(pdftex.def)             Requested size: 170.70538pt x 170.71652pt.

<Images/Design/Overlapping.jpg, id=1089, 702.625pt x 509.905pt>
File: Images/Design/Overlapping.jpg Graphic file (type jpg)

<use Images/Design/Overlapping.jpg>
Package pdftex.def Info: Images/Design/Overlapping.jpg used on input line 88.
(pdftex.def)             Requested size: 235.24413pt x 170.71652pt.
 [45]
<Images/Design/OverlappingVD.jpg, id=1103, 307.90031pt x 185.94469pt>
File: Images/Design/OverlappingVD.jpg Graphic file (type jpg)

<use Images/Design/OverlappingVD.jpg>
Package pdftex.def Info: Images/Design/OverlappingVD.jpg used on input line 98.

(pdftex.def)             Requested size: 282.69383pt x 170.71652pt.

<Images/RotorOverlap.jpg, id=1107, 1927.2pt x 966.61125pt>
File: Images/RotorOverlap.jpg Graphic file (type jpg)

<use Images/RotorOverlap.jpg>
Package pdftex.def Info: Images/RotorOverlap.jpg used on input line 107.
(pdftex.def)             Requested size: 448.1576pt x 224.7766pt.
 [46 <./Images/Design/UnlikeSizes.jpg> <./Images/Design/Overlapping.jpg> <./Ima
ges/Design/OverlappingVD.jpg>]
<Images/Design/UnlikeSizeRotorPair.jpg, id=1117, 361.35pt x 259.7203pt>
File: Images/Design/UnlikeSizeRotorPair.jpg Graphic file (type jpg)

<use Images/Design/UnlikeSizeRotorPair.jpg>
Package pdftex.def Info: Images/Design/UnlikeSizeRotorPair.jpg used on input li
ne 121.
(pdftex.def)             Requested size: 237.51581pt x 170.71652pt.
 [47 <./Images/RotorOverlap.jpg>]
[48 <./Images/Design/UnlikeSizeRotorPair.jpg>]
<Images/Design/ExcelGraphs.png, id=1134, 825.0825pt x 537.50812pt>
File: Images/Design/ExcelGraphs.png Graphic file (type png)

<use Images/Design/ExcelGraphs.png>
Package pdftex.def Info: Images/Design/ExcelGraphs.png used on input line 150.
(pdftex.def)             Requested size: 436.75029pt x 284.52756pt.
 [49 <./Images/Design/ExcelGraphs.png>]
Overfull \hbox (36.09169pt too wide) in paragraph at lines 182--191
 [][] 
 []

[50] <Images/System/Pixhawk.jpg, id=1156, 325.215pt x 325.215pt>
File: Images/System/Pixhawk.jpg Graphic file (type jpg)

<use Images/System/Pixhawk.jpg>
Package pdftex.def Info: Images/System/Pixhawk.jpg used on input line 218.
(pdftex.def)             Requested size: 170.72058pt x 170.71652pt.
 [51]
<Images/System/Pi.jpg, id=1169, 376.40625pt x 251.43938pt>
File: Images/System/Pi.jpg Graphic file (type jpg)

<use Images/System/Pi.jpg>
Package pdftex.def Info: Images/System/Pi.jpg used on input line 237.
(pdftex.def)             Requested size: 255.5623pt x 170.71652pt.
 [52 <./Images/System/Pixhawk.jpg>]
<Images/System/XU4.jpg, id=1179, 983.675pt x 423.5825pt>
File: Images/System/XU4.jpg Graphic file (type jpg)

<use Images/System/XU4.jpg>
Package pdftex.def Info: Images/System/XU4.jpg used on input line 249.
(pdftex.def)             Requested size: 396.44995pt x 170.71652pt.
Missing character: There is no â in font cmr12!
Missing character: There is no „ in font cmr12!
Missing character: There is no ¢ in font cmr12!
Missing character: There is no â in font cmr12!
Missing character: There is no „ in font cmr12!
Missing character: There is no ¢ in font cmr12!
 [53 <./Images/System/Pi.jpg> <./Images/System/XU4.jpg>]) [54] [55]
\openout2 = `SystemIdentification.aux'.

 (SystemIdentification.tex
Chapter 4.
[56



] <Images/BifilarPendulum.jpeg, id=1214, 1606.0pt x 1204.5pt>
File: Images/BifilarPendulum.jpeg Graphic file (type jpg)

<use Images/BifilarPendulum.jpeg>
Package pdftex.def Info: Images/BifilarPendulum.jpeg used on input line 31.
(pdftex.def)             Requested size: 284.50949pt x 213.39566pt.
 [57 <./Images/BifilarPendulum.jpeg>]
<../Design/Mechanical/ThrustProfiles/thrustprofiles.jpg, id=1223, 562.1pt x 421
.575pt>
File: ../Design/Mechanical/ThrustProfiles/thrustprofiles.jpg Graphic file (type
 jpg)
 <use ../Design/Mechanical/ThrustProfiles/thrustprofiles.jpg>
Package pdftex.def Info: ../Design/Mechanical/ThrustProfiles/thrustprofiles.jpg
 used on input line 56.
(pdftex.def)             Requested size: 379.3754pt x 284.52756pt.
 [58 <../Design/Mechanical/ThrustProfiles/thrustprofiles.jpg>]
Overfull \hbox (8.57176pt too wide) in paragraph at lines 130--131
[]\OT1/cmr/m/n/12 From the in-for-ma-tion gath-ered the sen-sors can now be mod
-elled ac-cord-ingly in Simulink.
 []

[59]
<../References/Diagrams/WindModel.jpg, id=1239, 532.23843pt x 152.82094pt>
File: ../References/Diagrams/WindModel.jpg Graphic file (type jpg)

<use ../References/Diagrams/WindModel.jpg>
Package pdftex.def Info: ../References/Diagrams/WindModel.jpg used on input lin
e 137.
(pdftex.def)             Requested size: 396.37599pt x 113.81102pt.

<../References/Diagrams/MotorMixer.jpg, id=1242, 1955.05406pt x 797.98125pt>
File: ../References/Diagrams/MotorMixer.jpg Graphic file (type jpg)

<use ../References/Diagrams/MotorMixer.jpg>
Package pdftex.def Info: ../References/Diagrams/MotorMixer.jpg used on input li
ne 154.
(pdftex.def)             Requested size: 348.52356pt x 142.26378pt.
 [60 <../References/Diagrams/WindModel.jpg>]) [61 <../References/Diagrams/Motor
Mixer.jpg>]
\openout2 = `ControllerDesign.aux'.

 (ControllerDesign.tex
Chapter 5.
[62



] <../References/Diagrams/HighLevel.jpg, id=1270, 926.71219pt x 584.1825pt>
File: ../References/Diagrams/HighLevel.jpg Graphic file (type jpg)

<use ../References/Diagrams/HighLevel.jpg>
Package pdftex.def Info: ../References/Diagrams/HighLevel.jpg used on input lin
e 31.
(pdftex.def)             Requested size: 451.36383pt x 284.52756pt.
 [63 <../References/Diagrams/HighLevel.jpg>] [64]
<../References/Diagrams/HeaveController.jpg, id=1293, 450.9347pt x 115.18031pt>
File: ../References/Diagrams/HeaveController.jpg Graphic file (type jpg)
<use ../References/Diagrams/HeaveController.jpg>
Package pdftex.def Info: ../References/Diagrams/HeaveController.jpg used on inp
ut line 88.
(pdftex.def)             Requested size: 389.87425pt x 99.58464pt.

<../Design/Matlab/Controllers/heave_root.jpg, id=1296, 1927.2pt x 966.61125pt>
File: ../Design/Matlab/Controllers/heave_root.jpg Graphic file (type jpg)

<use ../Design/Matlab/Controllers/heave_root.jpg>
Package pdftex.def Info: ../Design/Matlab/Controllers/heave_root.jpg used on in
put line 97.
(pdftex.def)             Requested size: 448.1576pt x 224.7766pt.
 [65 <../References/Diagrams/HeaveController.jpg>]
<../Design/Matlab/Controllers/heave_bode.jpg, id=1306, 1927.2pt x 966.61125pt>
File: ../Design/Matlab/Controllers/heave_bode.jpg Graphic file (type jpg)

<use ../Design/Matlab/Controllers/heave_bode.jpg>
Package pdftex.def Info: ../Design/Matlab/Controllers/heave_bode.jpg used on in
put line 106.
(pdftex.def)             Requested size: 448.1576pt x 224.7766pt.
 [66 <../Design/Matlab/Controllers/heave_root.jpg> <../Design/Matlab/Controller
s/heave_bode.jpg>]

LaTeX Warning: No positions in optional float specifier.
               Default added (so using `!tbp') on input line 113.


<../Design/Matlab/Controllers/heave_step.jpg, id=1315, 1927.2pt x 966.61125pt>
File: ../Design/Matlab/Controllers/heave_step.jpg Graphic file (type jpg)

<use ../Design/Matlab/Controllers/heave_step.jpg>
Package pdftex.def Info: ../Design/Matlab/Controllers/heave_step.jpg used on in
put line 130.
(pdftex.def)             Requested size: 448.1576pt x 224.7766pt.
 [67 <../Design/Matlab/Controllers/heave_step.jpg>]
<../References/Diagrams/ClimbRateLoop.jpg, id=1324, 751.30687pt x 185.94469pt>
File: ../References/Diagrams/ClimbRateLoop.jpg Graphic file (type jpg)

<use ../References/Diagrams/ClimbRateLoop.jpg>
Package pdftex.def Info: ../References/Diagrams/ClimbRateLoop.jpg used on input
 line 143.
(pdftex.def)             Requested size: 431.11536pt x 106.69783pt.

<../References/Diagrams/ClimbRateController.jpg, id=1326, 358.33875pt x 115.933
12pt>
File: ../References/Diagrams/ClimbRateController.jpg Graphic file (type jpg)
 <use ../References/Diagrams/ClimbRateController.jpg>
Package pdftex.def Info: ../References/Diagrams/ClimbRateController.jpg used on
 input line 152.
(pdftex.def)             Requested size: 307.81538pt x 99.58464pt.

<../Design/Matlab/Controllers/climb_rate_root.jpg, id=1329, 1927.2pt x 966.6112
5pt>
File: ../Design/Matlab/Controllers/climb_rate_root.jpg Graphic file (type jpg)
 <use ../Design/Matlab/Controllers/climb_rate_root.jpg>
Package pdftex.def Info: ../Design/Matlab/Controllers/climb_rate_root.jpg used 
on input line 161.
(pdftex.def)             Requested size: 448.1576pt x 224.7766pt.
 [68 <../References/Diagrams/ClimbRateLoop.jpg> <../References/Diagrams/ClimbRa
teController.jpg>]
<../Design/Matlab/Controllers/climb_rate_bode.jpg, id=1339, 1927.2pt x 966.6112
5pt>
File: ../Design/Matlab/Controllers/climb_rate_bode.jpg Graphic file (type jpg)
 <use ../Design/Matlab/Controllers/climb_rate_bode.jpg>
Package pdftex.def Info: ../Design/Matlab/Controllers/climb_rate_bode.jpg used 
on input line 170.
(pdftex.def)             Requested size: 453.80368pt x 227.62204pt.

Overfull \hbox (0.83578pt too wide) in paragraph at lines 170--171
 [][] 
 []


LaTeX Warning: No positions in optional float specifier.
               Default added (so using `!tbp') on input line 179.

[69 <../Design/Matlab/Controllers/climb_rate_root.jpg> <../Design/Matlab/Contro
llers/climb_rate_bode.jpg>]
<../Design/Matlab/Controllers/climb_rate_step.jpg, id=1348, 1927.2pt x 966.6112
5pt>
File: ../Design/Matlab/Controllers/climb_rate_step.jpg Graphic file (type jpg)
 <use ../Design/Matlab/Controllers/climb_rate_step.jpg>
Package pdftex.def Info: ../Design/Matlab/Controllers/climb_rate_step.jpg used 
on input line 195.
(pdftex.def)             Requested size: 453.80368pt x 227.62204pt.

Overfull \hbox (0.83578pt too wide) in paragraph at lines 195--196
 [][] 
 []

[70 <../Design/Matlab/Controllers/climb_rate_step.jpg>]
<../References/Diagrams/AltHoldLoop.jpg, id=1357, 542.77782pt x 185.94469pt>
File: ../References/Diagrams/AltHoldLoop.jpg Graphic file (type jpg)

<use ../References/Diagrams/AltHoldLoop.jpg>
Package pdftex.def Info: ../References/Diagrams/AltHoldLoop.jpg used on input l
ine 207.
(pdftex.def)             Requested size: 332.22864pt x 113.81102pt.

<../References/Diagrams/AltHoldController.jpg, id=1362, 475.7775pt x 115.93312p
t>
File: ../References/Diagrams/AltHoldController.jpg Graphic file (type jpg)
 <use ../References/Diagrams/AltHoldController.jpg>
Package pdftex.def Info: ../References/Diagrams/AltHoldController.jpg used on i
nput line 218.
(pdftex.def)             Requested size: 408.69603pt x 99.58464pt.

<../Design/Matlab/Controllers/altitude_root.jpg, id=1365, 1927.2pt x 966.61125p
t>
File: ../Design/Matlab/Controllers/altitude_root.jpg Graphic file (type jpg)
 <use ../Design/Matlab/Controllers/altitude_root.jpg>
Package pdftex.def Info: ../Design/Matlab/Controllers/altitude_root.jpg used on
 input line 229.
(pdftex.def)             Requested size: 448.1576pt x 224.7766pt.
 [71 <../References/Diagrams/AltHoldLoop.jpg> <../References/Diagrams/AltHoldCo
ntroller.jpg>]
<../Design/Matlab/Controllers/altitude_bode.jpg, id=1373, 1927.2pt x 966.61125p
t>
File: ../Design/Matlab/Controllers/altitude_bode.jpg Graphic file (type jpg)
 <use ../Design/Matlab/Controllers/altitude_bode.jpg>
Package pdftex.def Info: ../Design/Matlab/Controllers/altitude_bode.jpg used on
 input line 238.
(pdftex.def)             Requested size: 448.1576pt x 224.7766pt.


LaTeX Warning: No positions in optional float specifier.
               Default added (so using `!tbp') on input line 245.

[72 <../Design/Matlab/Controllers/altitude_root.jpg> <../Design/Matlab/Controll
ers/altitude_bode.jpg>]
<../Design/Matlab/Controllers/altitude_step_p_no_dist.jpg, id=1381, 1927.2pt x 
966.61125pt>
File: ../Design/Matlab/Controllers/altitude_step_p_no_dist.jpg Graphic file (ty
pe jpg)
 <use ../Design/Matlab/Controllers/altitude_step_p_no_dist.jpg>
Package pdftex.def Info: ../Design/Matlab/Controllers/altitude_step_p_no_dist.j
pg used on input line 262.
(pdftex.def)             Requested size: 453.80368pt x 227.62204pt.

Overfull \hbox (0.83578pt too wide) in paragraph at lines 262--263
 [][] 
 []


<../Design/Matlab/Controllers/altitude_step_p_dist.jpg, id=1384, 1927.2pt x 966
.61125pt>
File: ../Design/Matlab/Controllers/altitude_step_p_dist.jpg Graphic file (type 
jpg)
 <use ../Design/Matlab/Controllers/altitude_step_p_dist.jpg>
Package pdftex.def Info: ../Design/Matlab/Controllers/altitude_step_p_dist.jpg 
used on input line 271.
(pdftex.def)             Requested size: 453.80368pt x 227.62204pt.

Overfull \hbox (0.83578pt too wide) in paragraph at lines 271--272
 [][] 
 []

[73 <../Design/Matlab/Controllers/altitude_step_p_no_dist.jpg>]
<../Design/Matlab/Controllers/altitude_step_pi.jpg, id=1393, 1927.2pt x 966.611
25pt>
File: ../Design/Matlab/Controllers/altitude_step_pi.jpg Graphic file (type jpg)

 <use ../Design/Matlab/Controllers/altitude_step_pi.jpg>
Package pdftex.def Info: ../Design/Matlab/Controllers/altitude_step_pi.jpg used
 on input line 280.
(pdftex.def)             Requested size: 453.80368pt x 227.62204pt.

Overfull \hbox (0.83578pt too wide) in paragraph at lines 280--281
 [][] 
 []

[74 <../Design/Matlab/Controllers/altitude_step_p_dist.jpg> <../Design/Matlab/C
ontrollers/altitude_step_pi.jpg>] [75]
<../References/Diagrams/RollRateController.jpg, id=1416, 560.8453pt x 118.19156
pt>
File: ../References/Diagrams/RollRateController.jpg Graphic file (type jpg)
 <use ../References/Diagrams/RollRateController.jpg>
Package pdftex.def Info: ../References/Diagrams/RollRateController.jpg used on 
input line 321.
(pdftex.def)             Requested size: 445.56181pt x 93.89418pt.

<../Design/Matlab/Controllers/roll_rate_root.jpg, id=1418, 1927.2pt x 966.61125
pt>
File: ../Design/Matlab/Controllers/roll_rate_root.jpg Graphic file (type jpg)
 <use ../Design/Matlab/Controllers/roll_rate_root.jpg>
Package pdftex.def Info: ../Design/Matlab/Controllers/roll_rate_root.jpg used o
n input line 330.
(pdftex.def)             Requested size: 453.80368pt x 227.62204pt.

Overfull \hbox (0.83578pt too wide) in paragraph at lines 330--331
 [][] 
 []

[76 <../References/Diagrams/RollRateController.jpg>]
<../Design/Matlab/Controllers/roll_rate_bode.jpg, id=1427, 1927.2pt x 966.61125
pt>
File: ../Design/Matlab/Controllers/roll_rate_bode.jpg Graphic file (type jpg)
 <use ../Design/Matlab/Controllers/roll_rate_bode.jpg>
Package pdftex.def Info: ../Design/Matlab/Controllers/roll_rate_bode.jpg used o
n input line 339.
(pdftex.def)             Requested size: 453.80368pt x 227.62204pt.

Overfull \hbox (0.83578pt too wide) in paragraph at lines 339--340
 [][] 
 []

[77 <../Design/Matlab/Controllers/roll_rate_root.jpg> <../Design/Matlab/Control
lers/roll_rate_bode.jpg>]
<../Design/Matlab/Controllers/pitch_rate_bode.jpg, id=1434, 1927.2pt x 966.6112
5pt>
File: ../Design/Matlab/Controllers/pitch_rate_bode.jpg Graphic file (type jpg)
 <use ../Design/Matlab/Controllers/pitch_rate_bode.jpg>
Package pdftex.def Info: ../Design/Matlab/Controllers/pitch_rate_bode.jpg used 
on input line 348.
(pdftex.def)             Requested size: 453.80368pt x 227.62204pt.

Overfull \hbox (0.83578pt too wide) in paragraph at lines 348--349
 [][] 
 []

[78 <../Design/Matlab/Controllers/pitch_rate_bode.jpg>]
<../Design/Matlab/Controllers/roll_pitch_rate_step.jpg, id=1444, 1927.2pt x 966
.61125pt>
File: ../Design/Matlab/Controllers/roll_pitch_rate_step.jpg Graphic file (type 
jpg)
 <use ../Design/Matlab/Controllers/roll_pitch_rate_step.jpg>
Package pdftex.def Info: ../Design/Matlab/Controllers/roll_pitch_rate_step.jpg 
used on input line 361.
(pdftex.def)             Requested size: 453.80368pt x 227.62204pt.

Overfull \hbox (0.83578pt too wide) in paragraph at lines 361--362
 [][] 
 []


<../Design/Matlab/Controllers/roll_rate_impulse.jpg, id=1447, 1927.2pt x 966.61
125pt>
File: ../Design/Matlab/Controllers/roll_rate_impulse.jpg Graphic file (type jpg
)
 <use ../Design/Matlab/Controllers/roll_rate_impulse.jpg>
Package pdftex.def Info: ../Design/Matlab/Controllers/roll_rate_impulse.jpg use
d on input line 372.
(pdftex.def)             Requested size: 453.80368pt x 227.62204pt.

Overfull \hbox (0.83578pt too wide) in paragraph at lines 372--373
 [][] 
 []

[79 <../Design/Matlab/Controllers/roll_pitch_rate_step.jpg>]
<../Design/Matlab/Controllers/pitch_rate_impulse.jpg, id=1454, 1927.2pt x 966.6
1125pt>
File: ../Design/Matlab/Controllers/pitch_rate_impulse.jpg Graphic file (type jp
g)
 <use ../Design/Matlab/Controllers/pitch_rate_impulse.jpg>
Package pdftex.def Info: ../Design/Matlab/Controllers/pitch_rate_impulse.jpg us
ed on input line 379.
(pdftex.def)             Requested size: 453.80368pt x 227.62204pt.

Overfull \hbox (0.83578pt too wide) in paragraph at lines 379--380
 [][] 
 []

[80 <../Design/Matlab/Controllers/roll_rate_impulse.jpg> <../Design/Matlab/Cont
rollers/pitch_rate_impulse.jpg>]
<../References/Diagrams/TiltAngleController.jpg, id=1460, 788.19469pt x 325.967
82pt>
File: ../References/Diagrams/TiltAngleController.jpg Graphic file (type jpg)
 <use ../References/Diagrams/TiltAngleController.jpg>
Package pdftex.def Info: ../References/Diagrams/TiltAngleController.jpg used on
 input line 391.
(pdftex.def)             Requested size: 447.20702pt x 184.9429pt.

<../References/Diagrams/ConversionMethod.jpg, id=1465, 370.38374pt x 427.5975pt
>
File: ../References/Diagrams/ConversionMethod.jpg Graphic file (type jpg)
 <use ../References/Diagrams/ConversionMethod.jpg>
Package pdftex.def Info: ../References/Diagrams/ConversionMethod.jpg used on in
put line 411.
(pdftex.def)             Requested size: 246.45468pt x 284.52756pt.
 [81 <../References/Diagrams/TiltAngleController.jpg>]
<../References/Diagrams/RollPitchAngleLoop.jpg, id=1476, 544.28343pt x 176.9109
3pt>
File: ../References/Diagrams/RollPitchAngleLoop.jpg Graphic file (type jpg)
 <use ../References/Diagrams/RollPitchAngleLoop.jpg>
Package pdftex.def Info: ../References/Diagrams/RollPitchAngleLoop.jpg used on 
input line 421.
(pdftex.def)             Requested size: 306.38292pt x 99.58464pt.
 [82 <../References/Diagrams/ConversionMethod.jpg> <../References/Diagrams/Roll
PitchAngleLoop.jpg>]
<../Design/Matlab/Controllers/roll_angle_bode.jpg, id=1485, 1927.2pt x 966.6112
5pt>
File: ../Design/Matlab/Controllers/roll_angle_bode.jpg Graphic file (type jpg)
 <use ../Design/Matlab/Controllers/roll_angle_bode.jpg>
Package pdftex.def Info: ../Design/Matlab/Controllers/roll_angle_bode.jpg used 
on input line 430.
(pdftex.def)             Requested size: 453.80368pt x 227.62204pt.

Overfull \hbox (0.83578pt too wide) in paragraph at lines 430--431
 [][] 
 []


<../Design/Matlab/Controllers/roll_pitch_angle_step.jpg, id=1487, 1927.2pt x 96
6.61125pt>
File: ../Design/Matlab/Controllers/roll_pitch_angle_step.jpg Graphic file (type
 jpg)
 <use ../Design/Matlab/Controllers/roll_pitch_angle_step.jpg>
Package pdftex.def Info: ../Design/Matlab/Controllers/roll_pitch_angle_step.jpg
 used on input line 440.
(pdftex.def)             Requested size: 453.80368pt x 227.62204pt.

Overfull \hbox (0.83578pt too wide) in paragraph at lines 440--441
 [][] 
 []

[83 <../Design/Matlab/Controllers/roll_angle_bode.jpg>]
<../Design/Matlab/Controllers/roll_angle_impulse.jpg, id=1496, 1927.2pt x 966.6
1125pt>
File: ../Design/Matlab/Controllers/roll_angle_impulse.jpg Graphic file (type jp
g)
 <use ../Design/Matlab/Controllers/roll_angle_impulse.jpg>
Package pdftex.def Info: ../Design/Matlab/Controllers/roll_angle_impulse.jpg us
ed on input line 449.
(pdftex.def)             Requested size: 453.80368pt x 227.62204pt.

Overfull \hbox (0.83578pt too wide) in paragraph at lines 449--450
 [][] 
 []


<../Design/Matlab/Controllers/pitch_angle_impulse.jpg, id=1497, 1927.2pt x 966.
61125pt>
File: ../Design/Matlab/Controllers/pitch_angle_impulse.jpg Graphic file (type j
pg)
 <use ../Design/Matlab/Controllers/pitch_angle_impulse.jpg>
Package pdftex.def Info: ../Design/Matlab/Controllers/pitch_angle_impulse.jpg u
sed on input line 456.
(pdftex.def)             Requested size: 453.80368pt x 227.62204pt.

Overfull \hbox (0.83578pt too wide) in paragraph at lines 456--457
 [][] 
 []

[84 <../Design/Matlab/Controllers/roll_pitch_angle_step.jpg> <../Design/Matlab/
Controllers/roll_angle_impulse.jpg>]
<../References/Diagrams/NorthVelocityLoop.jpg, id=1509, 788.19469pt x 146.79843
pt>
File: ../References/Diagrams/NorthVelocityLoop.jpg Graphic file (type jpg)
 <use ../References/Diagrams/NorthVelocityLoop.jpg>
Package pdftex.def Info: ../References/Diagrams/NorthVelocityLoop.jpg used on i
nput line 479.
(pdftex.def)             Requested size: 443.03369pt x 82.51282pt.
 [85 <../Design/Matlab/Controllers/pitch_angle_impulse.jpg>]
<../Design/Matlab/Controllers/north_velocity_bode.jpg, id=1518, 1927.2pt x 966.
61125pt>
File: ../Design/Matlab/Controllers/north_velocity_bode.jpg Graphic file (type j
pg)
 <use ../Design/Matlab/Controllers/north_velocity_bode.jpg>
Package pdftex.def Info: ../Design/Matlab/Controllers/north_velocity_bode.jpg u
sed on input line 492.
(pdftex.def)             Requested size: 453.80368pt x 227.62204pt.

Overfull \hbox (0.83578pt too wide) in paragraph at lines 492--493
 [][] 
 []


<../Design/Matlab/Controllers/north_velocity_root.jpg, id=1520, 1927.2pt x 966.
61125pt>
File: ../Design/Matlab/Controllers/north_velocity_root.jpg Graphic file (type j
pg)
 <use ../Design/Matlab/Controllers/north_velocity_root.jpg>
Package pdftex.def Info: ../Design/Matlab/Controllers/north_velocity_root.jpg u
sed on input line 501.
(pdftex.def)             Requested size: 453.80368pt x 227.62204pt.

Overfull \hbox (0.83578pt too wide) in paragraph at lines 501--502
 [][] 
 []

[86 <../References/Diagrams/NorthVelocityLoop.jpg> <../Design/Matlab/Controller
s/north_velocity_bode.jpg>]
<../Design/Matlab/Controllers/north_velocity_step.jpg, id=1527, 3011.25pt x 151
0.64375pt>
File: ../Design/Matlab/Controllers/north_velocity_step.jpg Graphic file (type j
pg)
 <use ../Design/Matlab/Controllers/north_velocity_step.jpg>
Package pdftex.def Info: ../Design/Matlab/Controllers/north_velocity_step.jpg u
sed on input line 511.
(pdftex.def)             Requested size: 453.73567pt x 227.62204pt.

Overfull \hbox (0.76778pt too wide) in paragraph at lines 511--512
 [][] 
 []

[87 <../Design/Matlab/Controllers/north_velocity_root.jpg>]
<../Design/Matlab/Controllers/north_velocity_stepd.jpg, id=1536, 1927.2pt x 966
.61125pt>
File: ../Design/Matlab/Controllers/north_velocity_stepd.jpg Graphic file (type 
jpg)
 <use ../Design/Matlab/Controllers/north_velocity_stepd.jpg>
Package pdftex.def Info: ../Design/Matlab/Controllers/north_velocity_stepd.jpg 
used on input line 520.
(pdftex.def)             Requested size: 453.80368pt x 227.62204pt.

Overfull \hbox (0.83578pt too wide) in paragraph at lines 520--521
 [][] 
 []

[88 <../Design/Matlab/Controllers/north_velocity_step.jpg> <../Design/Matlab/Co
ntrollers/north_velocity_stepd.jpg>]
<../Design/Matlab/Controllers/north_position_bode.jpg, id=1543, 1927.2pt x 966.
61125pt>
File: ../Design/Matlab/Controllers/north_position_bode.jpg Graphic file (type j
pg)
 <use ../Design/Matlab/Controllers/north_position_bode.jpg>
Package pdftex.def Info: ../Design/Matlab/Controllers/north_position_bode.jpg u
sed on input line 532.
(pdftex.def)             Requested size: 453.80368pt x 227.62204pt.

Overfull \hbox (0.83578pt too wide) in paragraph at lines 532--533
 [][] 
 []


<../Design/Matlab/Controllers/north_position_step.jpg, id=1545, 1927.2pt x 966.
61125pt>
File: ../Design/Matlab/Controllers/north_position_step.jpg Graphic file (type j
pg)
 <use ../Design/Matlab/Controllers/north_position_step.jpg>
Package pdftex.def Info: ../Design/Matlab/Controllers/north_position_step.jpg u
sed on input line 542.
(pdftex.def)             Requested size: 453.80368pt x 227.62204pt.

Overfull \hbox (0.83578pt too wide) in paragraph at lines 542--543
 [][] 
 []

[89 <../Design/Matlab/Controllers/north_position_bode.jpg>]
<../Design/Matlab/Controllers/north_pos_limit_step.jpg, id=1554, 1927.2pt x 966
.61125pt>
File: ../Design/Matlab/Controllers/north_pos_limit_step.jpg Graphic file (type 
jpg)
 <use ../Design/Matlab/Controllers/north_pos_limit_step.jpg>
Package pdftex.def Info: ../Design/Matlab/Controllers/north_pos_limit_step.jpg 
used on input line 551.
(pdftex.def)             Requested size: 453.80368pt x 227.62204pt.

Overfull \hbox (0.83578pt too wide) in paragraph at lines 551--552
 [][] 
 []

[90 <../Design/Matlab/Controllers/north_position_step.jpg> <../Design/Matlab/Co
ntrollers/north_pos_limit_step.jpg>] [91]
<../References/Diagrams/YawRateController.jpg, id=1573, 368.1253pt x 104.64093p
t>
File: ../References/Diagrams/YawRateController.jpg Graphic file (type jpg)
 <use ../References/Diagrams/YawRateController.jpg>
Package pdftex.def Info: ../References/Diagrams/YawRateController.jpg used on i
nput line 584.
(pdftex.def)             Requested size: 350.33495pt x 99.58464pt.

<../Design/Matlab/Controllers/yaw_rate_root.jpg, id=1575, 1927.2pt x 966.61125p
t>
File: ../Design/Matlab/Controllers/yaw_rate_root.jpg Graphic file (type jpg)
 <use ../Design/Matlab/Controllers/yaw_rate_root.jpg>
Package pdftex.def Info: ../Design/Matlab/Controllers/yaw_rate_root.jpg used on
 input line 593.
(pdftex.def)             Requested size: 453.80368pt x 227.62204pt.

Overfull \hbox (0.83578pt too wide) in paragraph at lines 593--594
 [][] 
 []


<../Design/Matlab/Controllers/yaw_rate_bode.jpg, id=1577, 1927.2pt x 966.61125p
t>
File: ../Design/Matlab/Controllers/yaw_rate_bode.jpg Graphic file (type jpg)
 <use ../Design/Matlab/Controllers/yaw_rate_bode.jpg>
Package pdftex.def Info: ../Design/Matlab/Controllers/yaw_rate_bode.jpg used on
 input line 602.
(pdftex.def)             Requested size: 453.80368pt x 227.62204pt.

Overfull \hbox (0.83578pt too wide) in paragraph at lines 602--603
 [][] 
 []

[92 <../References/Diagrams/YawRateController.jpg> <../Design/Matlab/Controller
s/yaw_rate_root.jpg>]
<../Design/Matlab/Controllers/yaw_rate_step.jpg, id=1586, 1927.2pt x 966.61125p
t>
File: ../Design/Matlab/Controllers/yaw_rate_step.jpg Graphic file (type jpg)
 <use ../Design/Matlab/Controllers/yaw_rate_step.jpg>
Package pdftex.def Info: ../Design/Matlab/Controllers/yaw_rate_step.jpg used on
 input line 612.
(pdftex.def)             Requested size: 453.80368pt x 227.62204pt.

Overfull \hbox (0.83578pt too wide) in paragraph at lines 612--613
 [][] 
 []

[93 <../Design/Matlab/Controllers/yaw_rate_bode.jpg> <../Design/Matlab/Controll
ers/yaw_rate_step.jpg>]
<../References/Diagrams/YawAngleLoop.jpg, id=1594, 542.77782pt x 177.66376pt>
File: ../References/Diagrams/YawAngleLoop.jpg Graphic file (type jpg)

<use ../References/Diagrams/YawAngleLoop.jpg>
Package pdftex.def Info: ../References/Diagrams/YawAngleLoop.jpg used on input 
line 622.
(pdftex.def)             Requested size: 304.24338pt x 99.58464pt.

<../References/Diagrams/YawAngleControllerPI.jpg, id=1596, 475.7775pt x 115.933
12pt>
File: ../References/Diagrams/YawAngleControllerPI.jpg Graphic file (type jpg)
 <use ../References/Diagrams/YawAngleControllerPI.jpg>
Package pdftex.def Info: ../References/Diagrams/YawAngleControllerPI.jpg used o
n input line 631.
(pdftex.def)             Requested size: 408.69603pt x 99.58464pt.

<../References/Diagrams/YawAngleControllerPID.jpg, id=1598, 475.7775pt x 179.92
218pt>
File: ../References/Diagrams/YawAngleControllerPID.jpg Graphic file (type jpg)
 <use ../References/Diagrams/YawAngleControllerPID.jpg>
Package pdftex.def Info: ../References/Diagrams/YawAngleControllerPID.jpg used 
on input line 640.
(pdftex.def)             Requested size: 413.85046pt x 156.49014pt.
 [94 <../References/Diagrams/YawAngleLoop.jpg> <../References/Diagrams/YawAngle
ControllerPI.jpg>]
<../Design/Matlab/Controllers/yaw_angle_root.jpg, id=1607, 1927.2pt x 966.61125
pt>
File: ../Design/Matlab/Controllers/yaw_angle_root.jpg Graphic file (type jpg)
 <use ../Design/Matlab/Controllers/yaw_angle_root.jpg>
Package pdftex.def Info: ../Design/Matlab/Controllers/yaw_angle_root.jpg used o
n input line 651.
(pdftex.def)             Requested size: 453.80368pt x 227.62204pt.

Overfull \hbox (0.83578pt too wide) in paragraph at lines 651--652
 [][] 
 []

[95 <../References/Diagrams/YawAngleControllerPID.jpg> <../Design/Matlab/Contro
llers/yaw_angle_root.jpg>]
<../Design/Matlab/Controllers/yaw_angle_bode.jpg, id=1615, 1927.2pt x 966.61125
pt>
File: ../Design/Matlab/Controllers/yaw_angle_bode.jpg Graphic file (type jpg)
 <use ../Design/Matlab/Controllers/yaw_angle_bode.jpg>
Package pdftex.def Info: ../Design/Matlab/Controllers/yaw_angle_bode.jpg used o
n input line 662.
(pdftex.def)             Requested size: 453.80368pt x 227.62204pt.

Overfull \hbox (0.83578pt too wide) in paragraph at lines 662--663
 [][] 
 []


<../Design/Matlab/Controllers/yaw_angle_step_both_limits.jpg, id=1617, 1927.2pt
 x 966.61125pt>
File: ../Design/Matlab/Controllers/yaw_angle_step_both_limits.jpg Graphic file 
(type jpg)

<use ../Design/Matlab/Controllers/yaw_angle_step_both_limits.jpg>
Package pdftex.def Info: ../Design/Matlab/Controllers/yaw_angle_step_both_limit
s.jpg used on input line 674.
(pdftex.def)             Requested size: 453.80368pt x 227.62204pt.

Overfull \hbox (0.83578pt too wide) in paragraph at lines 674--675
 [][] 
 []

[96 <../Design/Matlab/Controllers/yaw_angle_bode.jpg>]
<../Design/Matlab/Controllers/yaw_angle_step_both_dist.jpg, id=1626, 1927.2pt x
 966.61125pt>
File: ../Design/Matlab/Controllers/yaw_angle_step_both_dist.jpg Graphic file (t
ype jpg)
 <use ../Design/Matlab/Controllers/yaw_angle_step_both_dist.jpg>
Package pdftex.def Info: ../Design/Matlab/Controllers/yaw_angle_step_both_dist.
jpg used on input line 683.
(pdftex.def)             Requested size: 453.80368pt x 227.62204pt.

Overfull \hbox (0.83578pt too wide) in paragraph at lines 683--684
 [][] 
 []


<../Design/Matlab/Controllers/yaw_angle_impulse.jpg, id=1628, 1927.2pt x 966.61
125pt>
File: ../Design/Matlab/Controllers/yaw_angle_impulse.jpg Graphic file (type jpg
)
 <use ../Design/Matlab/Controllers/yaw_angle_impulse.jpg>
Package pdftex.def Info: ../Design/Matlab/Controllers/yaw_angle_impulse.jpg use
d on input line 692.
(pdftex.def)             Requested size: 453.80368pt x 227.62204pt.

Overfull \hbox (0.83578pt too wide) in paragraph at lines 692--693
 [][] 
 []

[97 <../Design/Matlab/Controllers/yaw_angle_step_both_limits.jpg> <../Design/Ma
tlab/Controllers/yaw_angle_step_both_dist.jpg>]) [98 <../Design/Matlab/Controll
ers/yaw_angle_impulse.jpg>]
\openout2 = `ObstacleAvoidance.aux'.

 (ObstacleAvoidance.tex
Chapter 6.
[99



]
<../References/Diagrams/SimpleWaypointFlight.jpg, id=1644, 1927.2pt x 966.61125
pt>
File: ../References/Diagrams/SimpleWaypointFlight.jpg Graphic file (type jpg)
 <use ../References/Diagrams/SimpleWaypointFlight.jpg>
Package pdftex.def Info: ../References/Diagrams/SimpleWaypointFlight.jpg used o
n input line 17.
(pdftex.def)             Requested size: 482.1811pt x 241.84842pt.

Overfull \hbox (29.21321pt too wide) in paragraph at lines 17--18
 [][] 
 []


<../References/Diagrams/YawAlignmentController.jpg, id=1646, 821.31844pt x 325.
96782pt>
File: ../References/Diagrams/YawAlignmentController.jpg Graphic file (type jpg)

 <use ../References/Diagrams/YawAlignmentController.jpg>
Package pdftex.def Info: ../References/Diagrams/YawAlignmentController.jpg used
 on input line 29.
(pdftex.def)             Requested size: 430.15845pt x 170.71652pt.
 [100 <../References/Diagrams/SimpleWaypointFlight.jpg>]
<../References/Diagrams/YawAlignmentCirc.jpg, id=1653, 1028.84375pt x 935.495pt
>
File: ../References/Diagrams/YawAlignmentCirc.jpg Graphic file (type jpg)
 <use ../References/Diagrams/YawAlignmentCirc.jpg>
Package pdftex.def Info: ../References/Diagrams/YawAlignmentCirc.jpg used on in
put line 39.
(pdftex.def)             Requested size: 375.5013pt x 341.43306pt.
 [101 <../References/Diagrams/YawAlignmentController.jpg>]
<../References/Diagrams/YawAngleError.jpg, id=1661, 1927.2pt x 966.61125pt>
File: ../References/Diagrams/YawAngleError.jpg Graphic file (type jpg)

<use ../References/Diagrams/YawAngleError.jpg>
Package pdftex.def Info: ../References/Diagrams/YawAngleError.jpg used on input
 line 48.
(pdftex.def)             Requested size: 453.80368pt x 227.62204pt.

Overfull \hbox (0.83578pt too wide) in paragraph at lines 48--49
 [][] 
 []

[102 <../References/Diagrams/YawAlignmentCirc.jpg> <../References/Diagrams/YawA
ngleError.jpg>]
<../References/Diagrams/SensorPlacement.jpg, id=1669, 1461.20906pt x 1461.20906
pt>
File: ../References/Diagrams/SensorPlacement.jpg Graphic file (type jpg)
 <use ../References/Diagrams/SensorPlacement.jpg>
Package pdftex.def Info: ../References/Diagrams/SensorPlacement.jpg used on inp
ut line 65.
(pdftex.def)             Requested size: 284.52214pt x 284.52756pt.
 [103 <../References/Diagrams/SensorPlacement.jpg>] [104]
<../References/Diagrams/ObAvoidDemo.jpg, id=1689, 1927.2pt x 966.61125pt>
File: ../References/Diagrams/ObAvoidDemo.jpg Graphic file (type jpg)

<use ../References/Diagrams/ObAvoidDemo.jpg>
Package pdftex.def Info: ../References/Diagrams/ObAvoidDemo.jpg used on input l
ine 98.
(pdftex.def)             Requested size: 482.1811pt x 241.84842pt.

Overfull \hbox (29.21321pt too wide) in paragraph at lines 98--99
 [][] 
 []

[105 <../References/Diagrams/ObAvoidDemo.jpg>]
<../References/Diagrams/SpringDamper.jpg, id=1697, 1690.81688pt x 1690.06406pt>
File: ../References/Diagrams/SpringDamper.jpg Graphic file (type jpg)
<use ../References/Diagrams/SpringDamper.jpg>
Package pdftex.def Info: ../References/Diagrams/SpringDamper.jpg used on input 
line 117.
(pdftex.def)             Requested size: 284.6487pt x 284.52756pt.
 [106 <../References/Diagrams/SpringDamper.jpg>]
<../References/Diagrams/ObstacleAvoidanceController.jpg, id=1707, 729.47531pt x
 376.40625pt>
File: ../References/Diagrams/ObstacleAvoidanceController.jpg Graphic file (type
 jpg)
 <use ../References/Diagrams/ObstacleAvoidanceController.jpg>
Package pdftex.def Info: ../References/Diagrams/ObstacleAvoidanceController.jpg
 used on input line 132.
(pdftex.def)             Requested size: 330.85435pt x 170.71652pt.

<../References/Diagrams/SensorController.jpg, id=1710, 572.1375pt x 223.58531pt
>
File: ../References/Diagrams/SensorController.jpg Graphic file (type jpg)
 <use ../References/Diagrams/SensorController.jpg>
Package pdftex.def Info: ../References/Diagrams/SensorController.jpg used on in
put line 145.
(pdftex.def)             Requested size: 436.86313pt x 170.71652pt.
 [107 <../References/Diagrams/ObstacleAvoidanceController.jpg>]
<../References/Diagrams/SensorCombination.jpg, id=1719, 492.33937pt x 571.38469
pt>
File: ../References/Diagrams/SensorCombination.jpg Graphic file (type jpg)
 <use ../References/Diagrams/SensorCombination.jpg>
Package pdftex.def Info: ../References/Diagrams/SensorCombination.jpg used on i
nput line 159.
(pdftex.def)             Requested size: 392.26434pt x 455.24408pt.
 [108 <../References/Diagrams/SensorController.jpg>]
<../References/Diagrams/ObAvoidNorth.jpg, id=1727, 1927.2pt x 966.61125pt>
File: ../References/Diagrams/ObAvoidNorth.jpg Graphic file (type jpg)

<use ../References/Diagrams/ObAvoidNorth.jpg>
Package pdftex.def Info: ../References/Diagrams/ObAvoidNorth.jpg used on input 
line 174.
(pdftex.def)             Requested size: 216.81pt x 108.73169pt.

<../References/Diagrams/ObAvoidVelNorth.jpg, id=1728, 1927.2pt x 966.61125pt>
File: ../References/Diagrams/ObAvoidVelNorth.jpg Graphic file (type jpg)

<use ../References/Diagrams/ObAvoidVelNorth.jpg>
Package pdftex.def Info: ../References/Diagrams/ObAvoidVelNorth.jpg used on inp
ut line 175.
(pdftex.def)             Requested size: 216.81pt x 108.73169pt.

<../References/Diagrams/ObAvoidEast.jpg, id=1729, 1927.2pt x 966.61125pt>
File: ../References/Diagrams/ObAvoidEast.jpg Graphic file (type jpg)

<use ../References/Diagrams/ObAvoidEast.jpg>
Package pdftex.def Info: ../References/Diagrams/ObAvoidEast.jpg used on input l
ine 176.
(pdftex.def)             Requested size: 216.81pt x 108.73169pt.

<../References/Diagrams/ObAvoidVelEast.jpg, id=1730, 1927.2pt x 966.61125pt>
File: ../References/Diagrams/ObAvoidVelEast.jpg Graphic file (type jpg)

<use ../References/Diagrams/ObAvoidVelEast.jpg>
Package pdftex.def Info: ../References/Diagrams/ObAvoidVelEast.jpg used on inpu
t line 177.
(pdftex.def)             Requested size: 216.81pt x 108.73169pt.

<../References/Diagrams/ObAvoidDown.jpg, id=1731, 1927.2pt x 966.61125pt>
File: ../References/Diagrams/ObAvoidDown.jpg Graphic file (type jpg)

<use ../References/Diagrams/ObAvoidDown.jpg>
Package pdftex.def Info: ../References/Diagrams/ObAvoidDown.jpg used on input l
ine 178.
(pdftex.def)             Requested size: 216.81pt x 108.73169pt.

<../References/Diagrams/ObAvoidVelDown.jpg, id=1732, 1927.2pt x 966.61125pt>
File: ../References/Diagrams/ObAvoidVelDown.jpg Graphic file (type jpg)

<use ../References/Diagrams/ObAvoidVelDown.jpg>
Package pdftex.def Info: ../References/Diagrams/ObAvoidVelDown.jpg used on inpu
t line 179.
(pdftex.def)             Requested size: 216.81pt x 108.73169pt.

Overfull \hbox (4.6521pt too wide) in paragraph at lines 172--181
[][] 
 []

[109 <../References/Diagrams/SensorCombination.jpg>]
<../References/Testing/ObAvoidStraightWallNorth.jpg, id=1739, 1927.2pt x 966.61
125pt>
File: ../References/Testing/ObAvoidStraightWallNorth.jpg Graphic file (type jpg
)
 <use ../References/Testing/ObAvoidStraightWallNorth.jpg>
Package pdftex.def Info: ../References/Testing/ObAvoidStraightWallNorth.jpg use
d on input line 189.
(pdftex.def)             Requested size: 453.80368pt x 227.62204pt.

Overfull \hbox (0.83578pt too wide) in paragraph at lines 189--190
 [][] 
 []

[110 <../References/Diagrams/ObAvoidNorth.jpg> <../References/Diagrams/ObAvoidV
elNorth.jpg> <../References/Diagrams/ObAvoidEast.jpg> <../References/Diagrams/O
bAvoidVelEast.jpg> <../References/Diagrams/ObAvoidDown.jpg> <../References/Diag
rams/ObAvoidVelDown.jpg>]) [111 <../References/Testing/ObAvoidStraightWallNorth
.jpg>]
\openout2 = `FlightTests.aux'.

 (FlightTests.tex
Chapter 7.
<../References/Diagrams/Simulation.jpg, id=1749, 1396.4672pt x 571.38469pt>
File: ../References/Diagrams/Simulation.jpg Graphic file (type jpg)

<use ../References/Diagrams/Simulation.jpg>
Package pdftex.def Info: ../References/Diagrams/Simulation.jpg used on input li
ne 9.
(pdftex.def)             Requested size: 417.21742pt x 170.71652pt.
 [112



 <../References/Diagrams/Simulation.jpg>]
<../References/Testing/SimpleWaypoint_Both_North.jpg, id=1757, 1927.2pt x 966.6
1125pt>
File: ../References/Testing/SimpleWaypoint_Both_North.jpg Graphic file (type jp
g)
 <use ../References/Testing/SimpleWaypoint_Both_North.jpg>
Package pdftex.def Info: ../References/Testing/SimpleWaypoint_Both_North.jpg us
ed on input line 25.
(pdftex.def)             Requested size: 453.80368pt x 227.62204pt.

Overfull \hbox (0.83578pt too wide) in paragraph at lines 25--26
 [][] 
 []


<../References/Testing/SimpleWaypoint_Both_East.jpg, id=1758, 1927.2pt x 966.61
125pt>
File: ../References/Testing/SimpleWaypoint_Both_East.jpg Graphic file (type jpg
)
 <use ../References/Testing/SimpleWaypoint_Both_East.jpg>
Package pdftex.def Info: ../References/Testing/SimpleWaypoint_Both_East.jpg use
d on input line 32.
(pdftex.def)             Requested size: 453.80368pt x 227.62204pt.

Overfull \hbox (0.83578pt too wide) in paragraph at lines 32--33
 [][] 
 []

[113 <../References/Testing/SimpleWaypoint_Both_North.jpg>]
<../References/Testing/SimpleWaypoint_5Wind_North.jpg, id=1767, 1927.2pt x 966.
61125pt>
File: ../References/Testing/SimpleWaypoint_5Wind_North.jpg Graphic file (type j
pg)
 <use ../References/Testing/SimpleWaypoint_5Wind_North.jpg>
Package pdftex.def Info: ../References/Testing/SimpleWaypoint_5Wind_North.jpg u
sed on input line 43.
(pdftex.def)             Requested size: 453.80368pt x 227.62204pt.

Overfull \hbox (0.83578pt too wide) in paragraph at lines 43--44
 [][] 
 []

[114 <../References/Testing/SimpleWaypoint_Both_East.jpg> <../References/Testin
g/SimpleWaypoint_5Wind_North.jpg>]
<../References/Testing/SimpleWaypoint_5Wind_East.jpg, id=1775, 1927.2pt x 966.6
1125pt>
File: ../References/Testing/SimpleWaypoint_5Wind_East.jpg Graphic file (type jp
g)
 <use ../References/Testing/SimpleWaypoint_5Wind_East.jpg>
Package pdftex.def Info: ../References/Testing/SimpleWaypoint_5Wind_East.jpg us
ed on input line 52.
(pdftex.def)             Requested size: 453.80368pt x 227.62204pt.

Overfull \hbox (0.83578pt too wide) in paragraph at lines 52--53
 [][] 
 []


<../References/Testing/CorridorFlight_2Wind.jpg, id=1778, 471.26062pt x 657.958
13pt>
File: ../References/Testing/CorridorFlight_2Wind.jpg Graphic file (type jpg)
 <use ../References/Testing/CorridorFlight_2Wind.jpg>
Package pdftex.def Info: ../References/Testing/CorridorFlight_2Wind.jpg used on
 input line 68.
(pdftex.def)             Requested size: 203.79584pt x 284.52756pt.
 [115 <../References/Testing/SimpleWaypoint_5Wind_East.jpg>]
<../References/Testing/CorridorFlight_2Wind_North.jpg, id=1787, 1927.2pt x 966.
61125pt>
File: ../References/Testing/CorridorFlight_2Wind_North.jpg Graphic file (type j
pg)
 <use ../References/Testing/CorridorFlight_2Wind_North.jpg>
Package pdftex.def Info: ../References/Testing/CorridorFlight_2Wind_North.jpg u
sed on input line 79.
(pdftex.def)             Requested size: 448.1576pt x 224.7766pt.
 [116 <../References/Testing/CorridorFlight_2Wind.jpg>]
<../References/Testing/CorridorFlight_2Wind_East.jpg, id=1795, 1927.2pt x 966.6
1125pt>
File: ../References/Testing/CorridorFlight_2Wind_East.jpg Graphic file (type jp
g)
 <use ../References/Testing/CorridorFlight_2Wind_East.jpg>
Package pdftex.def Info: ../References/Testing/CorridorFlight_2Wind_East.jpg us
ed on input line 88.
(pdftex.def)             Requested size: 448.1576pt x 224.7766pt.

<../References/Testing/CorridorFlight_2Wind_Down.jpg, id=1796, 1927.2pt x 966.6
1125pt>
File: ../References/Testing/CorridorFlight_2Wind_Down.jpg Graphic file (type jp
g)
 <use ../References/Testing/CorridorFlight_2Wind_Down.jpg>
Package pdftex.def Info: ../References/Testing/CorridorFlight_2Wind_Down.jpg us
ed on input line 97.
(pdftex.def)             Requested size: 448.1576pt x 224.7766pt.
 [117 <../References/Testing/CorridorFlight_2Wind_North.jpg> <../References/Tes
ting/CorridorFlight_2Wind_East.jpg>]
<../References/Testing/WideCorridor3DProx.jpg, id=1802, 408.77719pt x 724.20563
pt>
File: ../References/Testing/WideCorridor3DProx.jpg Graphic file (type jpg)
 <use ../References/Testing/WideCorridor3DProx.jpg>
Package pdftex.def Info: ../References/Testing/WideCorridor3DProx.jpg used on i
nput line 114.
(pdftex.def)             Requested size: 224.84685pt x 398.33858pt.
 [118 <../References/Testing/CorridorFlight_2Wind_Down.jpg>]
<../References/Testing/NarrowCorridor3DProx.jpg, id=1810, 313.17pt x 724.20563p
t>
File: ../References/Testing/NarrowCorridor3DProx.jpg Graphic file (type jpg)
 <use ../References/Testing/NarrowCorridor3DProx.jpg>
Package pdftex.def Info: ../References/Testing/NarrowCorridor3DProx.jpg used on
 input line 126.
(pdftex.def)             Requested size: 184.55843pt x 426.79134pt.
 [119 <../References/Testing/WideCorridor3DProx.jpg>]
<../References/Testing/WideCorridorYawAlign3D.jpg, id=1820, 427.5975pt x 724.95
844pt>
File: ../References/Testing/WideCorridorYawAlign3D.jpg Graphic file (type jpg)
 <use ../References/Testing/WideCorridorYawAlign3D.jpg>
Package pdftex.def Info: ../References/Testing/WideCorridorYawAlign3D.jpg used 
on input line 138.
(pdftex.def)             Requested size: 167.81934pt x 284.52756pt.
 [120 <../References/Testing/NarrowCorridor3DProx.jpg>]
<../References/Testing/WideCorridorYawAlign3DAlign.jpg, id=1830, 440.39531pt x 
724.20563pt>
File: ../References/Testing/WideCorridorYawAlign3DAlign.jpg Graphic file (type 
jpg)
 <use ../References/Testing/WideCorridorYawAlign3DAlign.jpg>
Package pdftex.def Info: ../References/Testing/WideCorridorYawAlign3DAlign.jpg 
used on input line 147.
(pdftex.def)             Requested size: 173.02353pt x 284.52756pt.

[121 <../References/Testing/WideCorridorYawAlign3D.jpg>]
<../References/Testing/WideCorridorYawAlignYawError.jpg, id=1837, 1927.2pt x 96
6.61125pt>
File: ../References/Testing/WideCorridorYawAlignYawError.jpg Graphic file (type
 jpg)
 <use ../References/Testing/WideCorridorYawAlignYawError.jpg>
Package pdftex.def Info: ../References/Testing/WideCorridorYawAlignYawError.jpg
 used on input line 156.
(pdftex.def)             Requested size: 448.1576pt x 224.7766pt.

[122 <../References/Testing/WideCorridorYawAlign3DAlign.jpg> <../References/Tes
ting/WideCorridorYawAlignYawError.jpg>]
<../References/Testing/FullRun.jpg, id=1843, 676.77844pt x 724.95844pt>
File: ../References/Testing/FullRun.jpg Graphic file (type jpg)

<use ../References/Testing/FullRun.jpg>
Package pdftex.def Info: ../References/Testing/FullRun.jpg used on input line 1
71.
(pdftex.def)             Requested size: 216.81pt x 232.24586pt.

<../References/Testing/FullRunAlign.jpg, id=1844, 682.04813pt x 724.95844pt>
File: ../References/Testing/FullRunAlign.jpg Graphic file (type jpg)

<use ../References/Testing/FullRunAlign.jpg>
Package pdftex.def Info: ../References/Testing/FullRunAlign.jpg used on input l
ine 172.
(pdftex.def)             Requested size: 216.81pt x 230.45383pt.

<../References/Testing/FullRunProx.jpg, id=1845, 672.26157pt x 724.95844pt>
File: ../References/Testing/FullRunProx.jpg Graphic file (type jpg)

<use ../References/Testing/FullRunProx.jpg>
Package pdftex.def Info: ../References/Testing/FullRunProx.jpg used on input li
ne 173.
(pdftex.def)             Requested size: 216.81pt x 233.8056pt.

<../References/Testing/FullRunAlignProx.jpg, id=1846, 684.30656pt x 724.20563pt
>
File: ../References/Testing/FullRunAlignProx.jpg Graphic file (type jpg)
 <use ../References/Testing/FullRunAlignProx.jpg>
Package pdftex.def Info: ../References/Testing/FullRunAlignProx.jpg used on inp
ut line 174.
(pdftex.def)             Requested size: 216.81pt x 229.45203pt.

Overfull \hbox (4.6521pt too wide) in paragraph at lines 169--176
[][] 
 []

[123]
<../References/Testing/FullRunBothNorth.jpg, id=1854, 1927.2pt x 966.61125pt>
File: ../References/Testing/FullRunBothNorth.jpg Graphic file (type jpg)

<use ../References/Testing/FullRunBothNorth.jpg>
Package pdftex.def Info: ../References/Testing/FullRunBothNorth.jpg used on inp
ut line 214.
(pdftex.def)             Requested size: 448.1576pt x 224.7766pt.
 [124 <../References/Testing/FullRun.jpg> <../References/Testing/FullRunAlign.j
pg> <../References/Testing/FullRunProx.jpg> <../References/Testing/FullRunAlign
Prox.jpg>]
<../References/Testing/FullRunBothEast.jpg, id=1861, 1927.2pt x 966.61125pt>
File: ../References/Testing/FullRunBothEast.jpg Graphic file (type jpg)

<use ../References/Testing/FullRunBothEast.jpg>
Package pdftex.def Info: ../References/Testing/FullRunBothEast.jpg used on inpu
t line 221.
(pdftex.def)             Requested size: 448.1576pt x 224.7766pt.

<../References/Testing/FullRunAlignYaw.jpg, id=1865, 680.5425pt x 724.95844pt>
File: ../References/Testing/FullRunAlignYaw.jpg Graphic file (type jpg)

<use ../References/Testing/FullRunAlignYaw.jpg>
Package pdftex.def Info: ../References/Testing/FullRunAlignYaw.jpg used on inpu
t line 230.
(pdftex.def)             Requested size: 267.09274pt x 284.52756pt.
 [125 <../References/Testing/FullRunBothNorth.jpg> <../References/Testing/FullR
unBothEast.jpg>]
<../References/Testing/FullRunAlignYawGraph.jpg, id=1873, 1927.2pt x 966.61125p
t>
File: ../References/Testing/FullRunAlignYawGraph.jpg Graphic file (type jpg)
 <use ../References/Testing/FullRunAlignYawGraph.jpg>
Package pdftex.def Info: ../References/Testing/FullRunAlignYawGraph.jpg used on
 input line 240.
(pdftex.def)             Requested size: 448.1576pt x 224.7766pt.
 [126 <../References/Testing/FullRunAlignYaw.jpg> <../References/Testing/FullRu
nAlignYawGraph.jpg>]
<../References/Testing/Fail2.jpg, id=1880, 679.03688pt x 724.95844pt>
File: ../References/Testing/Fail2.jpg Graphic file (type jpg)

<use ../References/Testing/Fail2.jpg>
Package pdftex.def Info: ../References/Testing/Fail2.jpg used on input line 250
.
(pdftex.def)             Requested size: 293.16135pt x 312.9803pt.

<../References/Testing/Fail1.jpg, id=1882, 1004.25188pt x 724.20563pt>
File: ../References/Testing/Fail1.jpg Graphic file (type jpg)

<use ../References/Testing/Fail1.jpg>
Package pdftex.def Info: ../References/Testing/Fail1.jpg used on input line 259
.
(pdftex.def)             Requested size: 355.09448pt x 256.0748pt.
 [127 <../References/Testing/Fail2.jpg>])
[128 <../References/Testing/Fail1.jpg>]
\openout2 = `Conclusions.aux'.

 (Conclusions.tex
Chapter 8.
[129



]) [130] ("Angus Steele.bbl"
Missing character: There is no â in font cmr12!
Missing character: There is no ˆ in font cmr12!
Missing character: There is no — in font cmr12!
 [131


]
Missing character: There is no Ã in font cmr12!
Missing character: There is no © in font cmr12!
Missing character: There is no Ã in font cmr12!
Missing character: There is no ­ in font cmr12!
Missing character: There is no Ã in font cmr12!
Missing character: There is no ³ in font cmr12!
Missing character: There is no â in font cmr12!
Missing character: There is no € in font cmr12!
Missing character: There is no “ in font cmr12!
 [132]) [133]
Package atveryend Info: Empty hook `BeforeClearDocument' on input line 104.
Package atveryend Info: Empty hook `AfterLastShipout' on input line 104.
 ("Angus Steele.aux"
(Introduction.aux) (LiteratureReview.aux) (PlatformDesign.aux)
(SystemIdentification.aux) (ControllerDesign.aux) (ObstacleAvoidance.aux)
(FlightTests.aux) (Conclusions.aux))
Package atveryend Info: Executing hook `AtVeryEndDocument' on input line 104.
Package atveryend Info: Executing hook `AtEndAfterFileList' on input line 104.
Package rerunfilecheck Info: File `"Angus Steele".out' has not changed.
(rerunfilecheck)             Checksum: 5912FF5B5A66484AB6DBFCB1CD60F1A9;7147.
Package atveryend Info: Empty hook `AtVeryVeryEnd' on input line 104.
 ) 
Here is how much of TeX's memory you used:
 18923 strings out of 493335
 359838 string characters out of 3139257
 409704 words of memory out of 3000000
 21389 multiletter control sequences out of 15000+200000
 16800 words of font info for 63 fonts, out of 3000000 for 9000
 1141 hyphenation exceptions out of 8191
 62i,13n,56p,1338b,437s stack positions out of 5000i,500n,10000p,200000b,50000s
 <C:\Users\GusBus\AppData\Local\MiKTeX\2.9\fonts\pk\ljfour\jknappen\ec\dpi600
\tcrm1200.pk><C:/Program Files/MiKTeX 2.9/fonts/type1/public/amsfonts/cm/cmbx12
.pfb><C:/Program Files/MiKTeX 2.9/fonts/type1/public/amsfonts/cm/cmbx8.pfb><C:/
Program Files/MiKTeX 2.9/fonts/type1/public/amsfonts/cm/cmex10.pfb><C:/Program 
Files/MiKTeX 2.9/fonts/type1/public/amsfonts/cm/cmmi12.pfb><C:/Program Files/Mi
KTeX 2.9/fonts/type1/public/amsfonts/cm/cmmi6.pfb><C:/Program Files/MiKTeX 2.9/
fonts/type1/public/amsfonts/cm/cmmi8.pfb><C:/Program Files/MiKTeX 2.9/fonts/typ
e1/public/amsfonts/cm/cmmib10.pfb><C:/Program Files/MiKTeX 2.9/fonts/type1/publ
ic/amsfonts/cm/cmr10.pfb><C:/Program Files/MiKTeX 2.9/fonts/type1/public/amsfon
ts/cm/cmr12.pfb><C:/Program Files/MiKTeX 2.9/fonts/type1/public/amsfonts/cm/cmr
17.pfb><C:/Program Files/MiKTeX 2.9/fonts/type1/public/amsfonts/cm/cmr7.pfb><C:
/Program Files/MiKTeX 2.9/fonts/type1/public/amsfonts/cm/cmr8.pfb><C:/Program F
iles/MiKTeX 2.9/fonts/type1/public/amsfonts/cm/cmsy10.pfb><C:/Program Files/MiK
TeX 2.9/fonts/type1/public/amsfonts/cm/cmsy8.pfb><C:/Program Files/MiKTeX 2.9/f
onts/type1/public/amsfonts/cm/cmti12.pfb><C:/Program Files/MiKTeX 2.9/fonts/typ
e1/public/amsfonts/symbols/msam10.pfb>
Output written on "Angus Steele.pdf" (134 pages, 16390581 bytes).
PDF statistics:
 2088 PDF objects out of 2487 (max. 8388607)
 549 named destinations out of 1000 (max. 500000)
 1439 words of extra memory for PDF output out of 10000 (max. 10000000)

