This is pdfTeX, Version 3.14159265-2.6-1.40.16 (MiKTeX 2.9 64-bit) (preloaded format=pdflatex 2016.3.30)  6 APR 2016 22:36
entering extended mode
**"./Angus Steele.tex"
("Angus Steele.tex"
LaTeX2e <2015/10/01> patch level 2
Babel <3.9n> and hyphenation patterns for 69 languages loaded.
("C:\Program Files\MiKTeX 2.9\tex\latex\base\report.cls"
Document Class: report 2014/09/29 v1.4h Standard LaTeX document class
("C:\Program Files\MiKTeX 2.9\tex\latex\base\size10.clo"
File: size10.clo 2014/09/29 v1.4h Standard LaTeX file (size option)
)
\c@part=\count79
\c@chapter=\count80
\c@section=\count81
\c@subsection=\count82
\c@subsubsection=\count83
\c@paragraph=\count84
\c@subparagraph=\count85
\c@figure=\count86
\c@table=\count87
\abovecaptionskip=\skip41
\belowcaptionskip=\skip42
\bibindent=\dimen102
)
("C:\Program Files\MiKTeX 2.9\tex\latex\amsmath\amsmath.sty"
Package: amsmath 2013/01/14 v2.14 AMS math features
\@mathmargin=\skip43

For additional information on amsmath, use the `?' option.
("C:\Program Files\MiKTeX 2.9\tex\latex\amsmath\amstext.sty"
Package: amstext 2000/06/29 v2.01

("C:\Program Files\MiKTeX 2.9\tex\latex\amsmath\amsgen.sty"
File: amsgen.sty 1999/11/30 v2.0
\@emptytoks=\toks14
\ex@=\dimen103
))
("C:\Program Files\MiKTeX 2.9\tex\latex\amsmath\amsbsy.sty"
Package: amsbsy 1999/11/29 v1.2d
\pmbraise@=\dimen104
)
("C:\Program Files\MiKTeX 2.9\tex\latex\amsmath\amsopn.sty"
Package: amsopn 1999/12/14 v2.01 operator names
)
\inf@bad=\count88
LaTeX Info: Redefining \frac on input line 210.
\uproot@=\count89
\leftroot@=\count90
LaTeX Info: Redefining \overline on input line 306.
\classnum@=\count91
\DOTSCASE@=\count92
LaTeX Info: Redefining \ldots on input line 378.
LaTeX Info: Redefining \dots on input line 381.
LaTeX Info: Redefining \cdots on input line 466.
\Mathstrutbox@=\box26
\strutbox@=\box27
\big@size=\dimen105
LaTeX Font Info:    Redeclaring font encoding OML on input line 566.
LaTeX Font Info:    Redeclaring font encoding OMS on input line 567.
\macc@depth=\count93
\c@MaxMatrixCols=\count94
\dotsspace@=\muskip10
\c@parentequation=\count95
\dspbrk@lvl=\count96
\tag@help=\toks15
\row@=\count97
\column@=\count98
\maxfields@=\count99
\andhelp@=\toks16
\eqnshift@=\dimen106
\alignsep@=\dimen107
\tagshift@=\dimen108
\tagwidth@=\dimen109
\totwidth@=\dimen110
\lineht@=\dimen111
\@envbody=\toks17
\multlinegap=\skip44
\multlinetaggap=\skip45
\mathdisplay@stack=\toks18
LaTeX Info: Redefining \[ on input line 2665.
LaTeX Info: Redefining \] on input line 2666.
)
("C:\Program Files\MiKTeX 2.9\tex\latex\amsfonts\amsfonts.sty"
Package: amsfonts 2013/01/14 v3.01 Basic AMSFonts support
\symAMSa=\mathgroup4
\symAMSb=\mathgroup5
LaTeX Font Info:    Overwriting math alphabet `\mathfrak' in version `bold'
(Font)                  U/euf/m/n --> U/euf/b/n on input line 106.
)
("C:\Program Files\MiKTeX 2.9\tex\latex\amsfonts\amssymb.sty"
Package: amssymb 2013/01/14 v3.01 AMS font symbols
)
("C:\Program Files\MiKTeX 2.9\tex\latex\base\textcomp.sty"
Package: textcomp 2005/09/27 v1.99g Standard LaTeX package
Package textcomp Info: Sub-encoding information:
(textcomp)               5 = only ISO-Adobe without \textcurrency
(textcomp)               4 = 5 + \texteuro
(textcomp)               3 = 4 + \textohm
(textcomp)               2 = 3 + \textestimated + \textcurrency
(textcomp)               1 = TS1 - \textcircled - \t
(textcomp)               0 = TS1 (full)
(textcomp)             Font families with sub-encoding setting implement
(textcomp)             only a restricted character set as indicated.
(textcomp)             Family '?' is the default used for unknown fonts.
(textcomp)             See the documentation for details.
Package textcomp Info: Setting ? sub-encoding to TS1/1 on input line 79.

("C:\Program Files\MiKTeX 2.9\tex\latex\base\ts1enc.def"
File: ts1enc.def 2001/06/05 v3.0e (jk/car/fm) Standard LaTeX file
)
LaTeX Info: Redefining \oldstylenums on input line 334.
Package textcomp Info: Setting cmr sub-encoding to TS1/0 on input line 349.
Package textcomp Info: Setting cmss sub-encoding to TS1/0 on input line 350.
Package textcomp Info: Setting cmtt sub-encoding to TS1/0 on input line 351.
Package textcomp Info: Setting cmvtt sub-encoding to TS1/0 on input line 352.
Package textcomp Info: Setting cmbr sub-encoding to TS1/0 on input line 353.
Package textcomp Info: Setting cmtl sub-encoding to TS1/0 on input line 354.
Package textcomp Info: Setting ccr sub-encoding to TS1/0 on input line 355.
Package textcomp Info: Setting ptm sub-encoding to TS1/4 on input line 356.
Package textcomp Info: Setting pcr sub-encoding to TS1/4 on input line 357.
Package textcomp Info: Setting phv sub-encoding to TS1/4 on input line 358.
Package textcomp Info: Setting ppl sub-encoding to TS1/3 on input line 359.
Package textcomp Info: Setting pag sub-encoding to TS1/4 on input line 360.
Package textcomp Info: Setting pbk sub-encoding to TS1/4 on input line 361.
Package textcomp Info: Setting pnc sub-encoding to TS1/4 on input line 362.
Package textcomp Info: Setting pzc sub-encoding to TS1/4 on input line 363.
Package textcomp Info: Setting bch sub-encoding to TS1/4 on input line 364.
Package textcomp Info: Setting put sub-encoding to TS1/5 on input line 365.
Package textcomp Info: Setting uag sub-encoding to TS1/5 on input line 366.
Package textcomp Info: Setting ugq sub-encoding to TS1/5 on input line 367.
Package textcomp Info: Setting ul8 sub-encoding to TS1/4 on input line 368.
Package textcomp Info: Setting ul9 sub-encoding to TS1/4 on input line 369.
Package textcomp Info: Setting augie sub-encoding to TS1/5 on input line 370.
Package textcomp Info: Setting dayrom sub-encoding to TS1/3 on input line 371.
Package textcomp Info: Setting dayroms sub-encoding to TS1/3 on input line 372.

Package textcomp Info: Setting pxr sub-encoding to TS1/0 on input line 373.
Package textcomp Info: Setting pxss sub-encoding to TS1/0 on input line 374.
Package textcomp Info: Setting pxtt sub-encoding to TS1/0 on input line 375.
Package textcomp Info: Setting txr sub-encoding to TS1/0 on input line 376.
Package textcomp Info: Setting txss sub-encoding to TS1/0 on input line 377.
Package textcomp Info: Setting txtt sub-encoding to TS1/0 on input line 378.
Package textcomp Info: Setting lmr sub-encoding to TS1/0 on input line 379.
Package textcomp Info: Setting lmdh sub-encoding to TS1/0 on input line 380.
Package textcomp Info: Setting lmss sub-encoding to TS1/0 on input line 381.
Package textcomp Info: Setting lmssq sub-encoding to TS1/0 on input line 382.
Package textcomp Info: Setting lmvtt sub-encoding to TS1/0 on input line 383.
Package textcomp Info: Setting lmtt sub-encoding to TS1/0 on input line 384.
Package textcomp Info: Setting qhv sub-encoding to TS1/0 on input line 385.
Package textcomp Info: Setting qag sub-encoding to TS1/0 on input line 386.
Package textcomp Info: Setting qbk sub-encoding to TS1/0 on input line 387.
Package textcomp Info: Setting qcr sub-encoding to TS1/0 on input line 388.
Package textcomp Info: Setting qcs sub-encoding to TS1/0 on input line 389.
Package textcomp Info: Setting qpl sub-encoding to TS1/0 on input line 390.
Package textcomp Info: Setting qtm sub-encoding to TS1/0 on input line 391.
Package textcomp Info: Setting qzc sub-encoding to TS1/0 on input line 392.
Package textcomp Info: Setting qhvc sub-encoding to TS1/0 on input line 393.
Package textcomp Info: Setting futs sub-encoding to TS1/4 on input line 394.
Package textcomp Info: Setting futx sub-encoding to TS1/4 on input line 395.
Package textcomp Info: Setting futj sub-encoding to TS1/4 on input line 396.
Package textcomp Info: Setting hlh sub-encoding to TS1/3 on input line 397.
Package textcomp Info: Setting hls sub-encoding to TS1/3 on input line 398.
Package textcomp Info: Setting hlst sub-encoding to TS1/3 on input line 399.
Package textcomp Info: Setting hlct sub-encoding to TS1/5 on input line 400.
Package textcomp Info: Setting hlx sub-encoding to TS1/5 on input line 401.
Package textcomp Info: Setting hlce sub-encoding to TS1/5 on input line 402.
Package textcomp Info: Setting hlcn sub-encoding to TS1/5 on input line 403.
Package textcomp Info: Setting hlcw sub-encoding to TS1/5 on input line 404.
Package textcomp Info: Setting hlcf sub-encoding to TS1/5 on input line 405.
Package textcomp Info: Setting pplx sub-encoding to TS1/3 on input line 406.
Package textcomp Info: Setting pplj sub-encoding to TS1/3 on input line 407.
Package textcomp Info: Setting ptmx sub-encoding to TS1/4 on input line 408.
Package textcomp Info: Setting ptmj sub-encoding to TS1/4 on input line 409.
)
("C:\Program Files\MiKTeX 2.9\tex\latex\graphics\graphicx.sty"
Package: graphicx 2014/10/28 v1.0g Enhanced LaTeX Graphics (DPC,SPQR)

("C:\Program Files\MiKTeX 2.9\tex\latex\graphics\keyval.sty"
Package: keyval 2014/10/28 v1.15 key=value parser (DPC)
\KV@toks@=\toks19
)
("C:\Program Files\MiKTeX 2.9\tex\latex\graphics\graphics.sty"
Package: graphics 2014/10/28 v1.0p Standard LaTeX Graphics (DPC,SPQR)

("C:\Program Files\MiKTeX 2.9\tex\latex\graphics\trig.sty"
Package: trig 1999/03/16 v1.09 sin cos tan (DPC)
)
("C:\Program Files\MiKTeX 2.9\tex\latex\00miktex\graphics.cfg"
File: graphics.cfg 2007/01/18 v1.5 graphics configuration of teTeX/TeXLive
)
Package graphics Info: Driver file: pdftex.def on input line 94.

("C:\Program Files\MiKTeX 2.9\tex\latex\pdftex-def\pdftex.def"
File: pdftex.def 2011/05/27 v0.06d Graphics/color for pdfTeX

("C:\Program Files\MiKTeX 2.9\tex\generic\oberdiek\infwarerr.sty"
Package: infwarerr 2010/04/08 v1.3 Providing info/warning/error messages (HO)
)
("C:\Program Files\MiKTeX 2.9\tex\generic\oberdiek\ltxcmds.sty"
Package: ltxcmds 2011/11/09 v1.22 LaTeX kernel commands for general use (HO)
)
\Gread@gobject=\count100
))
\Gin@req@height=\dimen112
\Gin@req@width=\dimen113
)
("C:\Program Files\MiKTeX 2.9\tex\latex\float\float.sty"
Package: float 2001/11/08 v1.3d Float enhancements (AL)
\c@float@type=\count101
\float@exts=\toks20
\float@box=\box28
\@float@everytoks=\toks21
\@floatcapt=\box29
)
("C:\Program Files\MiKTeX 2.9\tex\latex\hyperref\hyperref.sty"
Package: hyperref 2012/11/06 v6.83m Hypertext links for LaTeX

("C:\Program Files\MiKTeX 2.9\tex\generic\oberdiek\hobsub-hyperref.sty"
Package: hobsub-hyperref 2012/04/25 v1.12 Bundle oberdiek, subset hyperref (HO)


("C:\Program Files\MiKTeX 2.9\tex\generic\oberdiek\hobsub-generic.sty"
Package: hobsub-generic 2012/04/25 v1.12 Bundle oberdiek, subset generic (HO)
Package: hobsub 2012/04/25 v1.12 Construct package bundles (HO)
Package hobsub Info: Skipping package `infwarerr' (already loaded).
Package hobsub Info: Skipping package `ltxcmds' (already loaded).
Package: ifluatex 2010/03/01 v1.3 Provides the ifluatex switch (HO)
Package ifluatex Info: LuaTeX not detected.
Package: ifvtex 2010/03/01 v1.5 Detect VTeX and its facilities (HO)
Package ifvtex Info: VTeX not detected.
Package: intcalc 2007/09/27 v1.1 Expandable calculations with integers (HO)
Package: ifpdf 2011/01/30 v2.3 Provides the ifpdf switch (HO)
Package ifpdf Info: pdfTeX in PDF mode is detected.
Package: etexcmds 2011/02/16 v1.5 Avoid name clashes with e-TeX commands (HO)
Package etexcmds Info: Could not find \expanded.
(etexcmds)             That can mean that you are not using pdfTeX 1.50 or
(etexcmds)             that some package has redefined \expanded.
(etexcmds)             In the latter case, load this package earlier.
Package: kvsetkeys 2012/04/25 v1.16 Key value parser (HO)
Package: kvdefinekeys 2011/04/07 v1.3 Define keys (HO)
Package: pdftexcmds 2011/11/29 v0.20 Utility functions of pdfTeX for LuaTeX (HO
)
Package pdftexcmds Info: LuaTeX not detected.
Package pdftexcmds Info: \pdf@primitive is available.
Package pdftexcmds Info: \pdf@ifprimitive is available.
Package pdftexcmds Info: \pdfdraftmode found.
Package: pdfescape 2011/11/25 v1.13 Implements pdfTeX's escape features (HO)
Package: bigintcalc 2012/04/08 v1.3 Expandable calculations on big integers (HO
)
Package: bitset 2011/01/30 v1.1 Handle bit-vector datatype (HO)
Package: uniquecounter 2011/01/30 v1.2 Provide unlimited unique counter (HO)
)
Package hobsub Info: Skipping package `hobsub' (already loaded).
Package: letltxmacro 2010/09/02 v1.4 Let assignment for LaTeX macros (HO)
Package: hopatch 2011/06/24 v1.1 Wrapper for package hooks (HO)
Package: xcolor-patch 2011/01/30 xcolor patch
Package: atveryend 2011/06/30 v1.8 Hooks at the very end of document (HO)
Package atveryend Info: \enddocument detected (standard20110627).
Package: atbegshi 2011/10/05 v1.16 At begin shipout hook (HO)
Package: refcount 2011/10/16 v3.4 Data extraction from label references (HO)
Package: hycolor 2011/01/30 v1.7 Color options for hyperref/bookmark (HO)
)
("C:\Program Files\MiKTeX 2.9\tex\generic\ifxetex\ifxetex.sty"
Package: ifxetex 2010/09/12 v0.6 Provides ifxetex conditional
)
("C:\Program Files\MiKTeX 2.9\tex\latex\oberdiek\auxhook.sty"
Package: auxhook 2011/03/04 v1.3 Hooks for auxiliary files (HO)
)
("C:\Program Files\MiKTeX 2.9\tex\latex\oberdiek\kvoptions.sty"
Package: kvoptions 2011/06/30 v3.11 Key value format for package options (HO)
)
\@linkdim=\dimen114
\Hy@linkcounter=\count102
\Hy@pagecounter=\count103

("C:\Program Files\MiKTeX 2.9\tex\latex\hyperref\pd1enc.def"
File: pd1enc.def 2012/11/06 v6.83m Hyperref: PDFDocEncoding definition (HO)
)
\Hy@SavedSpaceFactor=\count104

("C:\Program Files\MiKTeX 2.9\tex\latex\00miktex\hyperref.cfg"
File: hyperref.cfg 2002/06/06 v1.2 hyperref configuration of TeXLive
)
Package hyperref Info: Hyper figures OFF on input line 4443.
Package hyperref Info: Link nesting OFF on input line 4448.
Package hyperref Info: Hyper index ON on input line 4451.
Package hyperref Info: Plain pages OFF on input line 4458.
Package hyperref Info: Backreferencing OFF on input line 4463.
Package hyperref Info: Implicit mode ON; LaTeX internals redefined.
Package hyperref Info: Bookmarks ON on input line 4688.
\c@Hy@tempcnt=\count105

(C:\Users\Administrator\AppData\Roaming\MiKTeX\2.9\tex\latex\url\url.sty
\Urlmuskip=\muskip11
Package: url 2013/09/16  ver 3.4  Verb mode for urls, etc.
)
LaTeX Info: Redefining \url on input line 5041.
\XeTeXLinkMargin=\dimen115
\Fld@menulength=\count106
\Field@Width=\dimen116
\Fld@charsize=\dimen117
Package hyperref Info: Hyper figures OFF on input line 6295.
Package hyperref Info: Link nesting OFF on input line 6300.
Package hyperref Info: Hyper index ON on input line 6303.
Package hyperref Info: backreferencing OFF on input line 6310.
Package hyperref Info: Link coloring OFF on input line 6315.
Package hyperref Info: Link coloring with OCG OFF on input line 6320.
Package hyperref Info: PDF/A mode OFF on input line 6325.
LaTeX Info: Redefining \ref on input line 6365.
LaTeX Info: Redefining \pageref on input line 6369.
\Hy@abspage=\count107
\c@Item=\count108
\c@Hfootnote=\count109
)

Package hyperref Message: Driver (autodetected): hpdftex.

("C:\Program Files\MiKTeX 2.9\tex\latex\hyperref\hpdftex.def"
File: hpdftex.def 2012/11/06 v6.83m Hyperref driver for pdfTeX
\Fld@listcount=\count110
\c@bookmark@seq@number=\count111

("C:\Program Files\MiKTeX 2.9\tex\latex\oberdiek\rerunfilecheck.sty"
Package: rerunfilecheck 2011/04/15 v1.7 Rerun checks for auxiliary files (HO)
Package uniquecounter Info: New unique counter `rerunfilecheck' on input line 2
82.
)
\Hy@SectionHShift=\skip46
)
("C:\Program Files\MiKTeX 2.9\tex\latex\geometry\geometry.sty"
Package: geometry 2010/09/12 v5.6 Page Geometry
\Gm@cnth=\count112
\Gm@cntv=\count113
\c@Gm@tempcnt=\count114
\Gm@bindingoffset=\dimen118
\Gm@wd@mp=\dimen119
\Gm@odd@mp=\dimen120
\Gm@even@mp=\dimen121
\Gm@layoutwidth=\dimen122
\Gm@layoutheight=\dimen123
\Gm@layouthoffset=\dimen124
\Gm@layoutvoffset=\dimen125
\Gm@dimlist=\toks22

("C:\Program Files\MiKTeX 2.9\tex\latex\geometry\geometry.cfg"))
(C:\Users\Administrator\AppData\Roaming\MiKTeX\2.9\tex\latex\todonotes\todonote
s.sty
Package: todonotes 2015/07/09 .dtx Todonotes source and documentation.
Package: todonotes 2012/07/25
 ("C:\Program Files\MiKTeX 2.9\tex\latex\base\ifthen.sty"
Package: ifthen 2014/09/29 v1.1c Standard LaTeX ifthen package (DPC)
)
("C:\Program Files\MiKTeX 2.9\tex\latex\xkeyval\xkeyval.sty"
Package: xkeyval 2014/12/03 v2.7a package option processing (HA)

("C:\Program Files\MiKTeX 2.9\tex\generic\xkeyval\xkeyval.tex"
("C:\Program Files\MiKTeX 2.9\tex\generic\xkeyval\xkvutils.tex"
\XKV@toks=\toks23
\XKV@tempa@toks=\toks24
)
\XKV@depth=\count115
File: xkeyval.tex 2014/12/03 v2.7a key=value parser (HA)
))
(C:\Users\Administrator\AppData\Roaming\MiKTeX\2.9\tex\latex\xcolor\xcolor.sty
Package: xcolor 2007/01/21 v2.11 LaTeX color extensions (UK)

("C:\Program Files\MiKTeX 2.9\tex\latex\00miktex\color.cfg"
File: color.cfg 2007/01/18 v1.5 color configuration of teTeX/TeXLive
)
Package xcolor Info: Driver file: pdftex.def on input line 225.
Package xcolor Info: Model `cmy' substituted by `cmy0' on input line 1337.
Package xcolor Info: Model `hsb' substituted by `rgb' on input line 1341.
Package xcolor Info: Model `RGB' extended on input line 1353.
Package xcolor Info: Model `HTML' substituted by `rgb' on input line 1355.
Package xcolor Info: Model `Hsb' substituted by `hsb' on input line 1356.
Package xcolor Info: Model `tHsb' substituted by `hsb' on input line 1357.
Package xcolor Info: Model `HSB' substituted by `hsb' on input line 1358.
Package xcolor Info: Model `Gray' substituted by `gray' on input line 1359.
Package xcolor Info: Model `wave' substituted by `hsb' on input line 1360.
)
(C:\Users\Administrator\AppData\Roaming\MiKTeX\2.9\tex\latex\pgf\frontendlayer\
tikz.sty
(C:\Users\Administrator\AppData\Roaming\MiKTeX\2.9\tex\latex\pgf\basiclayer\pgf
.sty
(C:\Users\Administrator\AppData\Roaming\MiKTeX\2.9\tex\latex\pgf\utilities\pgfr
cs.sty
(C:\Users\Administrator\AppData\Roaming\MiKTeX\2.9\tex\generic\pgf\utilities\pg
futil-common.tex
\pgfutil@everybye=\toks25
\pgfutil@tempdima=\dimen126
\pgfutil@tempdimb=\dimen127

(C:\Users\Administrator\AppData\Roaming\MiKTeX\2.9\tex\generic\pgf\utilities\pg
futil-common-lists.tex))
(C:\Users\Administrator\AppData\Roaming\MiKTeX\2.9\tex\generic\pgf\utilities\pg
futil-latex.def
\pgfutil@abb=\box30

(C:\Users\Administrator\AppData\Roaming\MiKTeX\2.9\tex\latex\ms\everyshi.sty
Package: everyshi 2001/05/15 v3.00 EveryShipout Package (MS)
))
(C:\Users\Administrator\AppData\Roaming\MiKTeX\2.9\tex\generic\pgf\utilities\pg
frcs.code.tex
Package: pgfrcs 2015/08/07 v3.0.1a (rcs-revision 1.31)
))
Package: pgf 2015/08/07 v3.0.1a (rcs-revision 1.15)

(C:\Users\Administrator\AppData\Roaming\MiKTeX\2.9\tex\latex\pgf\basiclayer\pgf
core.sty
(C:\Users\Administrator\AppData\Roaming\MiKTeX\2.9\tex\latex\pgf\systemlayer\pg
fsys.sty
(C:\Users\Administrator\AppData\Roaming\MiKTeX\2.9\tex\generic\pgf\systemlayer\
pgfsys.code.tex
Package: pgfsys 2014/07/09 v3.0.1a (rcs-revision 1.48)

(C:\Users\Administrator\AppData\Roaming\MiKTeX\2.9\tex\generic\pgf\utilities\pg
fkeys.code.tex
\pgfkeys@pathtoks=\toks26
\pgfkeys@temptoks=\toks27

(C:\Users\Administrator\AppData\Roaming\MiKTeX\2.9\tex\generic\pgf\utilities\pg
fkeysfiltered.code.tex
\pgfkeys@tmptoks=\toks28
))
\pgf@x=\dimen128
\pgf@y=\dimen129
\pgf@xa=\dimen130
\pgf@ya=\dimen131
\pgf@xb=\dimen132
\pgf@yb=\dimen133
\pgf@xc=\dimen134
\pgf@yc=\dimen135
\w@pgf@writea=\write3
\r@pgf@reada=\read1
\c@pgf@counta=\count116
\c@pgf@countb=\count117
\c@pgf@countc=\count118
\c@pgf@countd=\count119
\t@pgf@toka=\toks29
\t@pgf@tokb=\toks30
\t@pgf@tokc=\toks31

(C:\Users\Administrator\AppData\Roaming\MiKTeX\2.9\tex\generic\pgf\systemlayer\
pgf.cfg
File: pgf.cfg 2008/05/14  (rcs-revision 1.7)
)
Driver file for pgf: pgfsys-pdftex.def

(C:\Users\Administrator\AppData\Roaming\MiKTeX\2.9\tex\generic\pgf\systemlayer\
pgfsys-pdftex.def
File: pgfsys-pdftex.def 2014/10/11  (rcs-revision 1.35)

(C:\Users\Administrator\AppData\Roaming\MiKTeX\2.9\tex\generic\pgf\systemlayer\
pgfsys-common-pdf.def
File: pgfsys-common-pdf.def 2013/10/10  (rcs-revision 1.13)
)))
(C:\Users\Administrator\AppData\Roaming\MiKTeX\2.9\tex\generic\pgf\systemlayer\
pgfsyssoftpath.code.tex
File: pgfsyssoftpath.code.tex 2013/09/09  (rcs-revision 1.9)
\pgfsyssoftpath@smallbuffer@items=\count120
\pgfsyssoftpath@bigbuffer@items=\count121
)
(C:\Users\Administrator\AppData\Roaming\MiKTeX\2.9\tex\generic\pgf\systemlayer\
pgfsysprotocol.code.tex
File: pgfsysprotocol.code.tex 2006/10/16  (rcs-revision 1.4)
))
(C:\Users\Administrator\AppData\Roaming\MiKTeX\2.9\tex\generic\pgf\basiclayer\p
gfcore.code.tex
Package: pgfcore 2010/04/11 v3.0.1a (rcs-revision 1.7)

(C:\Users\Administrator\AppData\Roaming\MiKTeX\2.9\tex\generic\pgf\math\pgfmath
.code.tex
(C:\Users\Administrator\AppData\Roaming\MiKTeX\2.9\tex\generic\pgf\math\pgfmath
calc.code.tex
(C:\Users\Administrator\AppData\Roaming\MiKTeX\2.9\tex\generic\pgf\math\pgfmath
util.code.tex)
(C:\Users\Administrator\AppData\Roaming\MiKTeX\2.9\tex\generic\pgf\math\pgfmath
parser.code.tex
\pgfmath@dimen=\dimen136
\pgfmath@count=\count122
\pgfmath@box=\box31
\pgfmath@toks=\toks32
\pgfmath@stack@operand=\toks33
\pgfmath@stack@operation=\toks34
)
(C:\Users\Administrator\AppData\Roaming\MiKTeX\2.9\tex\generic\pgf\math\pgfmath
functions.code.tex
(C:\Users\Administrator\AppData\Roaming\MiKTeX\2.9\tex\generic\pgf\math\pgfmath
functions.basic.code.tex)
(C:\Users\Administrator\AppData\Roaming\MiKTeX\2.9\tex\generic\pgf\math\pgfmath
functions.trigonometric.code.tex)
(C:\Users\Administrator\AppData\Roaming\MiKTeX\2.9\tex\generic\pgf\math\pgfmath
functions.random.code.tex)
(C:\Users\Administrator\AppData\Roaming\MiKTeX\2.9\tex\generic\pgf\math\pgfmath
functions.comparison.code.tex)
(C:\Users\Administrator\AppData\Roaming\MiKTeX\2.9\tex\generic\pgf\math\pgfmath
functions.base.code.tex)
(C:\Users\Administrator\AppData\Roaming\MiKTeX\2.9\tex\generic\pgf\math\pgfmath
functions.round.code.tex)
(C:\Users\Administrator\AppData\Roaming\MiKTeX\2.9\tex\generic\pgf\math\pgfmath
functions.misc.code.tex)
(C:\Users\Administrator\AppData\Roaming\MiKTeX\2.9\tex\generic\pgf\math\pgfmath
functions.integerarithmetics.code.tex)))
(C:\Users\Administrator\AppData\Roaming\MiKTeX\2.9\tex\generic\pgf\math\pgfmath
float.code.tex
\c@pgfmathroundto@lastzeros=\count123
))
(C:\Users\Administrator\AppData\Roaming\MiKTeX\2.9\tex\generic\pgf\basiclayer\p
gfcorepoints.code.tex
File: pgfcorepoints.code.tex 2013/10/07  (rcs-revision 1.27)
\pgf@picminx=\dimen137
\pgf@picmaxx=\dimen138
\pgf@picminy=\dimen139
\pgf@picmaxy=\dimen140
\pgf@pathminx=\dimen141
\pgf@pathmaxx=\dimen142
\pgf@pathminy=\dimen143
\pgf@pathmaxy=\dimen144
\pgf@xx=\dimen145
\pgf@xy=\dimen146
\pgf@yx=\dimen147
\pgf@yy=\dimen148
\pgf@zx=\dimen149
\pgf@zy=\dimen150
)
(C:\Users\Administrator\AppData\Roaming\MiKTeX\2.9\tex\generic\pgf\basiclayer\p
gfcorepathconstruct.code.tex
File: pgfcorepathconstruct.code.tex 2013/10/07  (rcs-revision 1.29)
\pgf@path@lastx=\dimen151
\pgf@path@lasty=\dimen152
)
(C:\Users\Administrator\AppData\Roaming\MiKTeX\2.9\tex\generic\pgf\basiclayer\p
gfcorepathusage.code.tex
File: pgfcorepathusage.code.tex 2014/11/02  (rcs-revision 1.24)
\pgf@shorten@end@additional=\dimen153
\pgf@shorten@start@additional=\dimen154
)
(C:\Users\Administrator\AppData\Roaming\MiKTeX\2.9\tex\generic\pgf\basiclayer\p
gfcorescopes.code.tex
File: pgfcorescopes.code.tex 2015/05/08  (rcs-revision 1.46)
\pgfpic=\box32
\pgf@hbox=\box33
\pgf@layerbox@main=\box34
\pgf@picture@serial@count=\count124
)
(C:\Users\Administrator\AppData\Roaming\MiKTeX\2.9\tex\generic\pgf\basiclayer\p
gfcoregraphicstate.code.tex
File: pgfcoregraphicstate.code.tex 2014/11/02  (rcs-revision 1.12)
\pgflinewidth=\dimen155
)
(C:\Users\Administrator\AppData\Roaming\MiKTeX\2.9\tex\generic\pgf\basiclayer\p
gfcoretransformations.code.tex
File: pgfcoretransformations.code.tex 2015/08/07  (rcs-revision 1.20)
\pgf@pt@x=\dimen156
\pgf@pt@y=\dimen157
\pgf@pt@temp=\dimen158
)
(C:\Users\Administrator\AppData\Roaming\MiKTeX\2.9\tex\generic\pgf\basiclayer\p
gfcorequick.code.tex
File: pgfcorequick.code.tex 2008/10/09  (rcs-revision 1.3)
)
(C:\Users\Administrator\AppData\Roaming\MiKTeX\2.9\tex\generic\pgf\basiclayer\p
gfcoreobjects.code.tex
File: pgfcoreobjects.code.tex 2006/10/11  (rcs-revision 1.2)
)
(C:\Users\Administrator\AppData\Roaming\MiKTeX\2.9\tex\generic\pgf\basiclayer\p
gfcorepathprocessing.code.tex
File: pgfcorepathprocessing.code.tex 2013/09/09  (rcs-revision 1.9)
)
(C:\Users\Administrator\AppData\Roaming\MiKTeX\2.9\tex\generic\pgf\basiclayer\p
gfcorearrows.code.tex
File: pgfcorearrows.code.tex 2015/05/14  (rcs-revision 1.43)
\pgfarrowsep=\dimen159
)
(C:\Users\Administrator\AppData\Roaming\MiKTeX\2.9\tex\generic\pgf\basiclayer\p
gfcoreshade.code.tex
File: pgfcoreshade.code.tex 2013/07/15  (rcs-revision 1.15)
\pgf@max=\dimen160
\pgf@sys@shading@range@num=\count125
)
(C:\Users\Administrator\AppData\Roaming\MiKTeX\2.9\tex\generic\pgf\basiclayer\p
gfcoreimage.code.tex
File: pgfcoreimage.code.tex 2013/07/15  (rcs-revision 1.18)

(C:\Users\Administrator\AppData\Roaming\MiKTeX\2.9\tex\generic\pgf\basiclayer\p
gfcoreexternal.code.tex
File: pgfcoreexternal.code.tex 2014/07/09  (rcs-revision 1.21)
\pgfexternal@startupbox=\box35
))
(C:\Users\Administrator\AppData\Roaming\MiKTeX\2.9\tex\generic\pgf\basiclayer\p
gfcorelayers.code.tex
File: pgfcorelayers.code.tex 2013/07/18  (rcs-revision 1.7)
)
(C:\Users\Administrator\AppData\Roaming\MiKTeX\2.9\tex\generic\pgf\basiclayer\p
gfcoretransparency.code.tex
File: pgfcoretransparency.code.tex 2013/09/30  (rcs-revision 1.5)
)
(C:\Users\Administrator\AppData\Roaming\MiKTeX\2.9\tex\generic\pgf\basiclayer\p
gfcorepatterns.code.tex
File: pgfcorepatterns.code.tex 2013/11/07  (rcs-revision 1.5)
)))
(C:\Users\Administrator\AppData\Roaming\MiKTeX\2.9\tex\generic\pgf\modules\pgfm
oduleshapes.code.tex
File: pgfmoduleshapes.code.tex 2014/03/21  (rcs-revision 1.35)
\pgfnodeparttextbox=\box36
)
(C:\Users\Administrator\AppData\Roaming\MiKTeX\2.9\tex\generic\pgf\modules\pgfm
oduleplot.code.tex
File: pgfmoduleplot.code.tex 2015/08/03  (rcs-revision 1.13)
)
(C:\Users\Administrator\AppData\Roaming\MiKTeX\2.9\tex\latex\pgf\compatibility\
pgfcomp-version-0-65.sty
Package: pgfcomp-version-0-65 2007/07/03 v3.0.1a (rcs-revision 1.7)
\pgf@nodesepstart=\dimen161
\pgf@nodesepend=\dimen162
)
(C:\Users\Administrator\AppData\Roaming\MiKTeX\2.9\tex\latex\pgf\compatibility\
pgfcomp-version-1-18.sty
Package: pgfcomp-version-1-18 2007/07/23 v3.0.1a (rcs-revision 1.1)
))
(C:\Users\Administrator\AppData\Roaming\MiKTeX\2.9\tex\latex\pgf\utilities\pgff
or.sty
(C:\Users\Administrator\AppData\Roaming\MiKTeX\2.9\tex\latex\pgf\utilities\pgfk
eys.sty
(C:\Users\Administrator\AppData\Roaming\MiKTeX\2.9\tex\generic\pgf\utilities\pg
fkeys.code.tex))
(C:\Users\Administrator\AppData\Roaming\MiKTeX\2.9\tex\latex\pgf\math\pgfmath.s
ty
(C:\Users\Administrator\AppData\Roaming\MiKTeX\2.9\tex\generic\pgf\math\pgfmath
.code.tex))
(C:\Users\Administrator\AppData\Roaming\MiKTeX\2.9\tex\generic\pgf\utilities\pg
ffor.code.tex
Package: pgffor 2013/12/13 v3.0.1a (rcs-revision 1.25)

(C:\Users\Administrator\AppData\Roaming\MiKTeX\2.9\tex\generic\pgf\math\pgfmath
.code.tex)
\pgffor@iter=\dimen163
\pgffor@skip=\dimen164
\pgffor@stack=\toks35
\pgffor@toks=\toks36
))
(C:\Users\Administrator\AppData\Roaming\MiKTeX\2.9\tex\generic\pgf\frontendlaye
r\tikz\tikz.code.tex
Package: tikz 2015/08/07 v3.0.1a (rcs-revision 1.151)

(C:\Users\Administrator\AppData\Roaming\MiKTeX\2.9\tex\generic\pgf\libraries\pg
flibraryplothandlers.code.tex
File: pgflibraryplothandlers.code.tex 2013/08/31 v3.0.1a (rcs-revision 1.20)
\pgf@plot@mark@count=\count126
\pgfplotmarksize=\dimen165
)
\tikz@lastx=\dimen166
\tikz@lasty=\dimen167
\tikz@lastxsaved=\dimen168
\tikz@lastysaved=\dimen169
\tikzleveldistance=\dimen170
\tikzsiblingdistance=\dimen171
\tikz@figbox=\box37
\tikz@figbox@bg=\box38
\tikz@tempbox=\box39
\tikz@tempbox@bg=\box40
\tikztreelevel=\count127
\tikznumberofchildren=\count128
\tikznumberofcurrentchild=\count129
\tikz@fig@count=\count130

(C:\Users\Administrator\AppData\Roaming\MiKTeX\2.9\tex\generic\pgf\modules\pgfm
odulematrix.code.tex
File: pgfmodulematrix.code.tex 2013/09/17  (rcs-revision 1.8)
\pgfmatrixcurrentrow=\count131
\pgfmatrixcurrentcolumn=\count132
\pgf@matrix@numberofcolumns=\count133
)
\tikz@expandcount=\count134

(C:\Users\Administrator\AppData\Roaming\MiKTeX\2.9\tex\generic\pgf\frontendlaye
r\tikz\libraries\tikzlibrarytopaths.code.tex
File: tikzlibrarytopaths.code.tex 2008/06/17 v3.0.1a (rcs-revision 1.2)
)))
(C:\Users\Administrator\AppData\Roaming\MiKTeX\2.9\tex\generic\pgf\frontendlaye
r\tikz\libraries\tikzlibrarypositioning.code.tex
File: tikzlibrarypositioning.code.tex 2008/10/06 v3.0.1a (rcs-revision 1.7)
)
("C:\Program Files\MiKTeX 2.9\tex\latex\tools\calc.sty"
Package: calc 2014/10/28 v4.3 Infix arithmetic (KKT,FJ)
\calc@Acount=\count135
\calc@Bcount=\count136
\calc@Adimen=\dimen172
\calc@Bdimen=\dimen173
\calc@Askip=\skip47
\calc@Bskip=\skip48
LaTeX Info: Redefining \setlength on input line 80.
LaTeX Info: Redefining \addtolength on input line 81.
\calc@Ccount=\count137
\calc@Cskip=\skip49
)
\c@@todonotes@numberoftodonotes=\count138
) ("Angus Steele.aux"
(LiteratureReview.aux) (Application.aux) (PlatformDesign.aux) (SystemDesign.aux
) (ModellingFlightDynamics.aux) (Removed.aux))
\openout1 = `"Angus Steele.aux"'.

LaTeX Font Info:    Checking defaults for OML/cmm/m/it on input line 24.
LaTeX Font Info:    ... okay on input line 24.
LaTeX Font Info:    Checking defaults for T1/cmr/m/n on input line 24.
LaTeX Font Info:    ... okay on input line 24.
LaTeX Font Info:    Checking defaults for OT1/cmr/m/n on input line 24.
LaTeX Font Info:    ... okay on input line 24.
LaTeX Font Info:    Checking defaults for OMS/cmsy/m/n on input line 24.
LaTeX Font Info:    ... okay on input line 24.
LaTeX Font Info:    Checking defaults for OMX/cmex/m/n on input line 24.
LaTeX Font Info:    ... okay on input line 24.
LaTeX Font Info:    Checking defaults for U/cmr/m/n on input line 24.
LaTeX Font Info:    ... okay on input line 24.
LaTeX Font Info:    Checking defaults for TS1/cmr/m/n on input line 24.
LaTeX Font Info:    Try loading font information for TS1+cmr on input line 24.

("C:\Program Files\MiKTeX 2.9\tex\latex\base\ts1cmr.fd"
File: ts1cmr.fd 2014/09/29 v2.5h Standard LaTeX font definitions
)
LaTeX Font Info:    ... okay on input line 24.
LaTeX Font Info:    Checking defaults for PD1/pdf/m/n on input line 24.
LaTeX Font Info:    ... okay on input line 24.

(C:\Users\Administrator\AppData\Roaming\MiKTeX\2.9\tex\context\base\supp-pdf.mk
ii
[Loading MPS to PDF converter (version 2006.09.02).]
\scratchcounter=\count139
\scratchdimen=\dimen174
\scratchbox=\box41
\nofMPsegments=\count140
\nofMParguments=\count141
\everyMPshowfont=\toks37
\MPscratchCnt=\count142
\MPscratchDim=\dimen175
\MPnumerator=\count143
\makeMPintoPDFobject=\count144
\everyMPtoPDFconversion=\toks38
)
\AtBeginShipoutBox=\box42
Package hyperref Info: Link coloring OFF on input line 24.
 ("C:\Program Files\MiKTeX 2.9\tex\latex\hyperref\nameref.sty"
Package: nameref 2012/10/27 v2.43 Cross-referencing by name of section

("C:\Program Files\MiKTeX 2.9\tex\generic\oberdiek\gettitlestring.sty"
Package: gettitlestring 2010/12/03 v1.4 Cleanup title references (HO)
)
\c@section@level=\count145
)
LaTeX Info: Redefining \ref on input line 24.
LaTeX Info: Redefining \pageref on input line 24.
LaTeX Info: Redefining \nameref on input line 24.

("Angus Steele.out") ("Angus Steele.out")
\@outlinefile=\write4
\openout4 = `"Angus Steele.out"'.


*geometry* driver: auto-detecting
*geometry* detected driver: pdftex
*geometry* verbose mode - [ preamble ] result:
* driver: pdftex
* paper: a4paper
* layout: <same size as paper>
* layoutoffset:(h,v)=(0.0pt,0.0pt)
* modes: 
* h-part:(L,W,R)=(72.26999pt, 452.9679pt, 72.26999pt)
* v-part:(T,H,B)=(72.26999pt, 700.50687pt, 72.26999pt)
* \paperwidth=597.50787pt
* \paperheight=845.04684pt
* \textwidth=452.9679pt
* \textheight=700.50687pt
* \oddsidemargin=0.0pt
* \evensidemargin=0.0pt
* \topmargin=-37.0pt
* \headheight=12.0pt
* \headsep=25.0pt
* \topskip=10.0pt
* \footskip=30.0pt
* \marginparwidth=65.0pt
* \marginparsep=11.0pt
* \columnsep=10.0pt
* \skip\footins=9.0pt plus 4.0pt minus 2.0pt
* \hoffset=0.0pt
* \voffset=0.0pt
* \mag=1000
* \@twocolumnfalse
* \@twosidefalse
* \@mparswitchfalse
* \@reversemarginfalse
* (1in=72.27pt=25.4mm, 1cm=28.453pt)

ABD: EveryShipout initializing macros
LaTeX Font Info:    Try loading font information for U+msa on input line 27.

("C:\Program Files\MiKTeX 2.9\tex\latex\amsfonts\umsa.fd"
File: umsa.fd 2013/01/14 v3.01 AMS symbols A
)
LaTeX Font Info:    Try loading font information for U+msb on input line 27.

("C:\Program Files\MiKTeX 2.9\tex\latex\amsfonts\umsb.fd"
File: umsb.fd 2013/01/14 v3.01 AMS symbols B
) [1

{C:/Users/Administrator/AppData/Local/MiKTeX/2.9/pdftex/config/pdftex.map}]
Package hyperref Info: bookmark level for unknown todo defaults to 0 on input l
ine 31.
pdfTeX warning (ext4): destination with the same identifier (name{page.1}) has 
been already used, duplicate ignored
<to be read again> 
                   \relax 
l.36 \tableofcontents
                      [1

] ("Angus Steele.toc" [2

])
\tf@toc=\write5
\openout5 = `"Angus Steele.toc"'.

 [3] ("Angus Steele.lot")
\tf@lot=\write6
\openout6 = `"Angus Steele.lot"'.


[4

] [5

] [6]
\openout2 = `LiteratureReview.aux'.

 (LiteratureReview.tex
Chapter 1.
<Images/Literature/Bird.jpg, id=472, 614.295pt x 443.6575pt>
File: Images/Literature/Bird.jpg Graphic file (type jpg)

<use Images/Literature/Bird.jpg>
Package pdftex.def Info: Images/Literature/Bird.jpg used on input line 29.
(pdftex.def)             Requested size: 236.36838pt x 170.71652pt.
 [7


] [8 <./Images/Literature/Bird.jpg>]
<Images/Literature/AntiTorque.jpg, id=512, 631.35875pt x 508.90125pt>
File: Images/Literature/AntiTorque.jpg Graphic file (type jpg)

<use Images/Literature/AntiTorque.jpg>
Package pdftex.def Info: Images/Literature/AntiTorque.jpg used on input line 91
.
(pdftex.def)             Requested size: 211.79791pt x 170.71652pt.
 [9 <./Images/Literature/AntiTorque.jpg>] <Images/Literature/TipSpeed.jpg, id=5
31, 443.7378pt x 219.7008pt>
File: Images/Literature/TipSpeed.jpg Graphic file (type jpg)

<use Images/Literature/TipSpeed.jpg>
Package pdftex.def Info: Images/Literature/TipSpeed.jpg used on input line 107.

(pdftex.def)             Requested size: 344.82085pt x 170.71652pt.

<Images/Literature/MomentumTheoryAirFlow.jpg, id=538, 307.50885pt x 260.172pt>
File: Images/Literature/MomentumTheoryAirFlow.jpg Graphic file (type jpg)

<use Images/Literature/MomentumTheoryAirFlow.jpg>
Package pdftex.def Info: Images/Literature/MomentumTheoryAirFlow.jpg used on in
put line 122.
(pdftex.def)             Requested size: 269.0508pt x 227.62204pt.


LaTeX Warning: `h' float specifier changed to `ht'.

<Images/Literature/MomentumTheoryHover.jpg, id=544, 269.5671pt x 270.2898pt>
File: Images/Literature/MomentumTheoryHover.jpg Graphic file (type jpg)

<use Images/Literature/MomentumTheoryHover.jpg>
Package pdftex.def Info: Images/Literature/MomentumTheoryHover.jpg used on inpu
t line 133.
(pdftex.def)             Requested size: 227.01889pt x 227.62204pt.
 [10 <./Images/Literature/TipSpeed.jpg>] [11 <./Images/Literature/MomentumTheor
yAirFlow.jpg> <./Images/Literature/MomentumTheoryHover.jpg>]
<Images/Literature/DL.jpg, id=578, 429.605pt x 287.0725pt>
File: Images/Literature/DL.jpg Graphic file (type jpg)

<use Images/Literature/DL.jpg>
Package pdftex.def Info: Images/Literature/DL.jpg used on input line 174.
(pdftex.def)             Requested size: 255.48376pt x 170.71652pt.
 [12 <./Images/Literature/DL.jpg>] [13]
<Images/Literature/RollPitchYaw.jpg, id=619, 401.5pt x 366.36874pt>
File: Images/Literature/RollPitchYaw.jpg Graphic file (type jpg)

<use Images/Literature/RollPitchYaw.jpg>
Package pdftex.def Info: Images/Literature/RollPitchYaw.jpg used on input line 
236.
(pdftex.def)             Requested size: 187.08765pt x 170.71652pt.


LaTeX Warning: Reference `TAB_PlatformDesign' on page 14 undefined on input lin
e 243.


<Images/Literature/MainHeliComponents.jpg, id=627, 1313.90875pt x 848.16875pt>
File: Images/Literature/MainHeliComponents.jpg Graphic file (type jpg)

<use Images/Literature/MainHeliComponents.jpg>
Package pdftex.def Info: Images/Literature/MainHeliComponents.jpg used on input
 line 251.
(pdftex.def)             Requested size: 264.46118pt x 170.71652pt.
 [14 <./Images/Literature/RollPitchYaw.jpg>] <Images/Literature/NOTAR.jpg, id=6
42, 1075.01625pt x 868.24374pt>
File: Images/Literature/NOTAR.jpg Graphic file (type jpg)

<use Images/Literature/NOTAR.jpg>
Package pdftex.def Info: Images/Literature/NOTAR.jpg used on input line 262.
(pdftex.def)             Requested size: 211.37428pt x 170.71652pt.
 [15 <./Images/Literature/MainHeliComponents.jpg> <./Images/Literature/NOTAR.jp
g>]
<Images/Literature/Coaxial.jpg, id=655, 451.6875pt x 295.85532pt>
File: Images/Literature/Coaxial.jpg Graphic file (type jpg)

<use Images/Literature/Coaxial.jpg>
Package pdftex.def Info: Images/Literature/Coaxial.jpg used on input line 275.
(pdftex.def)             Requested size: 260.64185pt x 170.71652pt.

<Images/Literature/Coaxial_Configs.jpg, id=660, 999.735pt x 248.93pt>
File: Images/Literature/Coaxial_Configs.jpg Graphic file (type jpg)

<use Images/Literature/Coaxial_Configs.jpg>
Package pdftex.def Info: Images/Literature/Coaxial_Configs.jpg used on input li
ne 284.
(pdftex.def)             Requested size: 342.81905pt x 85.35826pt.
 [16 <./Images/Literature/Coaxial.jpg> <./Images/Literature/Coaxial_Configs.jpg
>]
<Images/Literature/TandemBEE.jpg, id=678, 677.53125pt x 450.18187pt>
File: Images/Literature/TandemBEE.jpg Graphic file (type jpg)

<use Images/Literature/TandemBEE.jpg>
Package pdftex.def Info: Images/Literature/TandemBEE.jpg used on input line 298
.
(pdftex.def)             Requested size: 256.92696pt x 170.71652pt.

<Images/Literature/QuadBlades.jpg, id=685, 593.21625pt x 576.1525pt>
File: Images/Literature/QuadBlades.jpg Graphic file (type jpg)

<use Images/Literature/QuadBlades.jpg>
Package pdftex.def Info: Images/Literature/QuadBlades.jpg used on input line 31
5.
(pdftex.def)             Requested size: 175.77573pt x 170.71652pt.
 [17 <./Images/Literature/TandemBEE.jpg>] <Images/Literature/TiltRotor.jpg, id=
706, 421.575pt x 447.17062pt>
File: Images/Literature/TiltRotor.jpg Graphic file (type jpg)

<use Images/Literature/TiltRotor.jpg>
Package pdftex.def Info: Images/Literature/TiltRotor.jpg used on input line 330
.
(pdftex.def)             Requested size: 160.94635pt x 170.71652pt.
 [18 <./Images/Literature/QuadBlades.jpg> <./Images/Literature/TiltRotor.jpg>]
<Images/Literature/Frames.jpg, id=730, 1145.27875pt x 491.8375pt>
File: Images/Literature/Frames.jpg Graphic file (type jpg)

<use Images/Literature/Frames.jpg>
Package pdftex.def Info: Images/Literature/Frames.jpg used on input line 383.
(pdftex.def)             Requested size: 397.51575pt x 170.71652pt.
 [19] [20 <./Images/Literature/Frames.jpg>]

LaTeX Font Warning: Command \small invalid in math mode on input line 467.

[21] [22] [23]
<Images/Literature/BladeFlapping3.jpg, id=856, 483.7272pt x 163.3302pt>
File: Images/Literature/BladeFlapping3.jpg Graphic file (type jpg)

<use Images/Literature/BladeFlapping3.jpg>
Package pdftex.def Info: Images/Literature/BladeFlapping3.jpg used on input lin
e 588.
(pdftex.def)             Requested size: 421.3338pt x 142.26378pt.
 [24 <./Images/Literature/BladeFlapping3.jpg>] <Images/Literature/NearWall.jpg,
 id=874, 1102.1175pt x 376.40625pt>
File: Images/Literature/NearWall.jpg Graphic file (type jpg)

<use Images/Literature/NearWall.jpg>
Package pdftex.def Info: Images/Literature/NearWall.jpg used on input line 612.

(pdftex.def)             Requested size: 416.55553pt x 142.26378pt.

<Images/Literature/NearWallGraph.jpg, id=879, 520.94624pt x 361.35pt>
File: Images/Literature/NearWallGraph.jpg Graphic file (type jpg)

<use Images/Literature/NearWallGraph.jpg>
Package pdftex.def Info: Images/Literature/NearWallGraph.jpg used on input line
 621.
(pdftex.def)             Requested size: 205.09982pt x 142.26378pt.
 [25 <./Images/Literature/NearWall.jpg>]) [26 <./Images/Literature/NearWallGrap
h.jpg>] [27]
\openout2 = `Application.aux'.

 (Application.tex
Chapter 2.
[28



]) [29]
\openout2 = `PlatformDesign.aux'.

 (PlatformDesign.tex
Chapter 3.
<Images/Design/LeftRightMovements.jpg, id=929, 447.17062pt x 143.03438pt>
File: Images/Design/LeftRightMovements.jpg Graphic file (type jpg)

<use Images/Design/LeftRightMovements.jpg>
Package pdftex.def Info: Images/Design/LeftRightMovements.jpg used on input lin
e 21.
(pdftex.def)             Requested size: 266.85791pt x 85.35826pt.
 [30



] [31 <./Images/Design/LeftRightMovements.jpg>] <Images/Design/Gimball.png, id=
949, 795.97375pt x 779.91376pt>
File: Images/Design/Gimball.png Graphic file (type png)

<use Images/Design/Gimball.png>
Package pdftex.def Info: Images/Design/Gimball.png used on input line 50.
(pdftex.def)             Requested size: 174.22813pt x 170.71652pt.

<Images/Design/Tandem.jpg, id=954, 903.375pt x 903.375pt>
File: Images/Design/Tandem.jpg Graphic file (type jpg)

<use Images/Design/Tandem.jpg>
Package pdftex.def Info: Images/Design/Tandem.jpg used on input line 62.
(pdftex.def)             Requested size: 170.70569pt x 170.71652pt.


LaTeX Warning: Reference `IM_Overlapping' on page 32 undefined on input line 73
.

[32 <./Images/Design/Gimball.png> <./Images/Design/Tandem.jpg>]
<Images/Design/UnlikeSizes.jpg, id=966, 943.525pt x 943.525pt>
File: Images/Design/UnlikeSizes.jpg Graphic file (type jpg)

<use Images/Design/UnlikeSizes.jpg>
Package pdftex.def Info: Images/Design/UnlikeSizes.jpg used on input line 77.
(pdftex.def)             Requested size: 170.70538pt x 170.71652pt.

<Images/Design/Overlapping.jpg, id=967, 702.625pt x 509.905pt>
File: Images/Design/Overlapping.jpg Graphic file (type jpg)

<use Images/Design/Overlapping.jpg>
Package pdftex.def Info: Images/Design/Overlapping.jpg used on input line 78.
(pdftex.def)             Requested size: 235.24413pt x 170.71652pt.

<Images/Design/OverlappingVD.jpg, id=973, 307.90031pt x 185.94469pt>
File: Images/Design/OverlappingVD.jpg Graphic file (type jpg)

<use Images/Design/OverlappingVD.jpg>
Package pdftex.def Info: Images/Design/OverlappingVD.jpg used on input line 89.

(pdftex.def)             Requested size: 282.69383pt x 170.71652pt.
 [33 <./Images/Design/UnlikeSizes.jpg> <./Images/Design/Overlapping.jpg> <./Ima
ges/Design/OverlappingVD.jpg>]

LaTeX Warning: No positions in optional float specifier.
               Default added (so using `tbp') on input line 109.

<Images/Design/SeperationGraph.png, id=993, 976.6086pt x 447.5922pt>
File: Images/Design/SeperationGraph.png Graphic file (type png)

<use Images/Design/SeperationGraph.png>
Package pdftex.def Info: Images/Design/SeperationGraph.png used on input line 1
11.
(pdftex.def)             Requested size: 372.48608pt x 170.71652pt.

<Images/Design/UnlikeSizeRotorPair.jpg, id=995, 361.35pt x 259.7203pt>
File: Images/Design/UnlikeSizeRotorPair.jpg Graphic file (type jpg)

<use Images/Design/UnlikeSizeRotorPair.jpg>
Package pdftex.def Info: Images/Design/UnlikeSizeRotorPair.jpg used on input li
ne 126.
(pdftex.def)             Requested size: 237.51581pt x 170.71652pt.
 [34 <./Images/Design/SeperationGraph.png> <./Images/Design/UnlikeSizeRotorPair
.jpg>]
<Images/Design/Excel.png, id=1007, 1442.38875pt x 781.41937pt>
File: Images/Design/Excel.png Graphic file (type png)

<use Images/Design/Excel.png>
Package pdftex.def Info: Images/Design/Excel.png used on input line 147.
(pdftex.def)             Requested size: 426.79134pt x 231.20828pt.
 [35 <./Images/Design/Excel.png>]

LaTeX Warning: Marginpar on page 36 moved.

<Images/Design/ExcelGraphs.png, id=1019, 825.0825pt x 537.50812pt>
File: Images/Design/ExcelGraphs.png Graphic file (type png)

<use Images/Design/ExcelGraphs.png>
Package pdftex.def Info: Images/Design/ExcelGraphs.png used on input line 169.
(pdftex.def)             Requested size: 436.75029pt x 284.52756pt.
 [36 <./Images/Design/ExcelGraphs.png>])
[37]
\openout2 = `SystemDesign.aux'.

 (SystemDesign.tex
Chapter 4.

<../Design/System/SystemArchitecture/SystemArchitecture.jpg, id=1042, 730.22812
pt x 587.94656pt>
File: ../Design/System/SystemArchitecture/SystemArchitecture.jpg Graphic file (
type jpg)

<use ../Design/System/SystemArchitecture/SystemArchitecture.jpg>
Package pdftex.def Info: ../Design/System/SystemArchitecture/SystemArchitecture
.jpg used on input line 9.
(pdftex.def)             Requested size: 353.38025pt x 284.52756pt.
 [38



 <../Design/System/SystemArchitecture/SystemArchitecture.jpg>] [39]
<Images/System/Pixhawk.jpg, id=1056, 325.215pt x 325.215pt>
File: Images/System/Pixhawk.jpg Graphic file (type jpg)

<use Images/System/Pixhawk.jpg>
Package pdftex.def Info: Images/System/Pixhawk.jpg used on input line 61.
(pdftex.def)             Requested size: 170.72058pt x 170.71652pt.
 [40 <./Images/System/Pixhawk.jpg>]
<Images/System/Pi.jpg, id=1073, 376.40625pt x 251.43938pt>
File: Images/System/Pi.jpg Graphic file (type jpg)

<use Images/System/Pi.jpg>
Package pdftex.def Info: Images/System/Pi.jpg used on input line 87.
(pdftex.def)             Requested size: 255.5623pt x 170.71652pt.
 [41 <./Images/System/Pi.jpg>]
<Images/System/XU4.jpg, id=1085, 983.675pt x 423.5825pt>
File: Images/System/XU4.jpg Graphic file (type jpg)

<use Images/System/XU4.jpg>
Package pdftex.def Info: Images/System/XU4.jpg used on input line 99.
(pdftex.def)             Requested size: 396.44995pt x 170.71652pt.
Missing character: There is no â in font cmr10!
Missing character: There is no „ in font cmr10!
Missing character: There is no ¢ in font cmr10!
Missing character: There is no â in font cmr10!
Missing character: There is no „ in font cmr10!
Missing character: There is no ¢ in font cmr10!
 [42 <./Images/System/XU4.jpg>]

LaTeX Warning: Marginpar on page 43 moved.

) [43]
\openout2 = `ModellingFlightDynamics.aux'.

 (ModellingFlightDynamics.tex
Chapter 5.
) [44



]
\openout2 = `Removed.aux'.

 (Removed.tex
Chapter 6.

Package hyperref Warning: Difference (2) between bookmark levels is greater 
(hyperref)                than one, level fixed on input line 3.

[45



]

LaTeX Warning: No positions in optional float specifier.
               Default added (so using `!tbp') on input line 31.

[46]
Overfull \hbox (9.81807pt too wide) in paragraph at lines 77--80
 []\OT1/cmr/bx/n/10 Operating/Rotating Shafts[] \OT1/cmr/m/n/10 Pro-vi-sion for
 wear and tear (Gap en-large-ment) Cylin-dri-cal Joint, labyrinth
 []

) [47] ("Angus Steele.bbl"
Missing character: There is no â in font cmr10!
Missing character: There is no ˆ in font cmr10!
Missing character: There is no — in font cmr10!
 [48


]
Missing character: There is no Ã in font cmr10!
Missing character: There is no © in font cmr10!
Missing character: There is no Ã in font cmr10!
Missing character: There is no ­ in font cmr10!
Missing character: There is no Ã in font cmr10!
Missing character: There is no ³ in font cmr10!
Missing character: There is no â in font cmr10!
Missing character: There is no € in font cmr10!
Missing character: There is no “ in font cmr10!
 [49]) [50]
Package atveryend Info: Empty hook `BeforeClearDocument' on input line 89.
Package atveryend Info: Empty hook `AfterLastShipout' on input line 89.
 ("Angus Steele.aux"
(LiteratureReview.aux) (Application.aux) (PlatformDesign.aux) (SystemDesign.aux
) (ModellingFlightDynamics.aux) (Removed.aux))
Package atveryend Info: Executing hook `AtVeryEndDocument' on input line 89.
Package atveryend Info: Executing hook `AtEndAfterFileList' on input line 89.
Package rerunfilecheck Info: File `"Angus Steele".out' has not changed.
(rerunfilecheck)             Checksum: D5B455F1BD1CC2AE1576A06F4FDE1BAC;5504.


LaTeX Warning: There were undefined references.

Package atveryend Info: Empty hook `AtVeryVeryEnd' on input line 89.
 ) 
Here is how much of TeX's memory you used:
 18147 strings out of 493634
 338999 string characters out of 3143720
 425770 words of memory out of 3000000
 20777 multiletter control sequences out of 15000+200000
 17221 words of font info for 63 fonts, out of 3000000 for 9000
 1025 hyphenation exceptions out of 8191
 62i,16n,82p,1232b,714s stack positions out of 5000i,500n,10000p,200000b,50000s
 <C:\Users\Administrator\AppData\Local\MiKTeX\2.9\fonts\pk\ljfour\jknappen\ec
\dpi600\tcrm1000.pk><C:/Program Files/MiKTeX 2.9/fonts/type1/public/amsfonts/cm
/cmbx10.pfb><C:/Program Files/MiKTeX 2.9/fonts/type1/public/amsfonts/cm/cmbx12.
pfb><C:/Program Files/MiKTeX 2.9/fonts/type1/public/amsfonts/cm/cmbxti10.pfb><C
:/Program Files/MiKTeX 2.9/fonts/type1/public/amsfonts/cm/cmex10.pfb><C:/Progra
m Files/MiKTeX 2.9/fonts/type1/public/amsfonts/cm/cmmi10.pfb><C:/Program Files/
MiKTeX 2.9/fonts/type1/public/amsfonts/cm/cmmi5.pfb><C:/Program Files/MiKTeX 2.
9/fonts/type1/public/amsfonts/cm/cmmi7.pfb><C:/Program Files/MiKTeX 2.9/fonts/t
ype1/public/amsfonts/cm/cmmib10.pfb><C:/Program Files/MiKTeX 2.9/fonts/type1/pu
blic/amsfonts/cmextra/cmmib7.pfb><C:/Program Files/MiKTeX 2.9/fonts/type1/publi
c/amsfonts/cm/cmr10.pfb><C:/Program Files/MiKTeX 2.9/fonts/type1/public/amsfont
s/cm/cmr12.pfb><C:/Program Files/MiKTeX 2.9/fonts/type1/public/amsfonts/cm/cmr1
7.pfb><C:/Program Files/MiKTeX 2.9/fonts/type1/public/amsfonts/cm/cmr6.pfb><C:/
Program Files/MiKTeX 2.9/fonts/type1/public/amsfonts/cm/cmr7.pfb><C:/Program Fi
les/MiKTeX 2.9/fonts/type1/public/amsfonts/cm/cmr8.pfb><C:/Program Files/MiKTeX
 2.9/fonts/type1/public/amsfonts/cm/cmsy10.pfb><C:/Program Files/MiKTeX 2.9/fon
ts/type1/public/amsfonts/cm/cmsy7.pfb><C:/Program Files/MiKTeX 2.9/fonts/type1/
public/amsfonts/cm/cmti10.pfb><C:/Program Files/MiKTeX 2.9/fonts/type1/public/a
msfonts/symbols/msam10.pfb><C:/Program Files/MiKTeX 2.9/fonts/type1/public/amsf
onts/symbols/msbm10.pfb>
Output written on "Angus Steele.pdf" (51 pages, 3834446 bytes).
PDF statistics:
 1339 PDF objects out of 1440 (max. 8388607)
 364 named destinations out of 1000 (max. 500000)
 805 words of extra memory for PDF output out of 10000 (max. 10000000)
