This is pdfTeX, Version 3.14159265-2.6-1.40.17 (MiKTeX 2.9.6210) (preloaded format=pdflatex 2017.3.14)  19 FEB 2018 16:34
entering extended mode
**./Structural_Dynamics.tex
(Structural_Dynamics.tex
LaTeX2e <2017/01/01> patch level 3
Babel <3.9r> and hyphenation patterns for 73 language(s) loaded.
(D:\programmas\Miktex\tex\latex\base\report.cls
Document Class: report 2014/09/29 v1.4h Standard LaTeX document class
(D:\programmas\Miktex\tex\latex\base\size10.clo
File: size10.clo 2014/09/29 v1.4h Standard LaTeX file (size option)
)
\c@part=\count79
\c@chapter=\count80
\c@section=\count81
\c@subsection=\count82
\c@subsubsection=\count83
\c@paragraph=\count84
\c@subparagraph=\count85
\c@figure=\count86
\c@table=\count87
\abovecaptionskip=\skip41
\belowcaptionskip=\skip42
\bibindent=\dimen102
)
(D:\programmas\Miktex\tex\latex\graphics\graphicx.sty
Package: graphicx 2014/10/28 v1.0g Enhanced LaTeX Graphics (DPC,SPQR)

(D:\programmas\Miktex\tex\latex\graphics\keyval.sty
Package: keyval 2014/10/28 v1.15 key=value parser (DPC)
\KV@toks@=\toks14
)
(D:\programmas\Miktex\tex\latex\graphics\graphics.sty
Package: graphics 2016/10/09 v1.0u Standard LaTeX Graphics (DPC,SPQR)

(D:\programmas\Miktex\tex\latex\graphics\trig.sty
Package: trig 2016/01/03 v1.10 sin cos tan (DPC)
)
(D:\programmas\Miktex\tex\latex\graphics-cfg\graphics.cfg
File: graphics.cfg 2016/06/04 v1.11 sample graphics configuration
)
Package graphics Info: Driver file: pdftex.def on input line 99.

(D:\programmas\Miktex\tex\latex\graphics-def\pdftex.def
File: pdftex.def 2017/01/12 v0.06k Graphics/color for pdfTeX

(D:\programmas\Miktex\tex\generic\oberdiek\infwarerr.sty
Package: infwarerr 2016/05/16 v1.4 Providing info/warning/error messages (HO)
)
(D:\programmas\Miktex\tex\generic\oberdiek\ltxcmds.sty
Package: ltxcmds 2016/05/16 v1.23 LaTeX kernel commands for general use (HO)
)
\Gread@gobject=\count88
))
\Gin@req@height=\dimen103
\Gin@req@width=\dimen104
)
(D:\programmas\Miktex\tex\latex\graphics\color.sty
Package: color 2016/07/10 v1.1e Standard LaTeX Color (DPC)

(D:\programmas\Miktex\tex\latex\graphics-cfg\color.cfg
File: color.cfg 2016/01/02 v1.6 sample color configuration
)
Package color Info: Driver file: pdftex.def on input line 147.
)
(D:\programmas\Miktex\tex\generic\babel\babel.sty
Package: babel 2016/04/23 3.9r The Babel package

*************************************
* Local config file bblopts.cfg used
*
(D:\programmas\Miktex\tex\latex\arabi\bblopts.cfg
File: bblopts.cfg 2005/09/08 v0.1 add Arabic and Farsi to "declared" options of
 babel
)
(D:\programmas\Miktex\tex\latex\babel-english\english.ldf
Language: english 2017/01/24 v3.3q English support from the babel system

(D:\programmas\Miktex\tex\generic\babel\babel.def
File: babel.def 2016/04/23 3.9r Babel common definitions
\babel@savecnt=\count89
\U@D=\dimen105
)
\l@canadian = a dialect from \language\l@american 
\l@australian = a dialect from \language\l@british 
\l@newzealand = a dialect from \language\l@british 
)) (tuereport2008.sty
Package: tuereport2008 2009/03/19 v.1.0 TU/e style report 2008

(D:\programmas\Miktex\tex\latex\base\fontenc.sty
Package: fontenc 2017/02/22 v2.0g Standard LaTeX package

(D:\programmas\Miktex\tex\latex\base\t1enc.def
File: t1enc.def 2017/02/22 v2.0g Standard LaTeX file
LaTeX Font Info:    Redeclaring font encoding T1 on input line 48.
))
(D:\programmas\Miktex\tex\latex\fancyhdr\fancyhdr.sty
Package: fancyhdr 2016/09/06 3.8 Extensive control of page headers and footers
\fancy@headwidth=\skip43
\f@ncyO@elh=\skip44
\f@ncyO@erh=\skip45
\f@ncyO@olh=\skip46
\f@ncyO@orh=\skip47
\f@ncyO@elf=\skip48
\f@ncyO@erf=\skip49
\f@ncyO@olf=\skip50
\f@ncyO@orf=\skip51
)
(D:\programmas\Miktex\tex\latex\tools\afterpage.sty
Package: afterpage 2014/10/28 v1.08 After-Page Package (DPC)
\AP@output=\toks15
\AP@partial=\box26
\AP@footins=\box27
)
(D:\programmas\Miktex\tex\latex\base\ifthen.sty
Package: ifthen 2014/09/29 v1.1c Standard LaTeX ifthen package (DPC)
)
(D:\programmas\Miktex\tex\latex\pgf\basiclayer\pgf.sty
(D:\programmas\Miktex\tex\latex\pgf\utilities\pgfrcs.sty
(D:\programmas\Miktex\tex\generic\pgf\utilities\pgfutil-common.tex
\pgfutil@everybye=\toks16
\pgfutil@tempdima=\dimen106
\pgfutil@tempdimb=\dimen107

(D:\programmas\Miktex\tex\generic\pgf\utilities\pgfutil-common-lists.tex))
(D:\programmas\Miktex\tex\generic\pgf\utilities\pgfutil-latex.def
\pgfutil@abb=\box28

(D:\programmas\Miktex\tex\latex\ms\everyshi.sty
Package: everyshi 2001/05/15 v3.00 EveryShipout Package (MS)
))
(D:\programmas\Miktex\tex\generic\pgf\utilities\pgfrcs.code.tex
Package: pgfrcs 2015/08/07 v3.0.1a (rcs-revision 1.31)
))
Package: pgf 2015/08/07 v3.0.1a (rcs-revision 1.15)

(D:\programmas\Miktex\tex\latex\pgf\basiclayer\pgfcore.sty
(D:\programmas\Miktex\tex\latex\pgf\systemlayer\pgfsys.sty
(D:\programmas\Miktex\tex\generic\pgf\systemlayer\pgfsys.code.tex
Package: pgfsys 2014/07/09 v3.0.1a (rcs-revision 1.48)

(D:\programmas\Miktex\tex\generic\pgf\utilities\pgfkeys.code.tex
\pgfkeys@pathtoks=\toks17
\pgfkeys@temptoks=\toks18

(D:\programmas\Miktex\tex\generic\pgf\utilities\pgfkeysfiltered.code.tex
\pgfkeys@tmptoks=\toks19
))
\pgf@x=\dimen108
\pgf@y=\dimen109
\pgf@xa=\dimen110
\pgf@ya=\dimen111
\pgf@xb=\dimen112
\pgf@yb=\dimen113
\pgf@xc=\dimen114
\pgf@yc=\dimen115
\w@pgf@writea=\write3
\r@pgf@reada=\read1
\c@pgf@counta=\count90
\c@pgf@countb=\count91
\c@pgf@countc=\count92
\c@pgf@countd=\count93
\t@pgf@toka=\toks20
\t@pgf@tokb=\toks21
\t@pgf@tokc=\toks22

(D:\programmas\Miktex\tex\generic\pgf\systemlayer\pgf.cfg
File: pgf.cfg 2008/05/14  (rcs-revision 1.7)
)
Driver file for pgf: pgfsys-pdftex.def

(D:\programmas\Miktex\tex\generic\pgf\systemlayer\pgfsys-pdftex.def
File: pgfsys-pdftex.def 2014/10/11  (rcs-revision 1.35)

(D:\programmas\Miktex\tex\generic\pgf\systemlayer\pgfsys-common-pdf.def
File: pgfsys-common-pdf.def 2013/10/10  (rcs-revision 1.13)
)))
(D:\programmas\Miktex\tex\generic\pgf\systemlayer\pgfsyssoftpath.code.tex
File: pgfsyssoftpath.code.tex 2013/09/09  (rcs-revision 1.9)
\pgfsyssoftpath@smallbuffer@items=\count94
\pgfsyssoftpath@bigbuffer@items=\count95
)
(D:\programmas\Miktex\tex\generic\pgf\systemlayer\pgfsysprotocol.code.tex
File: pgfsysprotocol.code.tex 2006/10/16  (rcs-revision 1.4)
))
(D:\programmas\Miktex\tex\latex\xcolor\xcolor.sty
Package: xcolor 2016/05/11 v2.12 LaTeX color extensions (UK)

(D:\programmas\Miktex\tex\latex\graphics-cfg\color.cfg
File: color.cfg 2016/01/02 v1.6 sample color configuration
)
Package xcolor Info: Driver file: pdftex.def on input line 225.
LaTeX Info: Redefining \color on input line 709.
Package xcolor Info: Model `cmy' substituted by `cmy0' on input line 1348.
Package xcolor Info: Model `hsb' substituted by `rgb' on input line 1352.
Package xcolor Info: Model `RGB' extended on input line 1364.
Package xcolor Info: Model `HTML' substituted by `rgb' on input line 1366.
Package xcolor Info: Model `Hsb' substituted by `hsb' on input line 1367.
Package xcolor Info: Model `tHsb' substituted by `hsb' on input line 1368.
Package xcolor Info: Model `HSB' substituted by `hsb' on input line 1369.
Package xcolor Info: Model `Gray' substituted by `gray' on input line 1370.
Package xcolor Info: Model `wave' substituted by `hsb' on input line 1371.
)
(D:\programmas\Miktex\tex\generic\pgf\basiclayer\pgfcore.code.tex
Package: pgfcore 2010/04/11 v3.0.1a (rcs-revision 1.7)

(D:\programmas\Miktex\tex\generic\pgf\math\pgfmath.code.tex
(D:\programmas\Miktex\tex\generic\pgf\math\pgfmathcalc.code.tex
(D:\programmas\Miktex\tex\generic\pgf\math\pgfmathutil.code.tex)
(D:\programmas\Miktex\tex\generic\pgf\math\pgfmathparser.code.tex
\pgfmath@dimen=\dimen116
\pgfmath@count=\count96
\pgfmath@box=\box29
\pgfmath@toks=\toks23
\pgfmath@stack@operand=\toks24
\pgfmath@stack@operation=\toks25
)
(D:\programmas\Miktex\tex\generic\pgf\math\pgfmathfunctions.code.tex
(D:\programmas\Miktex\tex\generic\pgf\math\pgfmathfunctions.basic.code.tex)
(D:\programmas\Miktex\tex\generic\pgf\math\pgfmathfunctions.trigonometric.code.
tex)
(D:\programmas\Miktex\tex\generic\pgf\math\pgfmathfunctions.random.code.tex)
(D:\programmas\Miktex\tex\generic\pgf\math\pgfmathfunctions.comparison.code.tex
) (D:\programmas\Miktex\tex\generic\pgf\math\pgfmathfunctions.base.code.tex)
(D:\programmas\Miktex\tex\generic\pgf\math\pgfmathfunctions.round.code.tex)
(D:\programmas\Miktex\tex\generic\pgf\math\pgfmathfunctions.misc.code.tex)
(D:\programmas\Miktex\tex\generic\pgf\math\pgfmathfunctions.integerarithmetics.
code.tex))) (D:\programmas\Miktex\tex\generic\pgf\math\pgfmathfloat.code.tex
\c@pgfmathroundto@lastzeros=\count97
))
(D:\programmas\Miktex\tex\generic\pgf\basiclayer\pgfcorepoints.code.tex
File: pgfcorepoints.code.tex 2013/10/07  (rcs-revision 1.27)
\pgf@picminx=\dimen117
\pgf@picmaxx=\dimen118
\pgf@picminy=\dimen119
\pgf@picmaxy=\dimen120
\pgf@pathminx=\dimen121
\pgf@pathmaxx=\dimen122
\pgf@pathminy=\dimen123
\pgf@pathmaxy=\dimen124
\pgf@xx=\dimen125
\pgf@xy=\dimen126
\pgf@yx=\dimen127
\pgf@yy=\dimen128
\pgf@zx=\dimen129
\pgf@zy=\dimen130
)
(D:\programmas\Miktex\tex\generic\pgf\basiclayer\pgfcorepathconstruct.code.tex
File: pgfcorepathconstruct.code.tex 2013/10/07  (rcs-revision 1.29)
\pgf@path@lastx=\dimen131
\pgf@path@lasty=\dimen132
) (D:\programmas\Miktex\tex\generic\pgf\basiclayer\pgfcorepathusage.code.tex
File: pgfcorepathusage.code.tex 2014/11/02  (rcs-revision 1.24)
\pgf@shorten@end@additional=\dimen133
\pgf@shorten@start@additional=\dimen134
)
(D:\programmas\Miktex\tex\generic\pgf\basiclayer\pgfcorescopes.code.tex
File: pgfcorescopes.code.tex 2015/05/08  (rcs-revision 1.46)
\pgfpic=\box30
\pgf@hbox=\box31
\pgf@layerbox@main=\box32
\pgf@picture@serial@count=\count98
)
(D:\programmas\Miktex\tex\generic\pgf\basiclayer\pgfcoregraphicstate.code.tex
File: pgfcoregraphicstate.code.tex 2014/11/02  (rcs-revision 1.12)
\pgflinewidth=\dimen135
)
(D:\programmas\Miktex\tex\generic\pgf\basiclayer\pgfcoretransformations.code.te
x
File: pgfcoretransformations.code.tex 2015/08/07  (rcs-revision 1.20)
\pgf@pt@x=\dimen136
\pgf@pt@y=\dimen137
\pgf@pt@temp=\dimen138
) (D:\programmas\Miktex\tex\generic\pgf\basiclayer\pgfcorequick.code.tex
File: pgfcorequick.code.tex 2008/10/09  (rcs-revision 1.3)
)
(D:\programmas\Miktex\tex\generic\pgf\basiclayer\pgfcoreobjects.code.tex
File: pgfcoreobjects.code.tex 2006/10/11  (rcs-revision 1.2)
)
(D:\programmas\Miktex\tex\generic\pgf\basiclayer\pgfcorepathprocessing.code.tex
File: pgfcorepathprocessing.code.tex 2013/09/09  (rcs-revision 1.9)
) (D:\programmas\Miktex\tex\generic\pgf\basiclayer\pgfcorearrows.code.tex
File: pgfcorearrows.code.tex 2015/05/14  (rcs-revision 1.43)
\pgfarrowsep=\dimen139
)
(D:\programmas\Miktex\tex\generic\pgf\basiclayer\pgfcoreshade.code.tex
File: pgfcoreshade.code.tex 2013/07/15  (rcs-revision 1.15)
\pgf@max=\dimen140
\pgf@sys@shading@range@num=\count99
)
(D:\programmas\Miktex\tex\generic\pgf\basiclayer\pgfcoreimage.code.tex
File: pgfcoreimage.code.tex 2013/07/15  (rcs-revision 1.18)

(D:\programmas\Miktex\tex\generic\pgf\basiclayer\pgfcoreexternal.code.tex
File: pgfcoreexternal.code.tex 2014/07/09  (rcs-revision 1.21)
\pgfexternal@startupbox=\box33
))
(D:\programmas\Miktex\tex\generic\pgf\basiclayer\pgfcorelayers.code.tex
File: pgfcorelayers.code.tex 2013/07/18  (rcs-revision 1.7)
)
(D:\programmas\Miktex\tex\generic\pgf\basiclayer\pgfcoretransparency.code.tex
File: pgfcoretransparency.code.tex 2013/09/30  (rcs-revision 1.5)
)
(D:\programmas\Miktex\tex\generic\pgf\basiclayer\pgfcorepatterns.code.tex
File: pgfcorepatterns.code.tex 2013/11/07  (rcs-revision 1.5)
)))
(D:\programmas\Miktex\tex\generic\pgf\modules\pgfmoduleshapes.code.tex
File: pgfmoduleshapes.code.tex 2014/03/21  (rcs-revision 1.35)
\pgfnodeparttextbox=\box34
)
(D:\programmas\Miktex\tex\generic\pgf\modules\pgfmoduleplot.code.tex
File: pgfmoduleplot.code.tex 2015/08/03  (rcs-revision 1.13)
)
(D:\programmas\Miktex\tex\latex\pgf\compatibility\pgfcomp-version-0-65.sty
Package: pgfcomp-version-0-65 2007/07/03 v3.0.1a (rcs-revision 1.7)
\pgf@nodesepstart=\dimen141
\pgf@nodesepend=\dimen142
)
(D:\programmas\Miktex\tex\latex\pgf\compatibility\pgfcomp-version-1-18.sty
Package: pgfcomp-version-1-18 2007/07/23 v3.0.1a (rcs-revision 1.1)
))
(D:\programmas\Miktex\tex\latex\a4wide\a4wide.sty
Package: a4wide 1994/08/30

(D:\programmas\Miktex\tex\latex\ntgclass\a4.sty
Package: a4 2004/04/15 v1.2g A4 based page layout
))
(D:\programmas\Miktex\tex\latex\titlesec\titletoc.sty
Package: titletoc 2011/12/15 v1.6 TOC entries
\ttl@leftsep=\dimen143
)
(D:\programmas\Miktex\tex\latex\changepage\changepage.sty
Package: changepage 2009/10/20 v1.0c check page and change page layout
\c@cp@cntr=\count100
\cp@tempcnt=\count101
)

Package Fancyhdr Warning: \fancyhead's `E' option without twoside option is use
less on input line 197.


Package Fancyhdr Warning: \fancyfoot's `E' option without twoside option is use
less on input line 197.

) (D:\programmas\Miktex\tex\latex\appendix\Appendix.sty

LaTeX Warning: You have requested package `Appendix',
               but the package provides `appendix'.

Package: appendix 2009/09/02 v1.2b extra appendix facilities
\c@@pps=\count102
\c@@ppsavesec=\count103
\c@@ppsaveapp=\count104
) (D:\programmas\Miktex\tex\latex\tocbibind\tocbibind.sty
Package: tocbibind 2010/10/13 v1.5k extra ToC listings
Package tocbibind Info: The document has chapter divisions on input line 50.


Package tocbibind Note: Using chapter style headings, unless overridden.

) (D:\programmas\Miktex\tex\latex\was\gensymb.sty
Package: gensymb 2003/07/02 v1.0 (WaS)
)
(D:\programmas\Miktex\tex\latex\amsmath\amsmath.sty
Package: amsmath 2016/11/05 v2.16a AMS math features
\@mathmargin=\skip52

For additional information on amsmath, use the `?' option.
(D:\programmas\Miktex\tex\latex\amsmath\amstext.sty
Package: amstext 2000/06/29 v2.01 AMS text

(D:\programmas\Miktex\tex\latex\amsmath\amsgen.sty
File: amsgen.sty 1999/11/30 v2.0 generic functions
\@emptytoks=\toks26
\ex@=\dimen144
))
(D:\programmas\Miktex\tex\latex\amsmath\amsbsy.sty
Package: amsbsy 1999/11/29 v1.2d Bold Symbols
\pmbraise@=\dimen145
)
(D:\programmas\Miktex\tex\latex\amsmath\amsopn.sty
Package: amsopn 2016/03/08 v2.02 operator names
)
\inf@bad=\count105
LaTeX Info: Redefining \frac on input line 213.
\uproot@=\count106
\leftroot@=\count107
LaTeX Info: Redefining \overline on input line 375.
\classnum@=\count108
\DOTSCASE@=\count109
LaTeX Info: Redefining \ldots on input line 472.
LaTeX Info: Redefining \dots on input line 475.
LaTeX Info: Redefining \cdots on input line 596.
\Mathstrutbox@=\box35
\strutbox@=\box36
\big@size=\dimen146
LaTeX Font Info:    Redeclaring font encoding OML on input line 712.
LaTeX Font Info:    Redeclaring font encoding OMS on input line 713.
\macc@depth=\count110
\c@MaxMatrixCols=\count111
\dotsspace@=\muskip10
\c@parentequation=\count112
\dspbrk@lvl=\count113
\tag@help=\toks27
\row@=\count114
\column@=\count115
\maxfields@=\count116
\andhelp@=\toks28
\eqnshift@=\dimen147
\alignsep@=\dimen148
\tagshift@=\dimen149
\tagwidth@=\dimen150
\totwidth@=\dimen151
\lineht@=\dimen152
\@envbody=\toks29
\multlinegap=\skip53
\multlinetaggap=\skip54
\mathdisplay@stack=\toks30
LaTeX Info: Redefining \[ on input line 2817.
LaTeX Info: Redefining \] on input line 2818.
)
(D:\programmas\Miktex\tex\latex\url\url.sty
\Urlmuskip=\muskip11
Package: url 2013/09/16  ver 3.4  Verb mode for urls, etc.
)
(D:\programmas\Miktex\tex\latex\textgreek\textgreek.sty
Package: textgreek 2011/10/09 v0.7 Greek symbols in text
Package textgreek Info: Loading the definitions for the Greek fontencoding. on 
input line 39.

(D:\programmas\Miktex\tex\latex\greek-fontenc\lgrenc.def
File: lgrenc.def 2015/12/07 v0.13.1 LGR Greek font encoding definitions

(D:\programmas\Miktex\tex\latex\greek-fontenc\greek-fontenc.def
File: greek-fontenc.def 2015/08/04 v0.13 Common Greek font encoding definitions

))
Package textgreek Info: Loaded fontmap: {eur/*/*}{U/eur/*/*} {phv/*/*}{U/psy/*/
*}. on input line 69.
)
(D:\programmas\Miktex\tex\latex\oberdiek\epstopdf.sty
Package: epstopdf 2016/05/15 v2.6 Conversion with epstopdf on the fly (HO)

(D:\programmas\Miktex\tex\latex\oberdiek\epstopdf-base.sty
Package: epstopdf-base 2016/05/15 v2.6 Base part for package epstopdf

(D:\programmas\Miktex\tex\latex\oberdiek\grfext.sty
Package: grfext 2016/05/16 v1.2 Manage graphics extensions (HO)

(D:\programmas\Miktex\tex\generic\oberdiek\kvdefinekeys.sty
Package: kvdefinekeys 2016/05/16 v1.4 Define keys (HO)
))
(D:\programmas\Miktex\tex\latex\oberdiek\kvoptions.sty
Package: kvoptions 2016/05/16 v3.12 Key value format for package options (HO)

(D:\programmas\Miktex\tex\generic\oberdiek\kvsetkeys.sty
Package: kvsetkeys 2016/05/16 v1.17 Key value parser (HO)

(D:\programmas\Miktex\tex\generic\oberdiek\etexcmds.sty
Package: etexcmds 2016/05/16 v1.6 Avoid name clashes with e-TeX commands (HO)

(D:\programmas\Miktex\tex\generic\oberdiek\ifluatex.sty
Package: ifluatex 2016/05/16 v1.4 Provides the ifluatex switch (HO)
Package ifluatex Info: LuaTeX not detected.
)
Package etexcmds Info: Could not find \expanded.
(etexcmds)             That can mean that you are not using pdfTeX 1.50 or
(etexcmds)             that some package has redefined \expanded.
(etexcmds)             In the latter case, load this package earlier.
)))
(D:\programmas\Miktex\tex\generic\oberdiek\pdftexcmds.sty
Package: pdftexcmds 2016/05/21 v0.22 Utility functions of pdfTeX for LuaTeX (HO
)

(D:\programmas\Miktex\tex\generic\oberdiek\ifpdf.sty
Package: ifpdf 2016/05/14 v3.1 Provides the ifpdf switch
)
Package pdftexcmds Info: LuaTeX not detected.
Package pdftexcmds Info: \pdf@primitive is available.
Package pdftexcmds Info: \pdf@ifprimitive is available.
Package pdftexcmds Info: \pdfdraftmode found.
)
Package epstopdf-base Info: Redefining graphics rule for `.eps' on input line 4
38.
Package grfext Info: Graphics extension search list:
(grfext)             [.png,.pdf,.jpg,.mps,.jpeg,.jbig2,.jb2,.PNG,.PDF,.JPG,.JPE
G,.JBIG2,.JB2,.eps]
(grfext)             \AppendGraphicsExtensions on input line 456.
))
(D:\programmas\Miktex\tex\latex\float\float.sty
Package: float 2001/11/08 v1.3d Float enhancements (AL)
\c@float@type=\count117
\float@exts=\toks31
\float@box=\box37
\@float@everytoks=\toks32
\@floatcapt=\box38
)
(D:\programmas\Miktex\tex\latex\multirow\multirow.sty
Package: multirow 2016/11/25 v2.2 Span multiple rows of a table
\multirow@colwidth=\skip55
\multirow@cntb=\count118
\multirow@dima=\skip56
\bigstrutjot=\dimen153
)
(D:\programmas\Miktex\tex\latex\tools\enumerate.sty
Package: enumerate 2015/07/23 v3.00 enumerate extensions (DPC)
\@enLab=\toks33
)
(D:\programmas\Miktex\tex\latex\listings\listings.sty
\lst@mode=\count119
\lst@gtempboxa=\box39
\lst@token=\toks34
\lst@length=\count120
\lst@currlwidth=\dimen154
\lst@column=\count121
\lst@pos=\count122
\lst@lostspace=\dimen155
\lst@width=\dimen156
\lst@newlines=\count123
\lst@lineno=\count124
\lst@maxwidth=\dimen157

(D:\programmas\Miktex\tex\latex\listings\lstmisc.sty
File: lstmisc.sty 2015/06/04 1.6 (Carsten Heinz)
\c@lstnumber=\count125
\lst@skipnumbers=\count126
\lst@framebox=\box40
)
(D:\programmas\Miktex\tex\latex\listings\listings.cfg
File: listings.cfg 2015/06/04 1.6 listings configuration
))
Package: listings 2015/06/04 1.6 (Carsten Heinz)

(Structural_Dynamics.aux)
\openout1 = `Structural_Dynamics.aux'.

LaTeX Font Info:    Checking defaults for OML/cmm/m/it on input line 37.
LaTeX Font Info:    ... okay on input line 37.
LaTeX Font Info:    Checking defaults for T1/cmr/m/n on input line 37.
LaTeX Font Info:    ... okay on input line 37.
LaTeX Font Info:    Checking defaults for OT1/cmr/m/n on input line 37.
LaTeX Font Info:    ... okay on input line 37.
LaTeX Font Info:    Checking defaults for OMS/cmsy/m/n on input line 37.
LaTeX Font Info:    ... okay on input line 37.
LaTeX Font Info:    Checking defaults for OMX/cmex/m/n on input line 37.
LaTeX Font Info:    ... okay on input line 37.
LaTeX Font Info:    Checking defaults for U/cmr/m/n on input line 37.
LaTeX Font Info:    ... okay on input line 37.
LaTeX Font Info:    Checking defaults for LGR/cmr/m/n on input line 37.
LaTeX Font Info:    Try loading font information for LGR+cmr on input line 37.
 (D:\programmas\Miktex\tex\latex\cbfonts-fd\lgrcmr.fd
File: lgrcmr.fd 2016/03/04 v1.1 Greek European Computer Regular
)
LaTeX Font Info:    ... okay on input line 37.
LaTeX Font Info:    Try loading font information for T1+phv on input line 37.
(D:\programmas\Miktex\tex\latex\psnfss\t1phv.fd
File: t1phv.fd 2001/06/04 scalable font definitions for T1/phv.
)
(D:\programmas\Miktex\tex\context\base\supp-pdf.mkii
[Loading MPS to PDF converter (version 2006.09.02).]
\scratchcounter=\count127
\scratchdimen=\dimen158
\scratchbox=\box41
\nofMPsegments=\count128
\nofMParguments=\count129
\everyMPshowfont=\toks35
\MPscratchCnt=\count130
\MPscratchDim=\dimen159
\MPnumerator=\count131
\makeMPintoPDFobject=\count132
\everyMPtoPDFconversion=\toks36
) ABD: EveryShipout initializing macros
LaTeX Info: Redefining \celsius on input line 37.
Package gensymb Info: Faking symbols for \degree and \celsius on input line 37.



Package gensymb Warning: Not defining \perthousand.

LaTeX Info: Redefining \ohm on input line 37.
Package gensymb Info: Using \Omega for \ohm on input line 37.

Package gensymb Warning: Not defining \micro.

\c@lstlisting=\count133
<tuelogo.pdf, id=4, 2004.28806pt x 426.78447pt>
File: tuelogo.pdf Graphic file (type pdf)
 <use tuelogo.pdf>
Package pdftex.def Info: tuelogo.pdf used on input line 38.
(pdftex.def)             Requested size: 199.16928pt x 42.40742pt.
LaTeX Font Info:    Font shape `T1/phv/bx/n' in size <10> not available
(Font)              Font shape `T1/phv/b/n' tried instead on input line 38.
LaTeX Font Info:    Font shape `T1/phv/bx/n' in size <8> not available
(Font)              Font shape `T1/phv/b/n' tried instead on input line 38.
LaTeX Font Info:    Font shape `T1/phv/bx/n' in size <6.5> not available
(Font)              Font shape `T1/phv/b/n' tried instead on input line 38.

Underfull \hbox (badness 10000) in paragraph at lines 38--38

 []


Underfull \hbox (badness 10000) in paragraph at lines 38--38

 []


Underfull \hbox (badness 10000) in paragraph at lines 38--38

 []

LaTeX Font Info:    Font shape `T1/phv/bx/n' in size <17> not available
(Font)              Font shape `T1/phv/b/n' tried instead on input line 38.
LaTeX Font Info:    Font shape `T1/phv/bx/n' in size <12> not available
(Font)              Font shape `T1/phv/b/n' tried instead on input line 38.

Overfull \hbox (82.58415pt too wide) in paragraph at lines 38--38
[] 
 []

[1

{C:/Users/s121814/AppData/Local/MiKTeX/2.9/pdftex/config/pdftex.map} <./tuelogo
.pdf>]
\oldheadrulewidth=\skip57
 (Structural_Dynamics.toc
File: tuelogo.pdf Graphic file (type pdf)
 <use tuelogo.pdf>
Package pdftex.def Info: tuelogo.pdf used on input line 32.
(pdftex.def)             Requested size: 199.16928pt x 42.40742pt.
 [1])
\tf@toc=\write4
\openout4 = `Structural_Dynamics.toc'.

File: tuelogo.pdf Graphic file (type pdf)
 <use tuelogo.pdf>
Package pdftex.def Info: tuelogo.pdf used on input line 40.
(pdftex.def)             Requested size: 199.16928pt x 42.40742pt.

[2]

Package Fancyhdr Warning: \fancyhead's `E' option without twoside option is use
less on input line 40.


Package Fancyhdr Warning: \fancyfoot's `E' option without twoside option is use
less on input line 40.

(chapters/Chapter1.tex
Chapter 1.
LaTeX Font Info:    Font shape `T1/phv/bx/n' in size <17.28> not available
(Font)              Font shape `T1/phv/b/n' tried instead on input line 1.
LaTeX Font Info:    Try loading font information for OMS+phv on input line 3.
(D:\programmas\Miktex\tex\latex\psnfss\omsphv.fd
File: omsphv.fd 
)
LaTeX Font Info:    Font shape `OMS/phv/m/n' in size <10> not available
(Font)              Font shape `OMS/cmsy/m/n' tried instead on input line 3.

Underfull \hbox (badness 10000) in paragraph at lines 3--4

 []


Underfull \hbox (badness 10000) in paragraph at lines 4--5

 []


Underfull \hbox (badness 10000) in paragraph at lines 5--6

 []


Underfull \hbox (badness 10000) in paragraph at lines 10--11

 []


Underfull \hbox (badness 10000) in paragraph at lines 12--13

 []


Underfull \hbox (badness 10000) in paragraph at lines 14--15

 []


Underfull \hbox (badness 10000) in paragraph at lines 16--17

 []

)
LaTeX Font Info:    Font shape `T1/phv/bx/n' in size <9> not available
(Font)              Font shape `T1/phv/b/n' tried instead on input line 44.
 [3


] (chapters/Chapter2.tex
Chapter 2.
LaTeX Font Info:    Font shape `T1/phv/bx/n' in size <14.4> not available
(Font)              Font shape `T1/phv/b/n' tried instead on input line 5.
<images/bodyframe.PNG, id=23, 342.68025pt x 239.09325pt>
File: images/bodyframe.PNG Graphic file (type png)

<use images/bodyframe.PNG>
Package pdftex.def Info: images/bodyframe.PNG used on input line 14.
(pdftex.def)             Requested size: 424.58624pt x 296.2573pt.
 [4

 <./images/bodyframe.PNG>]
Underfull \hbox (badness 10000) in paragraph at lines 45--46

 []


Underfull \hbox (badness 10000) in paragraph at lines 46--47

 []


Underfull \hbox (badness 10000) in paragraph at lines 47--48

 []


Underfull \hbox (badness 10000) in paragraph at lines 48--49

 []


LaTeX Warning: Reference `' on page 5 undefined on input line 53.

[5]

LaTeX Warning: Reference `eq:Fg' on page 6 undefined on input line 106.

[6]
Underfull \hbox (badness 10000) in paragraph at lines 164--166

 []

<images/Thrustprofiles.png, id=42, 526.96875pt x 395.22656pt>
File: images/Thrustprofiles.png Graphic file (type png)

<use images/Thrustprofiles.png>
Package pdftex.def Info: images/Thrustprofiles.png used on input line 169.
(pdftex.def)             Requested size: 424.58624pt x 318.45523pt.
 [7]
Underfull \hbox (badness 10000) in paragraph at lines 178--179

 []

[8 <./images/Thrustprofiles.png (PNG copy)>]
Underfull \hbox (badness 10000) in paragraph at lines 202--203

 []


Underfull \hbox (badness 10000) in paragraph at lines 216--217

 []


Underfull \hbox (badness 10000) in paragraph at lines 216--217

 []


Underfull \hbox (badness 10000) in paragraph at lines 218--219

 []

LaTeX Font Info:    Try loading font information for T1+pcr on input line 220.
(D:\programmas\Miktex\tex\latex\psnfss\t1pcr.fd
File: t1pcr.fd 2001/06/04 font definitions for T1/pcr.
)
Overfull \hbox (43.41376pt too wide) in paragraph at lines 220--221
[]$\T1/pcr/m/n/10 https : / / conservancy . umn . edu / bitstream / handle / 11
299 / 182514 / Habeck _ UROP % 20Final %
 []


Underfull \hbox (badness 10000) in paragraph at lines 220--221

 []

) [9] (chapters/Chapter3.tex
Chapter 3.
<images/ardupilotbase.PNG, id=53, 900.36375pt x 763.85374pt>
File: images/ardupilotbase.PNG Graphic file (type png)

<use images/ardupilotbase.PNG>
Package pdftex.def Info: images/ardupilotbase.PNG used on input line 8.
(pdftex.def)             Requested size: 424.58624pt x 360.2118pt.

<images/ardupilotbasezoom.PNG, id=54, 432.86719pt x 444.15938pt>
File: images/ardupilotbasezoom.PNG Graphic file (type png)

<use images/ardupilotbasezoom.PNG>
Package pdftex.def Info: images/ardupilotbasezoom.PNG used on input line 17.
(pdftex.def)             Requested size: 424.58624pt x 435.67984pt.
 [10

 <./images/ardupilotbase.PNG (PNG copy)>]
Underfull \hbox (badness 10000) in paragraph at lines 29--30

 []

[11 <./images/ardupilotbasezoom.PNG>]
Underfull \hbox (badness 10000) in paragraph at lines 31--32

 []


Underfull \hbox (badness 10000) in paragraph at lines 33--34

 []


Underfull \hbox (badness 10000) in paragraph at lines 35--36

 []

<images/Attitudecontrol.PNG, id=62, 844.65562pt x 528.47438pt>
File: images/Attitudecontrol.PNG Graphic file (type png)

<use images/Attitudecontrol.PNG>
Package pdftex.def Info: images/Attitudecontrol.PNG used on input line 48.
(pdftex.def)             Requested size: 424.58624pt x 265.65578pt.
 [12]
Underfull \hbox (badness 10000) in paragraph at lines 59--62

 []

) [13 <./images/Attitudecontrol.PNG>] (chapters/Chapter9.tex
Chapter 4.

Underfull \hbox (badness 10000) in paragraph at lines 4--5

 []


Underfull \hbox (badness 10000) in paragraph at lines 6--7

 []

) [14

] (chapters/Chapter4.tex
Chapter 5.

Underfull \hbox (badness 10000) in paragraph at lines 2--3

 []


Underfull \hbox (badness 10000) in paragraph at lines 5--7

 []

<images/positionreference.png, id=74, 667.293pt x 396.88275pt>
File: images/positionreference.png Graphic file (type png)

<use images/positionreference.png>
Package pdftex.def Info: images/positionreference.png used on input line 12.
(pdftex.def)             Requested size: 382.12502pt x 227.2732pt.
 [15

]
Underfull \hbox (badness 10000) in paragraph at lines 20--21

 []

<images/nearwallgraph.PNG, id=78, 545.6385pt x 405.9165pt>
File: images/nearwallgraph.PNG Graphic file (type png)

<use images/nearwallgraph.PNG>
Package pdftex.def Info: images/nearwallgraph.PNG used on input line 32.
(pdftex.def)             Requested size: 212.29312pt x 157.92897pt.
 [16 <./images/positionreference.png>]
Overfull \hbox (131.49521pt too wide) in paragraph at lines 37--39
[]\T1/phv/m/n/10 Extra in-for-ma-tion about the not uni-formly dis-tri-bu-tion 
over the pro-peller. $\OML/cmm/m/it/10 https \OT1/cmr/m/n/10 : \OML/cmm/m/it/10
 ==www:mathworks:com=videos=programming \OMS/cmsy/m/n/10  
 []


Underfull \hbox (badness 10000) in paragraph at lines 41--42

 []


Underfull \hbox (badness 10000) in paragraph at lines 45--46

 []


Underfull \hbox (badness 10000) in paragraph at lines 46--47

 []


Overfull \hbox (6.90323pt too wide) in paragraph at lines 47--49
\T1/pcr/m/n/10 http : / / ieeexplore . ieee . org / stamp / stamp . jsp ? arnum
ber = 6842357$ \T1/phv/m/n/10 see the dis-
 []


Underfull \hbox (badness 10000) in paragraph at lines 47--49

 []


Underfull \hbox (badness 10000) in paragraph at lines 51--52

 []

)
Underfull \hbox (badness 10000) in paragraph at lines 55--54

 []

[17 <./images/nearwallgraph.PNG>] (chapters/Chapter5.tex
Chapter 6.

Underfull \hbox (badness 10000) in paragraph at lines 2--3

 []


LaTeX Warning: Reference `fig:rollratestep' on page 18 undefined on input line 
5.

<images/RateControllerTuning.png, id=87, 1433.355pt x 724.95844pt>
File: images/RateControllerTuning.png Graphic file (type png)

<use images/RateControllerTuning.png>
Package pdftex.def Info: images/RateControllerTuning.png used on input line 9.
(pdftex.def)             Requested size: 339.67029pt x 171.79225pt.

<images/Attitudestepresponse.png, id=88, 526.96875pt x 395.22656pt>
File: images/Attitudestepresponse.png Graphic file (type png)

<use images/Attitudestepresponse.png>
Package pdftex.def Info: images/Attitudestepresponse.png used on input line 19.

(pdftex.def)             Requested size: 339.67029pt x 254.76538pt.
 [18

 <./images/RateControllerTuning.png (PNG copy)>] [19 <./images/Attitudestepresp
onse.png (PNG copy)>]
<images/DOBCscheme.png, id=96, 918.43124pt x 463.13025pt>
File: images/DOBCscheme.png Graphic file (type png)

<use images/DOBCscheme.png>
Package pdftex.def Info: images/DOBCscheme.png used on input line 88.
(pdftex.def)             Requested size: 339.67029pt x 171.28484pt.
) [20 <./images/DOBCscheme.png>]
(chapters/Chapter7.tex
Chapter 7.
<images/route-planning.PNG, id=101, 293.898pt x 660.66824pt>
File: images/route-planning.PNG Graphic file (type png)

<use images/route-planning.PNG>
Package pdftex.def Info: images/route-planning.PNG used on input line 13.
(pdftex.def)             Requested size: 127.37717pt x 286.33994pt.
 [21

]) [22 <./images/route-planning.PNG>]
(chapters/Chapter8.tex
Chapter 8.

Underfull \hbox (badness 10000) in paragraph at lines 2--3

 []


Underfull \hbox (badness 10000) in paragraph at lines 4--5

 []

)
Underfull \hbox (badness 10000) in paragraph at lines 6--62

 []

[23

] (chapters/ChapterDiscussion.tex
Chapter 9.

Underfull \hbox (badness 10000) in paragraph at lines 3--4

 []


Underfull \hbox (badness 10000) in paragraph at lines 6--13

 []

[24

]) [25] (Structural_Dynamics.aux)

LaTeX Warning: There were undefined references.

 ) 
Here is how much of TeX's memory you used:
 13441 strings out of 493343
 239064 string characters out of 3142503
 286265 words of memory out of 3000000
 16610 multiletter control sequences out of 15000+200000
 49249 words of font info for 56 fonts, out of 3000000 for 9000
 1141 hyphenation exceptions out of 8191
 55i,17n,51p,1121b,625s stack positions out of 5000i,500n,10000p,200000b,50000s
{D:/programmas/Miktex/fonts/enc/dvips/base/8r.enc}<D:/programmas/Miktex/fonts
/type1/public/amsfonts/cm/cmex10.pfb><D:/programmas/Miktex/fonts/type1/public/a
msfonts/cm/cmmi10.pfb><D:/programmas/Miktex/fonts/type1/public/amsfonts/cm/cmmi
7.pfb><D:/programmas/Miktex/fonts/type1/public/amsfonts/cm/cmr10.pfb><D:/progra
mmas/Miktex/fonts/type1/public/amsfonts/cm/cmr7.pfb><D:/programmas/Miktex/fonts
/type1/public/amsfonts/cm/cmsy10.pfb><D:/programmas/Miktex/fonts/type1/public/a
msfonts/cm/cmsy7.pfb><D:/programmas/Miktex/fonts/type1/urw/courier/ucrr8a.pfb><
D:/programmas/Miktex/fonts/type1/urw/helvetic/uhvb8a.pfb><D:/programmas/Miktex/
fonts/type1/urw/helvetic/uhvr8a.pfb>
Output written on Structural_Dynamics.pdf (26 pages, 618652 bytes).
PDF statistics:
 151 PDF objects out of 1000 (max. 8388607)
 0 named destinations out of 1000 (max. 500000)
 73 words of extra memory for PDF output out of 10000 (max. 10000000)

